【登录信息】
*3fdba2c5f00025dda579a913c60ea513*
`登陆天数: 24天 / 675天
等级: 130
石头: 4103
呼符: 340
体力: 28.323333333333338 / 138
友情点: 0 / 342725`
_2024-07-01 04:22:41_
--------
*da60cce66253dbd8e346f74e0f8d6529*
`登陆天数: 24天 / 676天
等级: 130
石头: 4111
呼符: 323
体力: 28.290000000000006 / 138
友情点: 0 / 356100`
_2024-07-01 04:22:50_
--------
*18814a262eb2305d76cdd73e940b0200*
`登陆天数: 24天 / 675天
等级: 130
石头: 4099
呼符: 228
体力: 28.260000000000005 / 138
友情点: 0 / 362305`
_2024-07-01 04:22:58_
--------
*03d5478dd7def7e2cbc7d4e5520dc0b7*
`登陆天数: 24天 / 676天
等级: 130
石头: 4120
呼符: 318
体力: 28.233333333333334 / 138
友情点: 0 / 356005`
_2024-07-01 04:23:06_
--------
*be234d0b7e1e5a857742866fc7b07a83*
`登陆天数: 24天 / 676天
等级: 130
石头: 4111
呼符: 44
体力: 28.203333333333333 / 138
友情点: 0 / 393650`
_2024-07-01 04:23:14_
--------
*4566ac8b3f1bd3b8b9365cdeb8d202fa*
`登陆天数: 24天 / 676天
等级: 130
石头: 4051
呼符: 274
体力: 28.176666666666662 / 138
友情点: 0 / 354890`
_2024-07-01 04:23:21_
--------
*3bf566d061a3eba5cf40d541daf6eba0*
`登陆天数: 24天 / 676天
等级: 130
石头: 4114
呼符: 321
体力: 28.14666666666666 / 138
友情点: 0 / 352095`
_2024-07-01 04:23:29_
--------
*7f5dd9bb7f0e2b710dc362ba9c47bdaf*
`登陆天数: 24天 / 675天
等级: 130
石头: 4104
呼符: 335
体力: 28.11666666666666 / 138
友情点: 0 / 343555`
_2024-07-01 04:23:37_
--------
*2c808dffc62a12a23571f635ec6b0c75*
`登陆天数: 24天 / 675天
等级: 130
石头: 4090
呼符: 193
体力: 28.086666666666673 / 138
友情点: 0 / 357625`
_2024-07-01 04:23:45_
--------
*6e8fc3fc5680765849f7c7c4a9c2fd19*
`登陆天数: 24天 / 676天
等级: 130
石头: 4113
呼符: 341
体力: 28.056666666666672 / 138
友情点: 0 / 346925`
_2024-07-01 04:23:52_
--------
*1e79ec2a138d2732b231e928549209a8*
`登陆天数: 24天 / 675天
等级: 130
石头: 4091
呼符: 143
体力: 28.02666666666667 / 138
友情点: 0 / 380360`
_2024-07-01 04:24:00_
--------
*f597df4d52f38647122d8346570148e6*
`登陆天数: 24天 / 676天
等级: 130
石头: 4095
呼符: 226
体力: 27.99666666666667 / 138
友情点: 0 / 359955`
_2024-07-01 04:24:08_
--------
*5a4fbb2687b49571d8909cc29d80c8d3*
`登陆天数: 24天 / 675天
等级: 130
石头: 4109
呼符: 135
体力: 27.96666666666667 / 138
友情点: 0 / 388390`
_2024-07-01 04:24:16_
--------
*d8c8e287f3f93a7464029398313a3432*
`登陆天数: 24天 / 675天
等级: 130
石头: 4095
呼符: 333
体力: 27.936666666666667 / 138
友情点: 0 / 354660`
_2024-07-01 04:24:24_
--------
*60ea15c6e0ebdf27d96f7f10cdbee1ee*
`登陆天数: 24天 / 675天
等级: 130
石头: 4105
呼符: 187
体力: 27.909999999999997 / 138
友情点: 0 / 376560`
_2024-07-01 04:24:31_
--------
*7bc2aa65a4b5f92b29225d89d6a332d2*
`登陆天数: 24天 / 676天
等级: 130
石头: 4107
呼符: 221
体力: 27.879999999999995 / 138
友情点: 0 / 359945`
_2024-07-01 04:24:39_
--------
*34920cf09fea1f69f794416a0f39d3e7*
`登陆天数: 24天 / 675天
等级: 130
石头: 4095
呼符: 243
体力: 27.85333333333334 / 138
友情点: 0 / 360930`
_2024-07-01 04:24:47_
--------
*27f46d4ae5df5d41759c532579ea6261*
`登陆天数: 24天 / 675天
等级: 130
石头: 4112
呼符: 107
体力: 27.823333333333338 / 138
友情点: 0 / 376820`
_2024-07-01 04:24:54_
--------
*66714f5930d6634bd9f26106b93d4364*
`登陆天数: 24天 / 675天
等级: 130
石头: 4105
呼符: 333
体力: 27.796666666666667 / 138
友情点: 0 / 349030`
_2024-07-01 04:25:02_
--------
*dbb170460e91580b341a3f1c6493a326*
`登陆天数: 24天 / 676天
等级: 130
石头: 4110
呼符: 292
体力: 27.766666666666666 / 138
友情点: 0 / 358060`
_2024-07-01 04:25:10_
--------
*c751f06233300594fac5f4b31ee91c6b*
`登陆天数: 24天 / 675天
等级: 130
石头: 4114
呼符: 158
体力: 27.733333333333334 / 138
友情点: 0 / 380125`
_2024-07-01 04:25:17_
--------
*2d5640b611ac848e184ae56b9f4cecda*
`登陆天数: 24天 / 676天
等级: 130
石头: 4097
呼符: 312
体力: 27.696666666666673 / 138
友情点: 0 / 354565`
_2024-07-01 04:25:25_
--------
*25341b97612b196f12e2ca665c9853c4*
`登陆天数: 24天 / 675天
等级: 130
石头: 4105
呼符: 334
体力: 27.66666666666667 / 138
友情点: 0 / 344440`
_2024-07-01 04:25:33_
--------
*a622df33b2381b40390c58680ba3af84*
`登陆天数: 24天 / 676天
等级: 130
石头: 4110
呼符: 293
体力: 27.64 / 138
友情点: 0 / 348785`
_2024-07-01 04:25:41_
--------
*30e9724d24c2525d9141ec788ebb78f3*
`登陆天数: 24天 / 676天
等级: 130
石头: 4110
呼符: 285
体力: 27.61 / 138
友情点: 0 / 354205`
_2024-07-01 04:25:49_
--------
*acdd634d76cb18780772997c9b7faed3*
`登陆天数: 24天 / 676天
等级: 130
石头: 4095
呼符: 224
体力: 27.58 / 138
友情点: 0 / 365685`
_2024-07-01 04:25:56_
--------
*05029aa47c8d24f5cb5177a640ae7f95*
`登陆天数: 24天 / 676天
等级: 130
石头: 4093
呼符: 186
体力: 27.549999999999997 / 138
友情点: 0 / 370555`
_2024-07-01 04:26:04_
--------
*585e3459b862732d0481950e99a3d5d9*
`登陆天数: 24天 / 676天
等级: 130
石头: 4108
呼符: 49
体力: 27.519999999999996 / 138
友情点: 0 / 391130`
_2024-07-01 04:26:12_
--------
*c0fa7c5a894f587da17f072179baf3f0*
`登陆天数: 24天 / 675天
等级: 130
石头: 4095
呼符: 43
体力: 27.49333333333334 / 138
友情点: 0 / 390250`
_2024-07-01 04:26:20_
--------
*9c96aed585d80fe5ec949b3f3323f72a*
`登陆天数: 24天 / 675天
等级: 130
石头: 4105
呼符: 135
体力: 27.46333333333334 / 138
友情点: 0 / 383725`
_2024-07-01 04:26:28_
--------
*bd775ddaa4fc303f73b4b11acee8e3cb*
`登陆天数: 24天 / 675天
等级: 130
石头: 4114
呼符: 283
体力: 27.433333333333337 / 138
友情点: 0 / 360080`
_2024-07-01 04:26:35_
--------
*769b35637fdb5bdbfc98640dea0af385*
`登陆天数: 24天 / 676天
等级: 130
石头: 4109
呼符: 251
体力: 27.406666666666666 / 138
友情点: 0 / 370520`
_2024-07-01 04:26:43_
--------
*ffeba13220583f1c68d1776049c8a453*
`登陆天数: 24天 / 675天
等级: 130
石头: 4094
呼符: 337
体力: 27.376666666666665 / 138
友情点: 0 / 348340`
_2024-07-01 04:26:51_
--------
*372e6da6bb3dc5bce05342a8045a20ae*
`登陆天数: 24天 / 675天
等级: 130
石头: 4094
呼符: 43
体力: 27.346666666666664 / 138
友情点: 0 / 386035`
_2024-07-01 04:26:59_
--------
*82da978a061d7301f3a3aaffa2815ee5*
`登陆天数: 24天 / 675天
等级: 130
石头: 4100
呼符: 157
体力: 27.319999999999993 / 138
友情点: 0 / 371545`
_2024-07-01 04:27:07_
--------
*d16b3fd59ca36208c5b80332f39d126b*
`登陆天数: 24天 / 675天
等级: 130
石头: 4098
呼符: 111
体力: 27.290000000000006 / 138
友情点: 0 / 376755`
_2024-07-01 04:27:15_
--------
*4d316bf598657c85c540609418271f05*
`登陆天数: 24天 / 675天
等级: 130
石头: 4102
呼符: 334
体力: 27.266666666666666 / 138
友情点: 0 / 356555`
_2024-07-01 04:27:23_
--------
*c8cb05374732f15bdbdd63e862e47de0*
`登陆天数: 24天 / 676天
等级: 130
石头: 4085
呼符: 146
体力: 27.236666666666665 / 138
友情点: 0 / 372880`
_2024-07-01 04:27:31_
--------
*09289e08583c6b966fb2a8c320174075*
`登陆天数: 24天 / 676天
等级: 130
石头: 4098
呼符: 331
体力: 27.209999999999994 / 138
友情点: 0 / 347780`
_2024-07-01 04:27:39_
--------
*ea2bf78dcb2d0d62f1c5a7d9a98b5606*
`登陆天数: 24天 / 675天
等级: 130
石头: 4093
呼符: 317
体力: 27.180000000000007 / 138
友情点: 0 / 355555`
_2024-07-01 04:27:46_
--------
*ee9b77ab7dd1dfc97d0ce7ba62833a98*
`登陆天数: 24天 / 675天
等级: 130
石头: 4113
呼符: 120
体力: 27.153333333333336 / 138
友情点: 0 / 373490`
_2024-07-01 04:27:54_
--------
*61088cc40fd6b0bc6833933d28ed3de3*
`登陆天数: 24天 / 676天
等级: 130
石头: 4107
呼符: 44
体力: 27.123333333333335 / 138
友情点: 0 / 396845`
_2024-07-01 04:28:02_
--------
*81bfc10defefd33ce627e03848afd4a1*
`登陆天数: 24天 / 675天
等级: 130
石头: 4094
呼符: 258
体力: 27.093333333333334 / 138
友情点: 0 / 360400`
_2024-07-01 04:28:10_
--------
*c7926b8c584eeca611fff54168dbacf0*
`登陆天数: 24天 / 675天
等级: 130
石头: 4096
呼符: 282
体力: 27.066666666666663 / 138
友情点: 0 / 361490`
_2024-07-01 04:28:18_
--------
*9c41e532b5b35509c4e205e5f6d71516*
`登陆天数: 24天 / 675天
等级: 130
石头: 4109
呼符: 328
体力: 27.040000000000006 / 138
友情点: 0 / 349385`
_2024-07-01 04:28:25_
--------
*5260047b3ad76138031db245436cefac*
`登陆天数: 24天 / 676天
等级: 130
石头: 4084
呼符: 316
体力: 27.010000000000005 / 138
友情点: 0 / 359155`
_2024-07-01 04:28:33_
--------
*83ecba44fc600de9d766730ec961be45*
`登陆天数: 24天 / 676天
等级: 130
石头: 4113
呼符: 222
体力: 26.983333333333334 / 138
友情点: 0 / 366110`
_2024-07-01 04:28:42_
--------
*9ff904b87e4941c2dc6354cee5594ba0*
`登陆天数: 24天 / 675天
等级: 130
石头: 4090
呼符: 253
体力: 26.956666666666663 / 138
友情点: 0 / 360110`
_2024-07-01 04:28:49_
--------
*575718672d8ebb23a6a368d5950ea3f9*
`登陆天数: 24天 / 675天
等级: 130
石头: 4107
呼符: 321
体力: 26.930000000000007 / 138
友情点: 0 / 348430`
_2024-07-01 04:28:58_
--------
*a2d701ff4c15c728056da94e68b57ae2*
`登陆天数: 39天 / 677天
等级: 130
石头: 4095
呼符: 335
体力: 29.60333333333334 / 138
友情点: 0 / 348890`
_2024-07-01 04:29:05_
--------
