【登录信息】
*3fdba2c5f00025dda579a913c60ea513*
`登陆天数: 14天 / 651天
等级: 130
石头: 4013
呼符: 321
体力: 15892.456666666667 / 138
友情点: 0 / 466725`
*連続ログイン7日間到達おめでとうございます！
明日は1日目からリスタートされます。*
`獣の足跡 X 1
呼符 X 1
6月交換券(2024) X 1
`*カルデア・サマーアドベンチャー！ アンケート復刻版 開幕記念 ログインボーナス*
*開催期間中、1日1回 最大21回 ログインボーナスをプレゼント！*
`白銀の果実 X 1
`_2024-06-06 04:30:58_
--------
*da60cce66253dbd8e346f74e0f8d6529*
`登陆天数: 14天 / 652天
等级: 130
石头: 4023
呼符: 304
体力: 15892.483333333334 / 138
友情点: 0 / 466100`
*連続ログイン7日間到達おめでとうございます！
明日は1日目からリスタートされます。*
`獣の足跡 X 1
呼符 X 1
6月交換券(2024) X 1
`*カルデア・サマーアドベンチャー！ アンケート復刻版 開幕記念 ログインボーナス*
*開催期間中、1日1回 最大21回 ログインボーナスをプレゼント！*
`白銀の果実 X 1
`_2024-06-06 04:31:05_
--------
*18814a262eb2305d76cdd73e940b0200*
`登陆天数: 14天 / 651天
等级: 130
石头: 4009
呼符: 209
体力: 15892.51 / 138
友情点: 0 / 468305`
*連続ログイン7日間到達おめでとうございます！
明日は1日目からリスタートされます。*
`獣の足跡 X 1
呼符 X 1
6月交換券(2024) X 1
`*カルデア・サマーアドベンチャー！ アンケート復刻版 開幕記念 ログインボーナス*
*開催期間中、1日1回 最大21回 ログインボーナスをプレゼント！*
`白銀の果実 X 1
`_2024-06-06 04:31:13_
--------
*03d5478dd7def7e2cbc7d4e5520dc0b7*
`登陆天数: 14天 / 652天
等级: 130
石头: 4032
呼符: 299
体力: 15892.536666666667 / 138
友情点: 0 / 468005`
*連続ログイン7日間到達おめでとうございます！
明日は1日目からリスタートされます。*
`獣の足跡 X 1
呼符 X 1
6月交換券(2024) X 1
`*カルデア・サマーアドベンチャー！ アンケート復刻版 開幕記念 ログインボーナス*
*開催期間中、1日1回 最大21回 ログインボーナスをプレゼント！*
`白銀の果実 X 1
`_2024-06-06 04:31:21_
--------
*be234d0b7e1e5a857742866fc7b07a83*
`登陆天数: 14天 / 652天
等级: 130
石头: 4023
呼符: 25
体力: 15892.563333333334 / 138
友情点: 0 / 467650`
*連続ログイン7日間到達おめでとうございます！
明日は1日目からリスタートされます。*
`獣の足跡 X 1
呼符 X 1
6月交換券(2024) X 1
`*カルデア・サマーアドベンチャー！ アンケート復刻版 開幕記念 ログインボーナス*
*開催期間中、1日1回 最大21回 ログインボーナスをプレゼント！*
`白銀の果実 X 1
`_2024-06-06 04:31:29_
--------
*4566ac8b3f1bd3b8b9365cdeb8d202fa*
`登陆天数: 14天 / 652天
等级: 130
石头: 3963
呼符: 255
体力: 15892.59 / 138
友情点: 0 / 466890`
*連続ログイン7日間到達おめでとうございます！
明日は1日目からリスタートされます。*
`獣の足跡 X 1
呼符 X 1
6月交換券(2024) X 1
`*カルデア・サマーアドベンチャー！ アンケート復刻版 開幕記念 ログインボーナス*
*開催期間中、1日1回 最大21回 ログインボーナスをプレゼント！*
`白銀の果実 X 1
`_2024-06-06 04:31:37_
--------
*3bf566d061a3eba5cf40d541daf6eba0*
`登陆天数: 14天 / 652天
等级: 130
石头: 4026
呼符: 302
体力: 15892.616666666667 / 138
友情点: 0 / 466095`
*連続ログイン7日間到達おめでとうございます！
明日は1日目からリスタートされます。*
`獣の足跡 X 1
呼符 X 1
6月交換券(2024) X 1
`*カルデア・サマーアドベンチャー！ アンケート復刻版 開幕記念 ログインボーナス*
*開催期間中、1日1回 最大21回 ログインボーナスをプレゼント！*
`白銀の果実 X 1
`_2024-06-06 04:31:45_
--------
*7f5dd9bb7f0e2b710dc362ba9c47bdaf*
`登陆天数: 14天 / 651天
等级: 130
石头: 4014
呼符: 316
体力: 15892.643333333333 / 138
友情点: 0 / 467555`
*連続ログイン7日間到達おめでとうございます！
明日は1日目からリスタートされます。*
`獣の足跡 X 1
呼符 X 1
6月交換券(2024) X 1
`*カルデア・サマーアドベンチャー！ アンケート復刻版 開幕記念 ログインボーナス*
*開催期間中、1日1回 最大21回 ログインボーナスをプレゼント！*
`白銀の果実 X 1
`_2024-06-06 04:31:53_
--------
*2c808dffc62a12a23571f635ec6b0c75*
`登陆天数: 14天 / 651天
等级: 130
石头: 4000
呼符: 174
体力: 15892.67 / 138
友情点: 0 / 467625`
*連続ログイン7日間到達おめでとうございます！
明日は1日目からリスタートされます。*
`獣の足跡 X 1
呼符 X 1
6月交換券(2024) X 1
`*カルデア・サマーアドベンチャー！ アンケート復刻版 開幕記念 ログインボーナス*
*開催期間中、1日1回 最大21回 ログインボーナスをプレゼント！*
`白銀の果実 X 1
`_2024-06-06 04:32:01_
--------
*6e8fc3fc5680765849f7c7c4a9c2fd19*
`登陆天数: 14天 / 652天
等级: 130
石头: 4025
呼符: 322
体力: 15892.696666666667 / 138
友情点: 0 / 466925`
*連続ログイン7日間到達おめでとうございます！
明日は1日目からリスタートされます。*
`獣の足跡 X 1
呼符 X 1
6月交換券(2024) X 1
`*カルデア・サマーアドベンチャー！ アンケート復刻版 開幕記念 ログインボーナス*
*開催期間中、1日1回 最大21回 ログインボーナスをプレゼント！*
`白銀の果実 X 1
`_2024-06-06 04:32:09_
--------
*1e79ec2a138d2732b231e928549209a8*
`登陆天数: 14天 / 651天
等级: 130
石头: 4001
呼符: 124
体力: 15892.723333333333 / 138
友情点: 0 / 468360`
*連続ログイン7日間到達おめでとうございます！
明日は1日目からリスタートされます。*
`獣の足跡 X 1
呼符 X 1
6月交換券(2024) X 1
`*カルデア・サマーアドベンチャー！ アンケート復刻版 開幕記念 ログインボーナス*
*開催期間中、1日1回 最大21回 ログインボーナスをプレゼント！*
`白銀の果実 X 1
`_2024-06-06 04:32:18_
--------
*f597df4d52f38647122d8346570148e6*
`登陆天数: 14天 / 652天
等级: 130
石头: 4007
呼符: 207
体力: 15892.75 / 138
友情点: 0 / 465955`
*連続ログイン7日間到達おめでとうございます！
明日は1日目からリスタートされます。*
`獣の足跡 X 1
呼符 X 1
6月交換券(2024) X 1
`*カルデア・サマーアドベンチャー！ アンケート復刻版 開幕記念 ログインボーナス*
*開催期間中、1日1回 最大21回 ログインボーナスをプレゼント！*
`白銀の果実 X 1
`_2024-06-06 04:32:25_
--------
*5a4fbb2687b49571d8909cc29d80c8d3*
`登陆天数: 14天 / 651天
等级: 130
石头: 4019
呼符: 116
体力: 15892.776666666667 / 138
友情点: 0 / 468390`
*連続ログイン7日間到達おめでとうございます！
明日は1日目からリスタートされます。*
`獣の足跡 X 1
呼符 X 1
6月交換券(2024) X 1
`*カルデア・サマーアドベンチャー！ アンケート復刻版 開幕記念 ログインボーナス*
*開催期間中、1日1回 最大21回 ログインボーナスをプレゼント！*
`白銀の果実 X 1
`_2024-06-06 04:32:33_
--------
*d8c8e287f3f93a7464029398313a3432*
`登陆天数: 14天 / 651天
等级: 130
石头: 4005
呼符: 314
体力: 15892.803333333333 / 138
友情点: 0 / 468660`
*連続ログイン7日間到達おめでとうございます！
明日は1日目からリスタートされます。*
`獣の足跡 X 1
呼符 X 1
6月交換券(2024) X 1
`*カルデア・サマーアドベンチャー！ アンケート復刻版 開幕記念 ログインボーナス*
*開催期間中、1日1回 最大21回 ログインボーナスをプレゼント！*
`白銀の果実 X 1
`_2024-06-06 04:32:41_
--------
*60ea15c6e0ebdf27d96f7f10cdbee1ee*
`登陆天数: 14天 / 651天
等级: 130
石头: 4015
呼符: 168
体力: 15892.83 / 138
友情点: 0 / 468560`
*連続ログイン7日間到達おめでとうございます！
明日は1日目からリスタートされます。*
`獣の足跡 X 1
呼符 X 1
6月交換券(2024) X 1
`*カルデア・サマーアドベンチャー！ アンケート復刻版 開幕記念 ログインボーナス*
*開催期間中、1日1回 最大21回 ログインボーナスをプレゼント！*
`白銀の果実 X 1
`_2024-06-06 04:32:49_
--------
*7bc2aa65a4b5f92b29225d89d6a332d2*
`登陆天数: 14天 / 652天
等级: 130
石头: 4019
呼符: 202
体力: 15892.856666666667 / 138
友情点: 0 / 465945`
*連続ログイン7日間到達おめでとうございます！
明日は1日目からリスタートされます。*
`獣の足跡 X 1
呼符 X 1
6月交換券(2024) X 1
`*カルデア・サマーアドベンチャー！ アンケート復刻版 開幕記念 ログインボーナス*
*開催期間中、1日1回 最大21回 ログインボーナスをプレゼント！*
`白銀の果実 X 1
`_2024-06-06 04:32:57_
--------
*34920cf09fea1f69f794416a0f39d3e7*
`登陆天数: 14天 / 651天
等级: 130
石头: 4005
呼符: 224
体力: 15892.883333333333 / 138
友情点: 0 / 468930`
*連続ログイン7日間到達おめでとうございます！
明日は1日目からリスタートされます。*
`獣の足跡 X 1
呼符 X 1
6月交換券(2024) X 1
`*カルデア・サマーアドベンチャー！ アンケート復刻版 開幕記念 ログインボーナス*
*開催期間中、1日1回 最大21回 ログインボーナスをプレゼント！*
`白銀の果実 X 1
`_2024-06-06 04:33:05_
--------
*27f46d4ae5df5d41759c532579ea6261*
`登陆天数: 14天 / 651天
等级: 130
石头: 4022
呼符: 88
体力: 15892.91 / 138
友情点: 0 / 468820`
*連続ログイン7日間到達おめでとうございます！
明日は1日目からリスタートされます。*
`獣の足跡 X 1
呼符 X 1
6月交換券(2024) X 1
`*カルデア・サマーアドベンチャー！ アンケート復刻版 開幕記念 ログインボーナス*
*開催期間中、1日1回 最大21回 ログインボーナスをプレゼント！*
`白銀の果実 X 1
`_2024-06-06 04:33:13_
--------
*66714f5930d6634bd9f26106b93d4364*
`登陆天数: 14天 / 651天
等级: 130
石头: 4015
呼符: 314
体力: 15892.936666666666 / 138
友情点: 0 / 469030`
*連続ログイン7日間到達おめでとうございます！
明日は1日目からリスタートされます。*
`獣の足跡 X 1
呼符 X 1
6月交換券(2024) X 1
`*カルデア・サマーアドベンチャー！ アンケート復刻版 開幕記念 ログインボーナス*
*開催期間中、1日1回 最大21回 ログインボーナスをプレゼント！*
`白銀の果実 X 1
`_2024-06-06 04:33:21_
--------
*dbb170460e91580b341a3f1c6493a326*
`登陆天数: 14天 / 652天
等级: 130
石头: 4022
呼符: 273
体力: 15892.96 / 138
友情点: 0 / 468060`
*連続ログイン7日間到達おめでとうございます！
明日は1日目からリスタートされます。*
`獣の足跡 X 1
呼符 X 1
6月交換券(2024) X 1
`*カルデア・サマーアドベンチャー！ アンケート復刻版 開幕記念 ログインボーナス*
*開催期間中、1日1回 最大21回 ログインボーナスをプレゼント！*
`白銀の果実 X 1
`_2024-06-06 04:33:29_
--------
*c751f06233300594fac5f4b31ee91c6b*
`登陆天数: 14天 / 651天
等级: 130
石头: 4024
呼符: 139
体力: 15892.986666666666 / 138
友情点: 0 / 470125`
*連続ログイン7日間到達おめでとうございます！
明日は1日目からリスタートされます。*
`獣の足跡 X 1
呼符 X 1
6月交換券(2024) X 1
`*カルデア・サマーアドベンチャー！ アンケート復刻版 開幕記念 ログインボーナス*
*開催期間中、1日1回 最大21回 ログインボーナスをプレゼント！*
`白銀の果実 X 1
`_2024-06-06 04:33:37_
--------
*2d5640b611ac848e184ae56b9f4cecda*
`登陆天数: 14天 / 652天
等级: 130
石头: 4009
呼符: 293
体力: 15893.013333333334 / 138
友情点: 0 / 466565`
*連続ログイン7日間到達おめでとうございます！
明日は1日目からリスタートされます。*
`獣の足跡 X 1
呼符 X 1
6月交換券(2024) X 1
`*カルデア・サマーアドベンチャー！ アンケート復刻版 開幕記念 ログインボーナス*
*開催期間中、1日1回 最大21回 ログインボーナスをプレゼント！*
`白銀の果実 X 1
`_2024-06-06 04:33:44_
--------
*25341b97612b196f12e2ca665c9853c4*
`登陆天数: 14天 / 651天
等级: 130
石头: 4015
呼符: 315
体力: 15893.04 / 138
友情点: 0 / 468440`
*連続ログイン7日間到達おめでとうございます！
明日は1日目からリスタートされます。*
`獣の足跡 X 1
呼符 X 1
6月交換券(2024) X 1
`*カルデア・サマーアドベンチャー！ アンケート復刻版 開幕記念 ログインボーナス*
*開催期間中、1日1回 最大21回 ログインボーナスをプレゼント！*
`白銀の果実 X 1
`_2024-06-06 04:33:52_
--------
*a622df33b2381b40390c58680ba3af84*
`登陆天数: 14天 / 652天
等级: 130
石头: 4022
呼符: 274
体力: 15893.066666666668 / 138
友情点: 0 / 466785`
*連続ログイン7日間到達おめでとうございます！
明日は1日目からリスタートされます。*
`獣の足跡 X 1
呼符 X 1
6月交換券(2024) X 1
`*カルデア・サマーアドベンチャー！ アンケート復刻版 開幕記念 ログインボーナス*
*開催期間中、1日1回 最大21回 ログインボーナスをプレゼント！*
`白銀の果実 X 1
`_2024-06-06 04:34:01_
--------
*30e9724d24c2525d9141ec788ebb78f3*
`登陆天数: 14天 / 652天
等级: 130
石头: 4022
呼符: 266
体力: 15893.093333333334 / 138
友情点: 0 / 466205`
*連続ログイン7日間到達おめでとうございます！
明日は1日目からリスタートされます。*
`獣の足跡 X 1
呼符 X 1
6月交換券(2024) X 1
`*カルデア・サマーアドベンチャー！ アンケート復刻版 開幕記念 ログインボーナス*
*開催期間中、1日1回 最大21回 ログインボーナスをプレゼント！*
`白銀の果実 X 1
`_2024-06-06 04:34:09_
--------
*acdd634d76cb18780772997c9b7faed3*
`登陆天数: 14天 / 652天
等级: 130
石头: 4007
呼符: 205
体力: 15893.12 / 138
友情点: 0 / 465685`
*連続ログイン7日間到達おめでとうございます！
明日は1日目からリスタートされます。*
`獣の足跡 X 1
呼符 X 1
6月交換券(2024) X 1
`*カルデア・サマーアドベンチャー！ アンケート復刻版 開幕記念 ログインボーナス*
*開催期間中、1日1回 最大21回 ログインボーナスをプレゼント！*
`白銀の果実 X 1
`_2024-06-06 04:34:17_
--------
*05029aa47c8d24f5cb5177a640ae7f95*
`登陆天数: 14天 / 652天
等级: 130
石头: 4005
呼符: 167
体力: 15893.146666666667 / 138
友情点: 0 / 466555`
*連続ログイン7日間到達おめでとうございます！
明日は1日目からリスタートされます。*
`獣の足跡 X 1
呼符 X 1
6月交換券(2024) X 1
`*カルデア・サマーアドベンチャー！ アンケート復刻版 開幕記念 ログインボーナス*
*開催期間中、1日1回 最大21回 ログインボーナスをプレゼント！*
`白銀の果実 X 1
`_2024-06-06 04:34:24_
--------
*585e3459b862732d0481950e99a3d5d9*
`登陆天数: 14天 / 652天
等级: 130
石头: 4020
呼符: 30
体力: 15893.17 / 138
友情点: 0 / 467130`
*連続ログイン7日間到達おめでとうございます！
明日は1日目からリスタートされます。*
`獣の足跡 X 1
呼符 X 1
6月交換券(2024) X 1
`*カルデア・サマーアドベンチャー！ アンケート復刻版 開幕記念 ログインボーナス*
*開催期間中、1日1回 最大21回 ログインボーナスをプレゼント！*
`白銀の果実 X 1
`_2024-06-06 04:34:32_
--------
*c0fa7c5a894f587da17f072179baf3f0*
`登陆天数: 14天 / 651天
等级: 130
石头: 4005
呼符: 24
体力: 15893.2 / 138
友情点: 0 / 468250`
*連続ログイン7日間到達おめでとうございます！
明日は1日目からリスタートされます。*
`獣の足跡 X 1
呼符 X 1
6月交換券(2024) X 1
`*カルデア・サマーアドベンチャー！ アンケート復刻版 開幕記念 ログインボーナス*
*開催期間中、1日1回 最大21回 ログインボーナスをプレゼント！*
`白銀の果実 X 1
`_2024-06-06 04:34:40_
--------
*9c96aed585d80fe5ec949b3f3323f72a*
`登陆天数: 14天 / 651天
等级: 130
石头: 4015
呼符: 116
体力: 15893.226666666667 / 138
友情点: 0 / 467725`
*連続ログイン7日間到達おめでとうございます！
明日は1日目からリスタートされます。*
`獣の足跡 X 1
呼符 X 1
6月交換券(2024) X 1
`*カルデア・サマーアドベンチャー！ アンケート復刻版 開幕記念 ログインボーナス*
*開催期間中、1日1回 最大21回 ログインボーナスをプレゼント！*
`白銀の果実 X 1
`_2024-06-06 04:34:49_
--------
*bd775ddaa4fc303f73b4b11acee8e3cb*
`登陆天数: 14天 / 651天
等级: 130
石头: 4024
呼符: 264
体力: 15893.256666666666 / 138
友情点: 0 / 470080`
*連続ログイン7日間到達おめでとうございます！
明日は1日目からリスタートされます。*
`獣の足跡 X 1
呼符 X 1
6月交換券(2024) X 1
`*カルデア・サマーアドベンチャー！ アンケート復刻版 開幕記念 ログインボーナス*
*開催期間中、1日1回 最大21回 ログインボーナスをプレゼント！*
`白銀の果実 X 1
`_2024-06-06 04:34:57_
--------
*769b35637fdb5bdbfc98640dea0af385*
`登陆天数: 14天 / 652天
等级: 130
石头: 4021
呼符: 232
体力: 15893.283333333333 / 138
友情点: 0 / 468520`
*連続ログイン7日間到達おめでとうございます！
明日は1日目からリスタートされます。*
`獣の足跡 X 1
呼符 X 1
6月交換券(2024) X 1
`*カルデア・サマーアドベンチャー！ アンケート復刻版 開幕記念 ログインボーナス*
*開催期間中、1日1回 最大21回 ログインボーナスをプレゼント！*
`白銀の果実 X 1
`_2024-06-06 04:35:05_
--------
*ffeba13220583f1c68d1776049c8a453*
`登陆天数: 14天 / 651天
等级: 130
石头: 4004
呼符: 318
体力: 15893.306666666667 / 138
友情点: 0 / 468340`
*連続ログイン7日間到達おめでとうございます！
明日は1日目からリスタートされます。*
`獣の足跡 X 1
呼符 X 1
6月交換券(2024) X 1
`*カルデア・サマーアドベンチャー！ アンケート復刻版 開幕記念 ログインボーナス*
*開催期間中、1日1回 最大21回 ログインボーナスをプレゼント！*
`白銀の果実 X 1
`_2024-06-06 04:35:13_
--------
*372e6da6bb3dc5bce05342a8045a20ae*
`登陆天数: 14天 / 651天
等级: 130
石头: 4004
呼符: 24
体力: 15893.333333333334 / 138
友情点: 0 / 468035`
*連続ログイン7日間到達おめでとうございます！
明日は1日目からリスタートされます。*
`獣の足跡 X 1
呼符 X 1
6月交換券(2024) X 1
`*カルデア・サマーアドベンチャー！ アンケート復刻版 開幕記念 ログインボーナス*
*開催期間中、1日1回 最大21回 ログインボーナスをプレゼント！*
`白銀の果実 X 1
`_2024-06-06 04:35:21_
--------
*82da978a061d7301f3a3aaffa2815ee5*
`登陆天数: 14天 / 651天
等级: 130
石头: 4010
呼符: 138
体力: 15893.363333333333 / 138
友情点: 0 / 467545`
*連続ログイン7日間到達おめでとうございます！
明日は1日目からリスタートされます。*
`獣の足跡 X 1
呼符 X 1
6月交換券(2024) X 1
`*カルデア・サマーアドベンチャー！ アンケート復刻版 開幕記念 ログインボーナス*
*開催期間中、1日1回 最大21回 ログインボーナスをプレゼント！*
`白銀の果実 X 1
`_2024-06-06 04:35:29_
--------
*d16b3fd59ca36208c5b80332f39d126b*
`登陆天数: 14天 / 651天
等级: 130
石头: 4008
呼符: 92
体力: 15893.386666666667 / 138
友情点: 0 / 468755`
*連続ログイン7日間到達おめでとうございます！
明日は1日目からリスタートされます。*
`獣の足跡 X 1
呼符 X 1
6月交換券(2024) X 1
`*カルデア・サマーアドベンチャー！ アンケート復刻版 開幕記念 ログインボーナス*
*開催期間中、1日1回 最大21回 ログインボーナスをプレゼント！*
`白銀の果実 X 1
`_2024-06-06 04:35:37_
--------
*4d316bf598657c85c540609418271f05*
`登陆天数: 14天 / 651天
等级: 130
石头: 4012
呼符: 315
体力: 15893.413333333334 / 138
友情点: 0 / 468555`
*連続ログイン7日間到達おめでとうございます！
明日は1日目からリスタートされます。*
`獣の足跡 X 1
呼符 X 1
6月交換券(2024) X 1
`*カルデア・サマーアドベンチャー！ アンケート復刻版 開幕記念 ログインボーナス*
*開催期間中、1日1回 最大21回 ログインボーナスをプレゼント！*
`白銀の果実 X 1
`_2024-06-06 04:35:45_
--------
*c8cb05374732f15bdbdd63e862e47de0*
`登陆天数: 14天 / 652天
等级: 130
石头: 3997
呼符: 127
体力: 15893.436666666666 / 138
友情点: 0 / 466880`
*連続ログイン7日間到達おめでとうございます！
明日は1日目からリスタートされます。*
`獣の足跡 X 1
呼符 X 1
6月交換券(2024) X 1
`*カルデア・サマーアドベンチャー！ アンケート復刻版 開幕記念 ログインボーナス*
*開催期間中、1日1回 最大21回 ログインボーナスをプレゼント！*
`白銀の果実 X 1
`_2024-06-06 04:35:52_
--------
*09289e08583c6b966fb2a8c320174075*
`登陆天数: 14天 / 652天
等级: 130
石头: 4010
呼符: 312
体力: 15893.463333333333 / 138
友情点: 0 / 465780`
*連続ログイン7日間到達おめでとうございます！
明日は1日目からリスタートされます。*
`獣の足跡 X 1
呼符 X 1
6月交換券(2024) X 1
`*カルデア・サマーアドベンチャー！ アンケート復刻版 開幕記念 ログインボーナス*
*開催期間中、1日1回 最大21回 ログインボーナスをプレゼント！*
`白銀の果実 X 1
`_2024-06-06 04:36:01_
--------
*ea2bf78dcb2d0d62f1c5a7d9a98b5606*
`登陆天数: 14天 / 651天
等级: 130
石头: 4003
呼符: 298
体力: 15893.493333333334 / 138
友情点: 0 / 469555`
*連続ログイン7日間到達おめでとうございます！
明日は1日目からリスタートされます。*
`獣の足跡 X 1
呼符 X 1
6月交換券(2024) X 1
`*カルデア・サマーアドベンチャー！ アンケート復刻版 開幕記念 ログインボーナス*
*開催期間中、1日1回 最大21回 ログインボーナスをプレゼント！*
`白銀の果実 X 1
`_2024-06-06 04:36:09_
--------
*ee9b77ab7dd1dfc97d0ce7ba62833a98*
`登陆天数: 14天 / 651天
等级: 130
石头: 4023
呼符: 101
体力: 15893.52 / 138
友情点: 0 / 469490`
*連続ログイン7日間到達おめでとうございます！
明日は1日目からリスタートされます。*
`獣の足跡 X 1
呼符 X 1
6月交換券(2024) X 1
`*カルデア・サマーアドベンチャー！ アンケート復刻版 開幕記念 ログインボーナス*
*開催期間中、1日1回 最大21回 ログインボーナスをプレゼント！*
`白銀の果実 X 1
`_2024-06-06 04:36:17_
--------
*61088cc40fd6b0bc6833933d28ed3de3*
`登陆天数: 14天 / 652天
等级: 130
石头: 4019
呼符: 25
体力: 15893.543333333333 / 138
友情点: 0 / 466845`
*連続ログイン7日間到達おめでとうございます！
明日は1日目からリスタートされます。*
`獣の足跡 X 1
呼符 X 1
6月交換券(2024) X 1
`*カルデア・サマーアドベンチャー！ アンケート復刻版 開幕記念 ログインボーナス*
*開催期間中、1日1回 最大21回 ログインボーナスをプレゼント！*
`白銀の果実 X 1
`_2024-06-06 04:36:25_
--------
*81bfc10defefd33ce627e03848afd4a1*
`登陆天数: 14天 / 651天
等级: 130
石头: 4004
呼符: 239
体力: 15893.57 / 138
友情点: 0 / 468400`
*連続ログイン7日間到達おめでとうございます！
明日は1日目からリスタートされます。*
`獣の足跡 X 1
呼符 X 1
6月交換券(2024) X 1
`*カルデア・サマーアドベンチャー！ アンケート復刻版 開幕記念 ログインボーナス*
*開催期間中、1日1回 最大21回 ログインボーナスをプレゼント！*
`白銀の果実 X 1
`_2024-06-06 04:36:32_
--------
*c7926b8c584eeca611fff54168dbacf0*
`登陆天数: 14天 / 651天
等级: 130
石头: 4006
呼符: 263
体力: 15893.6 / 138
友情点: 0 / 469490`
*連続ログイン7日間到達おめでとうございます！
明日は1日目からリスタートされます。*
`獣の足跡 X 1
呼符 X 1
6月交換券(2024) X 1
`*カルデア・サマーアドベンチャー！ アンケート復刻版 開幕記念 ログインボーナス*
*開催期間中、1日1回 最大21回 ログインボーナスをプレゼント！*
`白銀の果実 X 1
`_2024-06-06 04:36:40_
--------
*9c41e532b5b35509c4e205e5f6d71516*
`登陆天数: 14天 / 651天
等级: 130
石头: 4019
呼符: 309
体力: 15893.626666666667 / 138
友情点: 0 / 469385`
*連続ログイン7日間到達おめでとうございます！
明日は1日目からリスタートされます。*
`獣の足跡 X 1
呼符 X 1
6月交換券(2024) X 1
`*カルデア・サマーアドベンチャー！ アンケート復刻版 開幕記念 ログインボーナス*
*開催期間中、1日1回 最大21回 ログインボーナスをプレゼント！*
`白銀の果実 X 1
`_2024-06-06 04:36:48_
--------
*5260047b3ad76138031db245436cefac*
`登陆天数: 14天 / 652天
等级: 130
石头: 3996
呼符: 297
体力: 15893.64 / 138
友情点: 0 / 465155`
*連続ログイン7日間到達おめでとうございます！
明日は1日目からリスタートされます。*
`獣の足跡 X 1
呼符 X 1
6月交換券(2024) X 1
`*カルデア・サマーアドベンチャー！ アンケート復刻版 開幕記念 ログインボーナス*
*開催期間中、1日1回 最大21回 ログインボーナスをプレゼント！*
`白銀の果実 X 1
`_2024-06-06 04:36:56_
--------
*83ecba44fc600de9d766730ec961be45*
`登陆天数: 14天 / 652天
等级: 130
石头: 4025
呼符: 203
体力: 15893.68 / 138
友情点: 0 / 466110`
*連続ログイン7日間到達おめでとうございます！
明日は1日目からリスタートされます。*
`獣の足跡 X 1
呼符 X 1
6月交換券(2024) X 1
`*カルデア・サマーアドベンチャー！ アンケート復刻版 開幕記念 ログインボーナス*
*開催期間中、1日1回 最大21回 ログインボーナスをプレゼント！*
`白銀の果実 X 1
`_2024-06-06 04:37:04_
--------
*9ff904b87e4941c2dc6354cee5594ba0*
`登陆天数: 14天 / 651天
等级: 130
石头: 4000
呼符: 234
体力: 15893.696666666667 / 138
友情点: 0 / 468110`
*連続ログイン7日間到達おめでとうございます！
明日は1日目からリスタートされます。*
`獣の足跡 X 1
呼符 X 1
6月交換券(2024) X 1
`*カルデア・サマーアドベンチャー！ アンケート復刻版 開幕記念 ログインボーナス*
*開催期間中、1日1回 最大21回 ログインボーナスをプレゼント！*
`白銀の果実 X 1
`_2024-06-06 04:37:12_
--------
*575718672d8ebb23a6a368d5950ea3f9*
`登陆天数: 14天 / 651天
等级: 130
石头: 4017
呼符: 302
体力: 15893.726666666667 / 138
友情点: 0 / 468430`
*連続ログイン7日間到達おめでとうございます！
明日は1日目からリスタートされます。*
`獣の足跡 X 1
呼符 X 1
6月交換券(2024) X 1
`*カルデア・サマーアドベンチャー！ アンケート復刻版 開幕記念 ログインボーナス*
*開催期間中、1日1回 最大21回 ログインボーナスをプレゼント！*
`白銀の果実 X 1
`_2024-06-06 04:37:20_
--------
*a2d701ff4c15c728056da94e68b57ae2*
`登陆天数: 14天 / 652天
等级: 130
石头: 4006
呼符: 316
体力: 15893.756666666666 / 138
友情点: 0 / 466890`
_2024-06-06 04:37:28_
--------
