【登录信息】
*3fdba2c5f00025dda579a913c60ea513*
`登陆天数: 2天 / 653天
等级: 130
石头: 4064
呼符: 330
体力: 18.38666666666667 / 138
友情点: 0 / 468725`
_2024-06-09 04:30:57_
--------
*da60cce66253dbd8e346f74e0f8d6529*
`登陆天数: 2天 / 654天
等级: 130
石头: 4072
呼符: 313
体力: 18.35666666666667 / 138
友情点: 0 / 470100`
_2024-06-09 04:31:04_
--------
*18814a262eb2305d76cdd73e940b0200*
`登陆天数: 2天 / 653天
等级: 130
石头: 4060
呼符: 218
体力: 18.326666666666668 / 138
友情点: 0 / 470305`
_2024-06-09 04:31:12_
--------
*03d5478dd7def7e2cbc7d4e5520dc0b7*
`登陆天数: 2天 / 654天
等级: 130
石头: 4081
呼符: 308
体力: 18.296666666666667 / 138
友情点: 0 / 472005`
_2024-06-09 04:31:20_
--------
*be234d0b7e1e5a857742866fc7b07a83*
`登陆天数: 2天 / 654天
等级: 130
石头: 4072
呼符: 34
体力: 18.266666666666666 / 138
友情点: 0 / 471650`
_2024-06-09 04:31:28_
--------
*4566ac8b3f1bd3b8b9365cdeb8d202fa*
`登陆天数: 2天 / 654天
等级: 130
石头: 4012
呼符: 264
体力: 18.239999999999995 / 138
友情点: 0 / 470890`
_2024-06-09 04:31:36_
--------
*3bf566d061a3eba5cf40d541daf6eba0*
`登陆天数: 2天 / 654天
等级: 130
石头: 4075
呼符: 311
体力: 18.21333333333334 / 138
友情点: 0 / 470095`
_2024-06-09 04:31:43_
--------
*7f5dd9bb7f0e2b710dc362ba9c47bdaf*
`登陆天数: 2天 / 653天
等级: 130
石头: 4065
呼符: 325
体力: 18.183333333333337 / 138
友情点: 0 / 469555`
_2024-06-09 04:31:51_
--------
*2c808dffc62a12a23571f635ec6b0c75*
`登陆天数: 2天 / 653天
等级: 130
石头: 4051
呼符: 183
体力: 18.153333333333336 / 138
友情点: 0 / 469625`
_2024-06-09 04:31:59_
--------
*6e8fc3fc5680765849f7c7c4a9c2fd19*
`登陆天数: 2天 / 654天
等级: 130
石头: 4074
呼符: 331
体力: 18.126666666666665 / 138
友情点: 0 / 470925`
_2024-06-09 04:32:06_
--------
*1e79ec2a138d2732b231e928549209a8*
`登陆天数: 2天 / 653天
等级: 130
石头: 4052
呼符: 133
体力: 18.096666666666664 / 138
友情点: 0 / 470360`
_2024-06-09 04:32:14_
--------
*f597df4d52f38647122d8346570148e6*
`登陆天数: 2天 / 654天
等级: 130
石头: 4056
呼符: 216
体力: 18.066666666666663 / 138
友情点: 0 / 469955`
_2024-06-09 04:32:22_
--------
*5a4fbb2687b49571d8909cc29d80c8d3*
`登陆天数: 2天 / 653天
等级: 130
石头: 4070
呼符: 125
体力: 18.040000000000006 / 138
友情点: 0 / 470390`
_2024-06-09 04:32:29_
--------
*d8c8e287f3f93a7464029398313a3432*
`登陆天数: 2天 / 653天
等级: 130
石头: 4056
呼符: 323
体力: 18.010000000000005 / 138
友情点: 0 / 470660`
_2024-06-09 04:32:37_
--------
*60ea15c6e0ebdf27d96f7f10cdbee1ee*
`登陆天数: 2天 / 653天
等级: 130
石头: 4066
呼符: 177
体力: 17.983333333333334 / 138
友情点: 0 / 470560`
_2024-06-09 04:32:45_
--------
*7bc2aa65a4b5f92b29225d89d6a332d2*
`登陆天数: 2天 / 654天
等级: 130
石头: 4068
呼符: 211
体力: 17.956666666666663 / 138
友情点: 0 / 469945`
_2024-06-09 04:32:52_
--------
*34920cf09fea1f69f794416a0f39d3e7*
`登陆天数: 2天 / 653天
等级: 130
石头: 4056
呼符: 233
体力: 17.926666666666662 / 138
友情点: 0 / 470930`
_2024-06-09 04:33:00_
--------
*27f46d4ae5df5d41759c532579ea6261*
`登陆天数: 2天 / 653天
等级: 130
石头: 4073
呼符: 97
体力: 17.900000000000006 / 138
友情点: 0 / 470820`
_2024-06-09 04:33:08_
--------
*66714f5930d6634bd9f26106b93d4364*
`登陆天数: 2天 / 653天
等级: 130
石头: 4066
呼符: 323
体力: 17.870000000000005 / 138
友情点: 0 / 471030`
_2024-06-09 04:33:16_
--------
*dbb170460e91580b341a3f1c6493a326*
`登陆天数: 2天 / 654天
等级: 130
石头: 4071
呼符: 282
体力: 17.843333333333334 / 138
友情点: 0 / 472060`
_2024-06-09 04:33:24_
--------
*c751f06233300594fac5f4b31ee91c6b*
`登陆天数: 2天 / 653天
等级: 130
石头: 4075
呼符: 148
体力: 17.813333333333333 / 138
友情点: 0 / 472125`
_2024-06-09 04:33:31_
--------
*2d5640b611ac848e184ae56b9f4cecda*
`登陆天数: 2天 / 654天
等级: 130
石头: 4058
呼符: 302
体力: 17.78666666666666 / 138
友情点: 0 / 470565`
_2024-06-09 04:33:39_
--------
*25341b97612b196f12e2ca665c9853c4*
`登陆天数: 2天 / 653天
等级: 130
石头: 4066
呼符: 324
体力: 17.75666666666666 / 138
友情点: 0 / 470440`
_2024-06-09 04:33:47_
--------
*a622df33b2381b40390c58680ba3af84*
`登陆天数: 2天 / 654天
等级: 130
石头: 4071
呼符: 283
体力: 17.730000000000004 / 138
友情点: 0 / 470785`
_2024-06-09 04:33:54_
--------
*30e9724d24c2525d9141ec788ebb78f3*
`登陆天数: 2天 / 654天
等级: 130
石头: 4071
呼符: 275
体力: 17.700000000000003 / 138
友情点: 0 / 470205`
_2024-06-09 04:34:02_
--------
*acdd634d76cb18780772997c9b7faed3*
`登陆天数: 2天 / 654天
等级: 130
石头: 4056
呼符: 214
体力: 17.67 / 138
友情点: 0 / 469685`
_2024-06-09 04:34:10_
--------
*05029aa47c8d24f5cb5177a640ae7f95*
`登陆天数: 2天 / 654天
等级: 130
石头: 4054
呼符: 176
体力: 17.64333333333333 / 138
友情点: 0 / 470555`
_2024-06-09 04:34:18_
--------
*585e3459b862732d0481950e99a3d5d9*
`登陆天数: 2天 / 654天
等级: 130
石头: 4069
呼符: 39
体力: 17.61666666666666 / 138
友情点: 0 / 471130`
_2024-06-09 04:34:25_
--------
*c0fa7c5a894f587da17f072179baf3f0*
`登陆天数: 2天 / 653天
等级: 130
石头: 4056
呼符: 33
体力: 17.58333333333333 / 138
友情点: 0 / 470250`
_2024-06-09 04:34:33_
--------
*9c96aed585d80fe5ec949b3f3323f72a*
`登陆天数: 2天 / 653天
等级: 130
石头: 4066
呼符: 125
体力: 17.556666666666672 / 138
友情点: 0 / 469725`
_2024-06-09 04:34:40_
--------
*bd775ddaa4fc303f73b4b11acee8e3cb*
`登陆天数: 2天 / 653天
等级: 130
石头: 4075
呼符: 273
体力: 17.53 / 138
友情点: 0 / 472080`
_2024-06-09 04:34:48_
--------
*769b35637fdb5bdbfc98640dea0af385*
`登陆天数: 2天 / 654天
等级: 130
石头: 4070
呼符: 241
体力: 17.5 / 138
友情点: 0 / 472520`
_2024-06-09 04:34:56_
--------
*ffeba13220583f1c68d1776049c8a453*
`登陆天数: 2天 / 653天
等级: 130
石头: 4055
呼符: 327
体力: 17.47 / 138
友情点: 0 / 470340`
_2024-06-09 04:35:04_
--------
*372e6da6bb3dc5bce05342a8045a20ae*
`登陆天数: 2天 / 653天
等级: 130
石头: 4055
呼符: 33
体力: 17.443333333333328 / 138
友情点: 0 / 470035`
_2024-06-09 04:35:11_
--------
*82da978a061d7301f3a3aaffa2815ee5*
`登陆天数: 2天 / 653天
等级: 130
石头: 4061
呼符: 147
体力: 17.413333333333327 / 138
友情点: 0 / 469545`
_2024-06-09 04:35:19_
--------
*d16b3fd59ca36208c5b80332f39d126b*
`登陆天数: 2天 / 653天
等级: 130
石头: 4059
呼符: 101
体力: 17.38666666666667 / 138
友情点: 0 / 470755`
_2024-06-09 04:35:26_
--------
*4d316bf598657c85c540609418271f05*
`登陆天数: 2天 / 653天
等级: 130
石头: 4063
呼符: 324
体力: 17.35666666666667 / 138
友情点: 0 / 470555`
_2024-06-09 04:35:34_
--------
*c8cb05374732f15bdbdd63e862e47de0*
`登陆天数: 2天 / 654天
等级: 130
石头: 4046
呼符: 136
体力: 17.326666666666668 / 138
友情点: 0 / 470880`
_2024-06-09 04:35:42_
--------
*09289e08583c6b966fb2a8c320174075*
`登陆天数: 2天 / 654天
等级: 130
石头: 4059
呼符: 321
体力: 17.299999999999997 / 138
友情点: 0 / 469780`
_2024-06-09 04:35:50_
--------
*ea2bf78dcb2d0d62f1c5a7d9a98b5606*
`登陆天数: 2天 / 653天
等级: 130
石头: 4054
呼符: 307
体力: 17.273333333333326 / 138
友情点: 0 / 471555`
_2024-06-09 04:35:57_
--------
*ee9b77ab7dd1dfc97d0ce7ba62833a98*
`登陆天数: 2天 / 653天
等级: 130
石头: 4074
呼符: 110
体力: 17.24666666666667 / 138
友情点: 0 / 471490`
_2024-06-09 04:36:05_
--------
*61088cc40fd6b0bc6833933d28ed3de3*
`登陆天数: 2天 / 654天
等级: 130
石头: 4068
呼符: 34
体力: 17.21333333333334 / 138
友情点: 0 / 470845`
_2024-06-09 04:36:13_
--------
*81bfc10defefd33ce627e03848afd4a1*
`登陆天数: 2天 / 653天
等级: 130
石头: 4055
呼符: 248
体力: 17.186666666666667 / 138
友情点: 0 / 470400`
_2024-06-09 04:36:20_
--------
*c7926b8c584eeca611fff54168dbacf0*
`登陆天数: 2天 / 653天
等级: 130
石头: 4057
呼符: 272
体力: 17.159999999999997 / 138
友情点: 0 / 471490`
_2024-06-09 04:36:28_
--------
*9c41e532b5b35509c4e205e5f6d71516*
`登陆天数: 2天 / 653天
等级: 130
石头: 4070
呼符: 318
体力: 17.129999999999995 / 138
友情点: 0 / 471385`
_2024-06-09 04:36:36_
--------
*5260047b3ad76138031db245436cefac*
`登陆天数: 2天 / 654天
等级: 130
石头: 4045
呼符: 306
体力: 17.10333333333334 / 138
友情点: 0 / 469155`
_2024-06-09 04:36:43_
--------
*83ecba44fc600de9d766730ec961be45*
`登陆天数: 2天 / 654天
等级: 130
石头: 4074
呼符: 212
体力: 17.073333333333338 / 138
友情点: 0 / 470110`
_2024-06-09 04:36:51_
--------
*9ff904b87e4941c2dc6354cee5594ba0*
`登陆天数: 2天 / 653天
等级: 130
石头: 4051
呼符: 243
体力: 17.046666666666667 / 138
友情点: 0 / 470110`
_2024-06-09 04:36:59_
--------
*575718672d8ebb23a6a368d5950ea3f9*
`登陆天数: 2天 / 653天
等级: 130
石头: 4068
呼符: 311
体力: 17.019999999999996 / 138
友情点: 0 / 470430`
_2024-06-09 04:37:06_
--------
*a2d701ff4c15c728056da94e68b57ae2*
`登陆天数: 17天 / 655天
等级: 130
石头: 4006
呼符: 316
体力: 16757.713333333333 / 138
友情点: 0 / 466890`
_2024-06-09 04:37:14_
--------
