【登录信息】
*3fdba2c5f00025dda579a913c60ea513*
`登陆天数: 3天 / 654天
等级: 130
石头: 4064
呼符: 330
体力: 27.33 / 138
友情点: 0 / 462725`
_2024-06-10 04:35:40_
--------
*da60cce66253dbd8e346f74e0f8d6529*
`登陆天数: 3天 / 655天
等级: 130
石头: 4072
呼符: 313
体力: 27.299999999999997 / 138
友情点: 0 / 464100`
_2024-06-10 04:35:47_
--------
*18814a262eb2305d76cdd73e940b0200*
`登陆天数: 3天 / 654天
等级: 130
石头: 4060
呼符: 218
体力: 27.269999999999996 / 138
友情点: 0 / 464305`
_2024-06-10 04:35:55_
--------
*03d5478dd7def7e2cbc7d4e5520dc0b7*
`登陆天数: 3天 / 655天
等级: 130
石头: 4081
呼符: 308
体力: 27.239999999999995 / 138
友情点: 0 / 466005`
_2024-06-10 04:36:03_
--------
*be234d0b7e1e5a857742866fc7b07a83*
`登陆天数: 3天 / 655天
等级: 130
石头: 4072
呼符: 34
体力: 27.209999999999994 / 138
友情点: 0 / 465650`
_2024-06-10 04:36:10_
--------
*4566ac8b3f1bd3b8b9365cdeb8d202fa*
`登陆天数: 3天 / 655天
等级: 130
石头: 4012
呼符: 264
体力: 27.183333333333337 / 138
友情点: 0 / 464890`
_2024-06-10 04:36:18_
--------
*3bf566d061a3eba5cf40d541daf6eba0*
`登陆天数: 3天 / 655天
等级: 130
石头: 4075
呼符: 311
体力: 27.156666666666666 / 138
友情点: 0 / 464095`
_2024-06-10 04:36:26_
--------
*7f5dd9bb7f0e2b710dc362ba9c47bdaf*
`登陆天数: 3天 / 654天
等级: 130
石头: 4065
呼符: 325
体力: 27.129999999999995 / 138
友情点: 0 / 463555`
_2024-06-10 04:36:34_
--------
*2c808dffc62a12a23571f635ec6b0c75*
`登陆天数: 3天 / 654天
等级: 130
石头: 4051
呼符: 183
体力: 27.099999999999994 / 138
友情点: 0 / 463625`
_2024-06-10 04:36:42_
--------
*6e8fc3fc5680765849f7c7c4a9c2fd19*
`登陆天数: 3天 / 655天
等级: 130
石头: 4074
呼符: 331
体力: 27.073333333333338 / 138
友情点: 0 / 464925`
_2024-06-10 04:36:50_
--------
*1e79ec2a138d2732b231e928549209a8*
`登陆天数: 3天 / 654天
等级: 130
石头: 4052
呼符: 133
体力: 27.046666666666667 / 138
友情点: 0 / 464360`
_2024-06-10 04:36:58_
--------
*f597df4d52f38647122d8346570148e6*
`登陆天数: 3天 / 655天
等级: 130
石头: 4056
呼符: 216
体力: 27.016666666666666 / 138
友情点: 0 / 463955`
_2024-06-10 04:37:06_
--------
*5a4fbb2687b49571d8909cc29d80c8d3*
`登陆天数: 3天 / 654天
等级: 130
石头: 4070
呼符: 125
体力: 26.989999999999995 / 138
友情点: 0 / 464390`
_2024-06-10 04:37:14_
--------
*d8c8e287f3f93a7464029398313a3432*
`登陆天数: 3天 / 654天
等级: 130
石头: 4056
呼符: 323
体力: 26.96333333333334 / 138
友情点: 0 / 464660`
_2024-06-10 04:37:22_
--------
*60ea15c6e0ebdf27d96f7f10cdbee1ee*
`登陆天数: 3天 / 654天
等级: 130
石头: 4066
呼符: 177
体力: 26.933333333333337 / 138
友情点: 0 / 464560`
_2024-06-10 04:37:30_
--------
*7bc2aa65a4b5f92b29225d89d6a332d2*
`登陆天数: 3天 / 655天
等级: 130
石头: 4068
呼符: 211
体力: 26.909999999999997 / 138
友情点: 0 / 463945`
_2024-06-10 04:37:38_
--------
*34920cf09fea1f69f794416a0f39d3e7*
`登陆天数: 3天 / 654天
等级: 130
石头: 4056
呼符: 233
体力: 26.879999999999995 / 138
友情点: 0 / 464930`
_2024-06-10 04:37:46_
--------
*27f46d4ae5df5d41759c532579ea6261*
`登陆天数: 3天 / 654天
等级: 130
石头: 4073
呼符: 97
体力: 26.85333333333334 / 138
友情点: 0 / 464820`
_2024-06-10 04:37:54_
--------
*66714f5930d6634bd9f26106b93d4364*
`登陆天数: 3天 / 654天
等级: 130
石头: 4066
呼符: 323
体力: 26.826666666666668 / 138
友情点: 0 / 465030`
_2024-06-10 04:38:02_
--------
*dbb170460e91580b341a3f1c6493a326*
`登陆天数: 3天 / 655天
等级: 130
石头: 4071
呼符: 282
体力: 26.796666666666667 / 138
友情点: 0 / 466060`
_2024-06-10 04:38:10_
--------
*c751f06233300594fac5f4b31ee91c6b*
`登陆天数: 3天 / 654天
等级: 130
石头: 4075
呼符: 148
体力: 26.766666666666666 / 138
友情点: 0 / 466125`
_2024-06-10 04:38:18_
--------
*2d5640b611ac848e184ae56b9f4cecda*
`登陆天数: 3天 / 655天
等级: 130
石头: 4058
呼符: 302
体力: 26.739999999999995 / 138
友情点: 0 / 464565`
_2024-06-10 04:38:25_
--------
*25341b97612b196f12e2ca665c9853c4*
`登陆天数: 3天 / 654天
等级: 130
石头: 4066
呼符: 324
体力: 26.71333333333334 / 138
友情点: 0 / 464440`
_2024-06-10 04:38:33_
--------
*a622df33b2381b40390c58680ba3af84*
`登陆天数: 3天 / 655天
等级: 130
石头: 4071
呼符: 283
体力: 26.686666666666667 / 138
友情点: 0 / 464785`
_2024-06-10 04:38:41_
--------
*30e9724d24c2525d9141ec788ebb78f3*
`登陆天数: 3天 / 655天
等级: 130
石头: 4071
呼符: 275
体力: 26.656666666666666 / 138
友情点: 0 / 464205`
_2024-06-10 04:38:49_
--------
*acdd634d76cb18780772997c9b7faed3*
`登陆天数: 3天 / 655天
等级: 130
石头: 4056
呼符: 214
体力: 26.629999999999995 / 138
友情点: 0 / 463685`
_2024-06-10 04:38:57_
--------
*05029aa47c8d24f5cb5177a640ae7f95*
`登陆天数: 3天 / 655天
等级: 130
石头: 4054
呼符: 176
体力: 26.60333333333334 / 138
友情点: 0 / 464555`
_2024-06-10 04:39:05_
--------
*585e3459b862732d0481950e99a3d5d9*
`登陆天数: 3天 / 655天
等级: 130
石头: 4069
呼符: 39
体力: 26.576666666666668 / 138
友情点: 0 / 465130`
_2024-06-10 04:39:13_
--------
*c0fa7c5a894f587da17f072179baf3f0*
`登陆天数: 3天 / 654天
等级: 130
石头: 4056
呼符: 33
体力: 26.546666666666667 / 138
友情点: 0 / 464250`
_2024-06-10 04:39:21_
--------
*9c96aed585d80fe5ec949b3f3323f72a*
`登陆天数: 3天 / 654天
等级: 130
石头: 4066
呼符: 125
体力: 26.519999999999996 / 138
友情点: 0 / 463725`
_2024-06-10 04:39:29_
--------
*bd775ddaa4fc303f73b4b11acee8e3cb*
`登陆天数: 3天 / 654天
等级: 130
石头: 4075
呼符: 273
体力: 26.49333333333334 / 138
友情点: 0 / 466080`
_2024-06-10 04:39:37_
--------
*769b35637fdb5bdbfc98640dea0af385*
`登陆天数: 3天 / 655天
等级: 130
石头: 4070
呼符: 241
体力: 26.46333333333334 / 138
友情点: 0 / 466520`
_2024-06-10 04:39:45_
--------
*ffeba13220583f1c68d1776049c8a453*
`登陆天数: 3天 / 654天
等级: 130
石头: 4055
呼符: 327
体力: 26.436666666666667 / 138
友情点: 0 / 464340`
_2024-06-10 04:39:53_
--------
*372e6da6bb3dc5bce05342a8045a20ae*
`登陆天数: 3天 / 654天
等级: 130
石头: 4055
呼符: 33
体力: 26.406666666666666 / 138
友情点: 0 / 464035`
_2024-06-10 04:40:01_
--------
*82da978a061d7301f3a3aaffa2815ee5*
`登陆天数: 3天 / 654天
等级: 130
石头: 4061
呼符: 147
体力: 26.379999999999995 / 138
友情点: 0 / 463545`
_2024-06-10 04:40:09_
--------
*d16b3fd59ca36208c5b80332f39d126b*
`登陆天数: 3天 / 654天
等级: 130
石头: 4059
呼符: 101
体力: 26.35333333333334 / 138
友情点: 0 / 464755`
_2024-06-10 04:40:17_
--------
*4d316bf598657c85c540609418271f05*
`登陆天数: 3天 / 654天
等级: 130
石头: 4063
呼符: 324
体力: 26.323333333333338 / 138
友情点: 0 / 464555`
_2024-06-10 04:40:24_
--------
*c8cb05374732f15bdbdd63e862e47de0*
`登陆天数: 3天 / 655天
等级: 130
石头: 4046
呼符: 136
体力: 26.293333333333337 / 138
友情点: 0 / 464880`
_2024-06-10 04:40:32_
--------
*09289e08583c6b966fb2a8c320174075*
`登陆天数: 3天 / 655天
等级: 130
石头: 4059
呼符: 321
体力: 26.266666666666666 / 138
友情点: 0 / 463780`
_2024-06-10 04:40:40_
--------
*ea2bf78dcb2d0d62f1c5a7d9a98b5606*
`登陆天数: 3天 / 654天
等级: 130
石头: 4054
呼符: 307
体力: 26.239999999999995 / 138
友情点: 0 / 465555`
_2024-06-10 04:40:47_
--------
*ee9b77ab7dd1dfc97d0ce7ba62833a98*
`登陆天数: 3天 / 654天
等级: 130
石头: 4074
呼符: 110
体力: 26.21333333333334 / 138
友情点: 0 / 465490`
_2024-06-10 04:40:56_
--------
*61088cc40fd6b0bc6833933d28ed3de3*
`登陆天数: 3天 / 655天
等级: 130
石头: 4068
呼符: 34
体力: 26.183333333333337 / 138
友情点: 0 / 464845`
_2024-06-10 04:41:04_
--------
*81bfc10defefd33ce627e03848afd4a1*
`登陆天数: 3天 / 654天
等级: 130
石头: 4055
呼符: 248
体力: 26.156666666666666 / 138
友情点: 0 / 464400`
_2024-06-10 04:41:12_
--------
*c7926b8c584eeca611fff54168dbacf0*
`登陆天数: 3天 / 654天
等级: 130
石头: 4057
呼符: 272
体力: 26.129999999999995 / 138
友情点: 0 / 465490`
_2024-06-10 04:41:20_
--------
*9c41e532b5b35509c4e205e5f6d71516*
`登陆天数: 3天 / 654天
等级: 130
石头: 4070
呼符: 318
体力: 26.10333333333334 / 138
友情点: 0 / 465385`
_2024-06-10 04:41:28_
--------
*5260047b3ad76138031db245436cefac*
`登陆天数: 3天 / 655天
等级: 130
石头: 4045
呼符: 306
体力: 26.076666666666668 / 138
友情点: 0 / 463155`
_2024-06-10 04:41:36_
--------
*83ecba44fc600de9d766730ec961be45*
`登陆天数: 3天 / 655天
等级: 130
石头: 4074
呼符: 212
体力: 26.053333333333327 / 138
友情点: 0 / 464110`
_2024-06-10 04:41:44_
--------
*9ff904b87e4941c2dc6354cee5594ba0*
`登陆天数: 3天 / 654天
等级: 130
石头: 4051
呼符: 243
体力: 26.023333333333326 / 138
友情点: 0 / 464110`
_2024-06-10 04:41:52_
--------
*575718672d8ebb23a6a368d5950ea3f9*
`登陆天数: 3天 / 654天
等级: 130
石头: 4068
呼符: 311
体力: 25.99666666666667 / 138
友情点: 0 / 464430`
_2024-06-10 04:42:00_
--------
*a2d701ff4c15c728056da94e68b57ae2*
`登陆天数: 18天 / 656天
等级: 130
石头: 4056
呼符: 325
体力: 14.74666666666667 / 138
友情点: 0 / 468890`
_2024-06-10 04:42:08_
--------
