【登录信息】
*3fdba2c5f00025dda579a913c60ea513*
`登陆天数: 4天 / 655天
等级: 130
石头: 4065
呼符: 330
体力: 30.900000000000006 / 138
友情点: 0 / 456725`
_2024-06-11 04:34:11_
--------
*da60cce66253dbd8e346f74e0f8d6529*
`登陆天数: 4天 / 656天
等级: 130
石头: 4073
呼符: 313
体力: 30.873333333333335 / 138
友情点: 0 / 458100`
_2024-06-11 04:34:18_
--------
*18814a262eb2305d76cdd73e940b0200*
`登陆天数: 4天 / 655天
等级: 130
石头: 4061
呼符: 218
体力: 30.846666666666664 / 138
友情点: 0 / 458305`
_2024-06-11 04:34:26_
--------
*03d5478dd7def7e2cbc7d4e5520dc0b7*
`登陆天数: 4天 / 656天
等级: 130
石头: 4082
呼符: 308
体力: 30.819999999999993 / 138
友情点: 0 / 460005`
_2024-06-11 04:34:33_
--------
*be234d0b7e1e5a857742866fc7b07a83*
`登陆天数: 4天 / 656天
等级: 130
石头: 4073
呼符: 34
体力: 30.790000000000006 / 138
友情点: 0 / 459650`
_2024-06-11 04:34:41_
--------
*4566ac8b3f1bd3b8b9365cdeb8d202fa*
`登陆天数: 4天 / 656天
等级: 130
石头: 4013
呼符: 264
体力: 30.763333333333335 / 138
友情点: 0 / 458890`
_2024-06-11 04:34:49_
--------
*3bf566d061a3eba5cf40d541daf6eba0*
`登陆天数: 4天 / 656天
等级: 130
石头: 4076
呼符: 311
体力: 30.736666666666665 / 138
友情点: 0 / 458095`
_2024-06-11 04:34:56_
--------
*7f5dd9bb7f0e2b710dc362ba9c47bdaf*
`登陆天数: 4天 / 655天
等级: 130
石头: 4066
呼符: 325
体力: 30.709999999999994 / 138
友情点: 0 / 457555`
_2024-06-11 04:35:04_
--------
*2c808dffc62a12a23571f635ec6b0c75*
`登陆天数: 4天 / 655天
等级: 130
石头: 4052
呼符: 183
体力: 30.683333333333337 / 138
友情点: 0 / 457625`
_2024-06-11 04:35:11_
--------
*6e8fc3fc5680765849f7c7c4a9c2fd19*
`登陆天数: 4天 / 656天
等级: 130
石头: 4075
呼符: 331
体力: 30.653333333333336 / 138
友情点: 0 / 458925`
_2024-06-11 04:35:19_
--------
*1e79ec2a138d2732b231e928549209a8*
`登陆天数: 4天 / 655天
等级: 130
石头: 4053
呼符: 133
体力: 30.626666666666665 / 138
友情点: 0 / 458360`
_2024-06-11 04:35:26_
--------
*f597df4d52f38647122d8346570148e6*
`登陆天数: 4天 / 656天
等级: 130
石头: 4057
呼符: 216
体力: 30.596666666666664 / 138
友情点: 0 / 457955`
_2024-06-11 04:35:34_
--------
*5a4fbb2687b49571d8909cc29d80c8d3*
`登陆天数: 4天 / 655天
等级: 130
石头: 4071
呼符: 125
体力: 30.569999999999993 / 138
友情点: 0 / 458390`
_2024-06-11 04:35:41_
--------
*d8c8e287f3f93a7464029398313a3432*
`登陆天数: 4天 / 655天
等级: 130
石头: 4057
呼符: 323
体力: 30.540000000000006 / 138
友情点: 0 / 458660`
_2024-06-11 04:35:49_
--------
*60ea15c6e0ebdf27d96f7f10cdbee1ee*
`登陆天数: 4天 / 655天
等级: 130
石头: 4067
呼符: 177
体力: 30.513333333333335 / 138
友情点: 0 / 458560`
_2024-06-11 04:35:56_
--------
*7bc2aa65a4b5f92b29225d89d6a332d2*
`登陆天数: 4天 / 656天
等级: 130
石头: 4069
呼符: 211
体力: 30.483333333333334 / 138
友情点: 0 / 457945`
_2024-06-11 04:36:04_
--------
*34920cf09fea1f69f794416a0f39d3e7*
`登陆天数: 4天 / 655天
等级: 130
石头: 4057
呼符: 233
体力: 30.456666666666663 / 138
友情点: 0 / 458930`
_2024-06-11 04:36:12_
--------
*27f46d4ae5df5d41759c532579ea6261*
`登陆天数: 4天 / 655天
等级: 130
石头: 4074
呼符: 97
体力: 30.430000000000007 / 138
友情点: 0 / 458820`
_2024-06-11 04:36:19_
--------
*66714f5930d6634bd9f26106b93d4364*
`登陆天数: 4天 / 655天
等级: 130
石头: 4067
呼符: 323
体力: 30.400000000000006 / 138
友情点: 0 / 459030`
_2024-06-11 04:36:27_
--------
*dbb170460e91580b341a3f1c6493a326*
`登陆天数: 4天 / 656天
等级: 130
石头: 4072
呼符: 282
体力: 30.376666666666665 / 138
友情点: 0 / 460060`
_2024-06-11 04:36:34_
--------
*c751f06233300594fac5f4b31ee91c6b*
`登陆天数: 4天 / 655天
等级: 130
石头: 4076
呼符: 148
体力: 30.343333333333334 / 138
友情点: 0 / 460125`
_2024-06-11 04:36:42_
--------
*2d5640b611ac848e184ae56b9f4cecda*
`登陆天数: 4天 / 656天
等级: 130
石头: 4059
呼符: 302
体力: 30.319999999999993 / 138
友情点: 0 / 458565`
_2024-06-11 04:36:49_
--------
*25341b97612b196f12e2ca665c9853c4*
`登陆天数: 4天 / 655天
等级: 130
石头: 4067
呼符: 324
体力: 30.290000000000006 / 138
友情点: 0 / 458440`
_2024-06-11 04:36:57_
--------
*a622df33b2381b40390c58680ba3af84*
`登陆天数: 4天 / 656天
等级: 130
石头: 4072
呼符: 283
体力: 30.266666666666666 / 138
友情点: 0 / 458785`
_2024-06-11 04:37:04_
--------
*30e9724d24c2525d9141ec788ebb78f3*
`登陆天数: 4天 / 656天
等级: 130
石头: 4072
呼符: 275
体力: 30.236666666666665 / 138
友情点: 0 / 458205`
_2024-06-11 04:37:12_
--------
*acdd634d76cb18780772997c9b7faed3*
`登陆天数: 4天 / 656天
等级: 130
石头: 4057
呼符: 214
体力: 30.209999999999994 / 138
友情点: 0 / 457685`
_2024-06-11 04:37:20_
--------
*05029aa47c8d24f5cb5177a640ae7f95*
`登陆天数: 4天 / 656天
等级: 130
石头: 4055
呼符: 176
体力: 30.183333333333337 / 138
友情点: 0 / 458555`
_2024-06-11 04:37:27_
--------
*585e3459b862732d0481950e99a3d5d9*
`登陆天数: 4天 / 656天
等级: 130
石头: 4070
呼符: 39
体力: 30.156666666666666 / 138
友情点: 0 / 459130`
_2024-06-11 04:37:35_
--------
*c0fa7c5a894f587da17f072179baf3f0*
`登陆天数: 4天 / 655天
等级: 130
石头: 4057
呼符: 33
体力: 30.129999999999995 / 138
友情点: 0 / 458250`
_2024-06-11 04:37:42_
--------
*9c96aed585d80fe5ec949b3f3323f72a*
`登陆天数: 4天 / 655天
等级: 130
石头: 4067
呼符: 125
体力: 30.099999999999994 / 138
友情点: 0 / 457725`
_2024-06-11 04:37:50_
--------
*bd775ddaa4fc303f73b4b11acee8e3cb*
`登陆天数: 4天 / 655天
等级: 130
石头: 4076
呼符: 273
体力: 30.073333333333338 / 138
友情点: 0 / 460080`
_2024-06-11 04:37:57_
--------
*769b35637fdb5bdbfc98640dea0af385*
`登陆天数: 4天 / 656天
等级: 130
石头: 4071
呼符: 241
体力: 30.046666666666667 / 138
友情点: 0 / 460520`
_2024-06-11 04:38:05_
--------
*ffeba13220583f1c68d1776049c8a453*
`登陆天数: 4天 / 655天
等级: 130
石头: 4056
呼符: 327
体力: 30.019999999999996 / 138
友情点: 0 / 458340`
_2024-06-11 04:38:13_
--------
*372e6da6bb3dc5bce05342a8045a20ae*
`登陆天数: 4天 / 655天
等级: 130
石头: 4056
呼符: 33
体力: 29.99333333333334 / 138
友情点: 0 / 458035`
_2024-06-11 04:38:20_
--------
*82da978a061d7301f3a3aaffa2815ee5*
`登陆天数: 4天 / 655天
等级: 130
石头: 4062
呼符: 147
体力: 29.96333333333334 / 138
友情点: 0 / 457545`
_2024-06-11 04:38:28_
--------
*d16b3fd59ca36208c5b80332f39d126b*
`登陆天数: 4天 / 655天
等级: 130
石头: 4060
呼符: 101
体力: 29.936666666666667 / 138
友情点: 0 / 458755`
_2024-06-11 04:38:35_
--------
*4d316bf598657c85c540609418271f05*
`登陆天数: 4天 / 655天
等级: 130
石头: 4064
呼符: 324
体力: 29.906666666666666 / 138
友情点: 0 / 458555`
_2024-06-11 04:38:43_
--------
*c8cb05374732f15bdbdd63e862e47de0*
`登陆天数: 4天 / 656天
等级: 130
石头: 4047
呼符: 136
体力: 29.88333333333334 / 138
友情点: 0 / 458880`
_2024-06-11 04:38:50_
--------
*09289e08583c6b966fb2a8c320174075*
`登陆天数: 4天 / 656天
等级: 130
石头: 4060
呼符: 321
体力: 29.85333333333334 / 138
友情点: 0 / 457780`
_2024-06-11 04:38:58_
--------
*ea2bf78dcb2d0d62f1c5a7d9a98b5606*
`登陆天数: 4天 / 655天
等级: 130
石头: 4055
呼符: 307
体力: 29.826666666666668 / 138
友情点: 0 / 459555`
_2024-06-11 04:39:05_
--------
*ee9b77ab7dd1dfc97d0ce7ba62833a98*
`登陆天数: 4天 / 655天
等级: 130
石头: 4075
呼符: 110
体力: 29.796666666666667 / 138
友情点: 0 / 459490`
_2024-06-11 04:39:13_
--------
*61088cc40fd6b0bc6833933d28ed3de3*
`登陆天数: 4天 / 656天
等级: 130
石头: 4069
呼符: 34
体力: 29.773333333333326 / 138
友情点: 0 / 458845`
_2024-06-11 04:39:21_
--------
*81bfc10defefd33ce627e03848afd4a1*
`登陆天数: 4天 / 655天
等级: 130
石头: 4056
呼符: 248
体力: 29.74666666666667 / 138
友情点: 0 / 458400`
_2024-06-11 04:39:28_
--------
*c7926b8c584eeca611fff54168dbacf0*
`登陆天数: 4天 / 655天
等级: 130
石头: 4058
呼符: 272
体力: 29.71666666666667 / 138
友情点: 0 / 459490`
_2024-06-11 04:39:36_
--------
*9c41e532b5b35509c4e205e5f6d71516*
`登陆天数: 4天 / 655天
等级: 130
石头: 4071
呼符: 318
体力: 29.689999999999998 / 138
友情点: 0 / 459385`
_2024-06-11 04:39:43_
--------
*5260047b3ad76138031db245436cefac*
`登陆天数: 4天 / 656天
等级: 130
石头: 4046
呼符: 306
体力: 29.659999999999997 / 138
友情点: 0 / 457155`
_2024-06-11 04:39:51_
--------
*83ecba44fc600de9d766730ec961be45*
`登陆天数: 4天 / 656天
等级: 130
石头: 4075
呼符: 212
体力: 29.63333333333334 / 138
友情点: 0 / 458110`
_2024-06-11 04:39:58_
--------
*9ff904b87e4941c2dc6354cee5594ba0*
`登陆天数: 4天 / 655天
等级: 130
石头: 4052
呼符: 243
体力: 29.60666666666667 / 138
友情点: 0 / 458110`
_2024-06-11 04:40:06_
--------
*575718672d8ebb23a6a368d5950ea3f9*
`登陆天数: 4天 / 655天
等级: 130
石头: 4069
呼符: 311
体力: 29.58 / 138
友情点: 0 / 458430`
_2024-06-11 04:40:13_
--------
*a2d701ff4c15c728056da94e68b57ae2*
`登陆天数: 19天 / 657天
等级: 130
石头: 4056
呼符: 325
体力: 22.39 / 138
友情点: 0 / 462890`
_2024-06-11 04:40:21_
--------
