【登录信息】
*3fdba2c5f00025dda579a913c60ea513*
`登陆天数: 5天 / 656天
等级: 130
石头: 4065
呼符: 330
体力: 30.126666666666665 / 138
友情点: 0 / 450725`
_2024-06-12 04:31:20_
--------
*da60cce66253dbd8e346f74e0f8d6529*
`登陆天数: 5天 / 657天
等级: 130
石头: 4073
呼符: 313
体力: 30.096666666666664 / 138
友情点: 0 / 452100`
_2024-06-12 04:31:28_
--------
*18814a262eb2305d76cdd73e940b0200*
`登陆天数: 5天 / 656天
等级: 130
石头: 4061
呼符: 218
体力: 30.069999999999993 / 138
友情点: 0 / 452305`
_2024-06-12 04:31:36_
--------
*03d5478dd7def7e2cbc7d4e5520dc0b7*
`登陆天数: 5天 / 657天
等级: 130
石头: 4082
呼符: 308
体力: 30.040000000000006 / 138
友情点: 0 / 454005`
_2024-06-12 04:31:43_
--------
*be234d0b7e1e5a857742866fc7b07a83*
`登陆天数: 5天 / 657天
等级: 130
石头: 4073
呼符: 34
体力: 30.013333333333335 / 138
友情点: 0 / 453650`
_2024-06-12 04:31:51_
--------
*4566ac8b3f1bd3b8b9365cdeb8d202fa*
`登陆天数: 5天 / 657天
等级: 130
石头: 4013
呼符: 264
体力: 29.986666666666665 / 138
友情点: 0 / 452890`
_2024-06-12 04:31:58_
--------
*3bf566d061a3eba5cf40d541daf6eba0*
`登陆天数: 5天 / 657天
等级: 130
石头: 4076
呼符: 311
体力: 29.956666666666663 / 138
友情点: 0 / 452095`
_2024-06-12 04:32:06_
--------
*7f5dd9bb7f0e2b710dc362ba9c47bdaf*
`登陆天数: 5天 / 656天
等级: 130
石头: 4066
呼符: 325
体力: 29.933333333333337 / 138
友情点: 0 / 451555`
_2024-06-12 04:32:13_
--------
*2c808dffc62a12a23571f635ec6b0c75*
`登陆天数: 5天 / 656天
等级: 130
石头: 4052
呼符: 183
体力: 29.906666666666666 / 138
友情点: 0 / 451625`
_2024-06-12 04:32:21_
--------
*6e8fc3fc5680765849f7c7c4a9c2fd19*
`登陆天数: 5天 / 657天
等级: 130
石头: 4075
呼符: 331
体力: 29.876666666666665 / 138
友情点: 0 / 452925`
_2024-06-12 04:32:29_
--------
*1e79ec2a138d2732b231e928549209a8*
`登陆天数: 5天 / 656天
等级: 130
石头: 4053
呼符: 133
体力: 29.849999999999994 / 138
友情点: 0 / 452360`
_2024-06-12 04:32:36_
--------
*f597df4d52f38647122d8346570148e6*
`登陆天数: 5天 / 657天
等级: 130
石头: 4057
呼符: 216
体力: 29.819999999999993 / 138
友情点: 0 / 451955`
_2024-06-12 04:32:44_
--------
*5a4fbb2687b49571d8909cc29d80c8d3*
`登陆天数: 5天 / 656天
等级: 130
石头: 4071
呼符: 125
体力: 29.796666666666667 / 138
友情点: 0 / 452390`
_2024-06-12 04:32:51_
--------
*d8c8e287f3f93a7464029398313a3432*
`登陆天数: 5天 / 656天
等级: 130
石头: 4057
呼符: 323
体力: 29.766666666666666 / 138
友情点: 0 / 452660`
_2024-06-12 04:32:59_
--------
*60ea15c6e0ebdf27d96f7f10cdbee1ee*
`登陆天数: 5天 / 656天
等级: 130
石头: 4067
呼符: 177
体力: 29.739999999999995 / 138
友情点: 0 / 452560`
_2024-06-12 04:33:06_
--------
*7bc2aa65a4b5f92b29225d89d6a332d2*
`登陆天数: 5天 / 657天
等级: 130
石头: 4069
呼符: 211
体力: 29.709999999999994 / 138
友情点: 0 / 451945`
_2024-06-12 04:33:14_
--------
*34920cf09fea1f69f794416a0f39d3e7*
`登陆天数: 5天 / 656天
等级: 130
石头: 4057
呼符: 233
体力: 29.683333333333337 / 138
友情点: 0 / 452930`
_2024-06-12 04:33:22_
--------
*27f46d4ae5df5d41759c532579ea6261*
`登陆天数: 5天 / 656天
等级: 130
石头: 4074
呼符: 97
体力: 29.656666666666666 / 138
友情点: 0 / 452820`
_2024-06-12 04:33:29_
--------
*66714f5930d6634bd9f26106b93d4364*
`登陆天数: 5天 / 656天
等级: 130
石头: 4067
呼符: 323
体力: 29.629999999999995 / 138
友情点: 0 / 453030`
_2024-06-12 04:33:37_
--------
*dbb170460e91580b341a3f1c6493a326*
`登陆天数: 5天 / 657天
等级: 130
石头: 4072
呼符: 282
体力: 29.60333333333334 / 138
友情点: 0 / 454060`
_2024-06-12 04:33:45_
--------
*c751f06233300594fac5f4b31ee91c6b*
`登陆天数: 5天 / 656天
等级: 130
石头: 4076
呼符: 148
体力: 29.573333333333338 / 138
友情点: 0 / 454125`
_2024-06-12 04:33:52_
--------
*2d5640b611ac848e184ae56b9f4cecda*
`登陆天数: 5天 / 657天
等级: 130
石头: 4059
呼符: 302
体力: 29.546666666666667 / 138
友情点: 0 / 452565`
_2024-06-12 04:34:00_
--------
*25341b97612b196f12e2ca665c9853c4*
`登陆天数: 5天 / 656天
等级: 130
石头: 4067
呼符: 324
体力: 29.523333333333326 / 138
友情点: 0 / 452440`
_2024-06-12 04:34:07_
--------
*a622df33b2381b40390c58680ba3af84*
`登陆天数: 5天 / 657天
等级: 130
石头: 4072
呼符: 283
体力: 29.49333333333334 / 138
友情点: 0 / 452785`
_2024-06-12 04:34:15_
--------
*30e9724d24c2525d9141ec788ebb78f3*
`登陆天数: 5天 / 657天
等级: 130
石头: 4072
呼符: 275
体力: 29.46666666666667 / 138
友情点: 0 / 452205`
_2024-06-12 04:34:23_
--------
*acdd634d76cb18780772997c9b7faed3*
`登陆天数: 5天 / 657天
等级: 130
石头: 4057
呼符: 214
体力: 29.436666666666667 / 138
友情点: 0 / 451685`
_2024-06-12 04:34:30_
--------
*05029aa47c8d24f5cb5177a640ae7f95*
`登陆天数: 5天 / 657天
等级: 130
石头: 4055
呼符: 176
体力: 29.409999999999997 / 138
友情点: 0 / 452555`
_2024-06-12 04:34:38_
--------
*585e3459b862732d0481950e99a3d5d9*
`登陆天数: 5天 / 657天
等级: 130
石头: 4070
呼符: 39
体力: 29.38333333333334 / 138
友情点: 0 / 453130`
_2024-06-12 04:34:45_
--------
*c0fa7c5a894f587da17f072179baf3f0*
`登陆天数: 5天 / 656天
等级: 130
石头: 4057
呼符: 33
体力: 29.35666666666667 / 138
友情点: 0 / 452250`
_2024-06-12 04:34:53_
--------
*9c96aed585d80fe5ec949b3f3323f72a*
`登陆天数: 5天 / 656天
等级: 130
石头: 4067
呼符: 125
体力: 29.33 / 138
友情点: 0 / 451725`
_2024-06-12 04:35:00_
--------
*bd775ddaa4fc303f73b4b11acee8e3cb*
`登陆天数: 5天 / 656天
等级: 130
石头: 4076
呼符: 273
体力: 29.299999999999997 / 138
友情点: 0 / 454080`
_2024-06-12 04:35:08_
--------
*769b35637fdb5bdbfc98640dea0af385*
`登陆天数: 5天 / 657天
等级: 130
石头: 4071
呼符: 241
体力: 29.273333333333326 / 138
友情点: 0 / 454520`
_2024-06-12 04:35:16_
--------
*ffeba13220583f1c68d1776049c8a453*
`登陆天数: 5天 / 656天
等级: 130
石头: 4056
呼符: 327
体力: 29.24666666666667 / 138
友情点: 0 / 452340`
_2024-06-12 04:35:23_
--------
*372e6da6bb3dc5bce05342a8045a20ae*
`登陆天数: 5天 / 656天
等级: 130
石头: 4056
呼符: 33
体力: 29.21666666666667 / 138
友情点: 0 / 452035`
_2024-06-12 04:35:31_
--------
*82da978a061d7301f3a3aaffa2815ee5*
`登陆天数: 5天 / 656天
等级: 130
石头: 4062
呼符: 147
体力: 29.189999999999998 / 138
友情点: 0 / 451545`
_2024-06-12 04:35:38_
--------
*d16b3fd59ca36208c5b80332f39d126b*
`登陆天数: 5天 / 656天
等级: 130
石头: 4060
呼符: 101
体力: 29.163333333333327 / 138
友情点: 0 / 452755`
_2024-06-12 04:35:46_
--------
*4d316bf598657c85c540609418271f05*
`登陆天数: 5天 / 656天
等级: 130
石头: 4064
呼符: 324
体力: 29.13333333333334 / 138
友情点: 0 / 452555`
_2024-06-12 04:35:54_
--------
*c8cb05374732f15bdbdd63e862e47de0*
`登陆天数: 5天 / 657天
等级: 130
石头: 4047
呼符: 136
体力: 29.10333333333334 / 138
友情点: 0 / 452880`
_2024-06-12 04:36:01_
--------
*09289e08583c6b966fb2a8c320174075*
`登陆天数: 5天 / 657天
等级: 130
石头: 4060
呼符: 321
体力: 29.076666666666668 / 138
友情点: 0 / 451780`
_2024-06-12 04:36:09_
--------
*ea2bf78dcb2d0d62f1c5a7d9a98b5606*
`登陆天数: 5天 / 656天
等级: 130
石头: 4055
呼符: 307
体力: 29.049999999999997 / 138
友情点: 0 / 453555`
_2024-06-12 04:36:16_
--------
*ee9b77ab7dd1dfc97d0ce7ba62833a98*
`登陆天数: 5天 / 656天
等级: 130
石头: 4075
呼符: 110
体力: 29.019999999999996 / 138
友情点: 0 / 453490`
_2024-06-12 04:36:24_
--------
*61088cc40fd6b0bc6833933d28ed3de3*
`登陆天数: 5天 / 657天
等级: 130
石头: 4069
呼符: 34
体力: 28.99333333333334 / 138
友情点: 0 / 452845`
_2024-06-12 04:36:31_
--------
*81bfc10defefd33ce627e03848afd4a1*
`登陆天数: 5天 / 656天
等级: 130
石头: 4056
呼符: 248
体力: 28.96666666666667 / 138
友情点: 0 / 452400`
_2024-06-12 04:36:39_
--------
*c7926b8c584eeca611fff54168dbacf0*
`登陆天数: 5天 / 656天
等级: 130
石头: 4058
呼符: 272
体力: 28.939999999999998 / 138
友情点: 0 / 453490`
_2024-06-12 04:36:47_
--------
*9c41e532b5b35509c4e205e5f6d71516*
`登陆天数: 5天 / 656天
等级: 130
石头: 4071
呼符: 318
体力: 28.909999999999997 / 138
友情点: 0 / 453385`
_2024-06-12 04:36:54_
--------
*5260047b3ad76138031db245436cefac*
`登陆天数: 5天 / 657天
等级: 130
石头: 4046
呼符: 306
体力: 28.88333333333334 / 138
友情点: 0 / 451155`
_2024-06-12 04:37:02_
--------
*83ecba44fc600de9d766730ec961be45*
`登陆天数: 5天 / 657天
等级: 130
石头: 4075
呼符: 212
体力: 28.85666666666667 / 138
友情点: 0 / 452110`
_2024-06-12 04:37:09_
--------
*9ff904b87e4941c2dc6354cee5594ba0*
`登陆天数: 5天 / 656天
等级: 130
石头: 4052
呼符: 243
体力: 28.83 / 138
友情点: 0 / 452110`
_2024-06-12 04:37:17_
--------
*575718672d8ebb23a6a368d5950ea3f9*
`登陆天数: 5天 / 656天
等级: 130
石头: 4069
呼符: 311
体力: 28.803333333333327 / 138
友情点: 0 / 452430`
_2024-06-12 04:37:24_
--------
*a2d701ff4c15c728056da94e68b57ae2*
`登陆天数: 20天 / 658天
等级: 130
石头: 4058
呼符: 325
体力: 29.826666666666668 / 138
友情点: 0 / 456890`
_2024-06-12 04:37:32_
--------
