【登录信息】
*3fdba2c5f00025dda579a913c60ea513*
`登陆天数: 6天 / 657天
等级: 130
石头: 4067
呼符: 330
体力: 30.58333333333333 / 138
友情点: 0 / 444725`
_2024-06-13 04:32:14_
--------
*da60cce66253dbd8e346f74e0f8d6529*
`登陆天数: 6天 / 658天
等级: 130
石头: 4075
呼符: 313
体力: 30.553333333333327 / 138
友情点: 0 / 446100`
_2024-06-13 04:32:21_
--------
*18814a262eb2305d76cdd73e940b0200*
`登陆天数: 6天 / 657天
等级: 130
石头: 4063
呼符: 218
体力: 30.52666666666667 / 138
友情点: 0 / 446305`
_2024-06-13 04:32:29_
--------
*03d5478dd7def7e2cbc7d4e5520dc0b7*
`登陆天数: 6天 / 658天
等级: 130
石头: 4084
呼符: 308
体力: 30.5 / 138
友情点: 0 / 448005`
_2024-06-13 04:32:37_
--------
*be234d0b7e1e5a857742866fc7b07a83*
`登陆天数: 6天 / 658天
等级: 130
石头: 4075
呼符: 34
体力: 30.47333333333333 / 138
友情点: 0 / 447650`
_2024-06-13 04:32:45_
--------
*4566ac8b3f1bd3b8b9365cdeb8d202fa*
`登陆天数: 6天 / 658天
等级: 130
石头: 4015
呼符: 264
体力: 30.446666666666673 / 138
友情点: 0 / 446890`
_2024-06-13 04:32:53_
--------
*3bf566d061a3eba5cf40d541daf6eba0*
`登陆天数: 6天 / 658天
等级: 130
石头: 4078
呼符: 311
体力: 30.42 / 138
友情点: 0 / 446095`
_2024-06-13 04:33:01_
--------
*7f5dd9bb7f0e2b710dc362ba9c47bdaf*
`登陆天数: 6天 / 657天
等级: 130
石头: 4068
呼符: 325
体力: 30.39333333333333 / 138
友情点: 0 / 445555`
_2024-06-13 04:33:09_
--------
*2c808dffc62a12a23571f635ec6b0c75*
`登陆天数: 6天 / 657天
等级: 130
石头: 4054
呼符: 183
体力: 30.36333333333333 / 138
友情点: 0 / 445625`
_2024-06-13 04:33:17_
--------
*6e8fc3fc5680765849f7c7c4a9c2fd19*
`登陆天数: 6天 / 658天
等级: 130
石头: 4077
呼符: 331
体力: 30.340000000000003 / 138
友情点: 0 / 446925`
_2024-06-13 04:33:25_
--------
*1e79ec2a138d2732b231e928549209a8*
`登陆天数: 6天 / 657天
等级: 130
石头: 4055
呼符: 133
体力: 30.310000000000002 / 138
友情点: 0 / 446360`
_2024-06-13 04:33:33_
--------
*f597df4d52f38647122d8346570148e6*
`登陆天数: 6天 / 658天
等级: 130
石头: 4059
呼符: 216
体力: 30.28333333333333 / 138
友情点: 0 / 445955`
_2024-06-13 04:33:41_
--------
*5a4fbb2687b49571d8909cc29d80c8d3*
`登陆天数: 6天 / 657天
等级: 130
石头: 4073
呼符: 125
体力: 30.25333333333333 / 138
友情点: 0 / 446390`
_2024-06-13 04:33:49_
--------
*d8c8e287f3f93a7464029398313a3432*
`登陆天数: 6天 / 657天
等级: 130
石头: 4059
呼符: 323
体力: 30.226666666666674 / 138
友情点: 0 / 446660`
_2024-06-13 04:33:57_
--------
*60ea15c6e0ebdf27d96f7f10cdbee1ee*
`登陆天数: 6天 / 657天
等级: 130
石头: 4069
呼符: 177
体力: 30.200000000000003 / 138
友情点: 0 / 446560`
_2024-06-13 04:34:04_
--------
*7bc2aa65a4b5f92b29225d89d6a332d2*
`登陆天数: 6天 / 658天
等级: 130
石头: 4071
呼符: 211
体力: 30.173333333333332 / 138
友情点: 0 / 445945`
_2024-06-13 04:34:12_
--------
*34920cf09fea1f69f794416a0f39d3e7*
`登陆天数: 6天 / 657天
等级: 130
石头: 4059
呼符: 233
体力: 30.14666666666666 / 138
友情点: 0 / 446930`
_2024-06-13 04:34:20_
--------
*27f46d4ae5df5d41759c532579ea6261*
`登陆天数: 6天 / 657天
等级: 130
石头: 4076
呼符: 97
体力: 30.11666666666666 / 138
友情点: 0 / 446820`
_2024-06-13 04:34:28_
--------
*66714f5930d6634bd9f26106b93d4364*
`登陆天数: 6天 / 657天
等级: 130
石头: 4069
呼符: 323
体力: 30.090000000000003 / 138
友情点: 0 / 447030`
_2024-06-13 04:34:36_
--------
*dbb170460e91580b341a3f1c6493a326*
`登陆天数: 6天 / 658天
等级: 130
石头: 4074
呼符: 282
体力: 30.063333333333333 / 138
友情点: 0 / 448060`
_2024-06-13 04:34:43_
--------
*c751f06233300594fac5f4b31ee91c6b*
`登陆天数: 6天 / 657天
等级: 130
石头: 4078
呼符: 148
体力: 30.03666666666666 / 138
友情点: 0 / 448125`
_2024-06-13 04:34:51_
--------
*2d5640b611ac848e184ae56b9f4cecda*
`登陆天数: 6天 / 658天
等级: 130
石头: 4061
呼符: 302
体力: 30.00666666666666 / 138
友情点: 0 / 446565`
_2024-06-13 04:34:59_
--------
*25341b97612b196f12e2ca665c9853c4*
`登陆天数: 6天 / 657天
等级: 130
石头: 4069
呼符: 324
体力: 29.980000000000004 / 138
友情点: 0 / 446440`
_2024-06-13 04:35:07_
--------
*a622df33b2381b40390c58680ba3af84*
`登陆天数: 6天 / 658天
等级: 130
石头: 4074
呼符: 283
体力: 29.953333333333333 / 138
友情点: 0 / 446785`
_2024-06-13 04:35:15_
--------
*30e9724d24c2525d9141ec788ebb78f3*
`登陆天数: 6天 / 658天
等级: 130
石头: 4074
呼符: 275
体力: 29.926666666666662 / 138
友情点: 0 / 446205`
_2024-06-13 04:35:22_
--------
*acdd634d76cb18780772997c9b7faed3*
`登陆天数: 6天 / 658天
等级: 130
石头: 4059
呼符: 214
体力: 29.900000000000006 / 138
友情点: 0 / 445685`
_2024-06-13 04:35:30_
--------
*05029aa47c8d24f5cb5177a640ae7f95*
`登陆天数: 6天 / 658天
等级: 130
石头: 4057
呼符: 176
体力: 29.873333333333335 / 138
友情点: 0 / 446555`
_2024-06-13 04:35:38_
--------
*585e3459b862732d0481950e99a3d5d9*
`登陆天数: 6天 / 658天
等级: 130
石头: 4072
呼符: 39
体力: 29.846666666666664 / 138
友情点: 0 / 447130`
_2024-06-13 04:35:46_
--------
*c0fa7c5a894f587da17f072179baf3f0*
`登陆天数: 6天 / 657天
等级: 130
石头: 4059
呼符: 33
体力: 29.816666666666663 / 138
友情点: 0 / 446250`
_2024-06-13 04:35:54_
--------
*9c96aed585d80fe5ec949b3f3323f72a*
`登陆天数: 6天 / 657天
等级: 130
石头: 4069
呼符: 125
体力: 29.790000000000006 / 138
友情点: 0 / 445725`
_2024-06-13 04:36:02_
--------
*bd775ddaa4fc303f73b4b11acee8e3cb*
`登陆天数: 6天 / 657天
等级: 130
石头: 4078
呼符: 273
体力: 29.763333333333335 / 138
友情点: 0 / 448080`
_2024-06-13 04:36:09_
--------
*769b35637fdb5bdbfc98640dea0af385*
`登陆天数: 6天 / 658天
等级: 130
石头: 4073
呼符: 241
体力: 29.733333333333334 / 138
友情点: 0 / 448520`
_2024-06-13 04:36:17_
--------
*ffeba13220583f1c68d1776049c8a453*
`登陆天数: 6天 / 657天
等级: 130
石头: 4058
呼符: 327
体力: 29.706666666666663 / 138
友情点: 0 / 446340`
_2024-06-13 04:36:25_
--------
*372e6da6bb3dc5bce05342a8045a20ae*
`登陆天数: 6天 / 657天
等级: 130
石头: 4058
呼符: 33
体力: 29.680000000000007 / 138
友情点: 0 / 446035`
_2024-06-13 04:36:33_
--------
*82da978a061d7301f3a3aaffa2815ee5*
`登陆天数: 6天 / 657天
等级: 130
石头: 4064
呼符: 147
体力: 29.653333333333336 / 138
友情点: 0 / 445545`
_2024-06-13 04:36:40_
--------
*d16b3fd59ca36208c5b80332f39d126b*
`登陆天数: 6天 / 657天
等级: 130
石头: 4062
呼符: 101
体力: 29.626666666666665 / 138
友情点: 0 / 446755`
_2024-06-13 04:36:48_
--------
*4d316bf598657c85c540609418271f05*
`登陆天数: 6天 / 657天
等级: 130
石头: 4066
呼符: 324
体力: 29.596666666666664 / 138
友情点: 0 / 446555`
_2024-06-13 04:36:56_
--------
*c8cb05374732f15bdbdd63e862e47de0*
`登陆天数: 6天 / 658天
等级: 130
石头: 4049
呼符: 136
体力: 29.569999999999993 / 138
友情点: 0 / 446880`
_2024-06-13 04:37:04_
--------
*09289e08583c6b966fb2a8c320174075*
`登陆天数: 6天 / 658天
等级: 130
石头: 4062
呼符: 321
体力: 29.543333333333337 / 138
友情点: 0 / 445780`
_2024-06-13 04:37:11_
--------
*ea2bf78dcb2d0d62f1c5a7d9a98b5606*
`登陆天数: 6天 / 657天
等级: 130
石头: 4057
呼符: 307
体力: 29.519999999999996 / 138
友情点: 0 / 447555`
_2024-06-13 04:37:19_
--------
*ee9b77ab7dd1dfc97d0ce7ba62833a98*
`登陆天数: 6天 / 657天
等级: 130
石头: 4077
呼符: 110
体力: 29.49333333333334 / 138
友情点: 0 / 447490`
_2024-06-13 04:37:27_
--------
*61088cc40fd6b0bc6833933d28ed3de3*
`登陆天数: 6天 / 658天
等级: 130
石头: 4071
呼符: 34
体力: 29.46666666666667 / 138
友情点: 0 / 446845`
_2024-06-13 04:37:35_
--------
*81bfc10defefd33ce627e03848afd4a1*
`登陆天数: 6天 / 657天
等级: 130
石头: 4058
呼符: 248
体力: 29.436666666666667 / 138
友情点: 0 / 446400`
_2024-06-13 04:37:43_
--------
*c7926b8c584eeca611fff54168dbacf0*
`登陆天数: 6天 / 657天
等级: 130
石头: 4060
呼符: 272
体力: 29.409999999999997 / 138
友情点: 0 / 447490`
_2024-06-13 04:37:51_
--------
*9c41e532b5b35509c4e205e5f6d71516*
`登陆天数: 6天 / 657天
等级: 130
石头: 4073
呼符: 318
体力: 29.379999999999995 / 138
友情点: 0 / 447385`
_2024-06-13 04:37:58_
--------
*5260047b3ad76138031db245436cefac*
`登陆天数: 6天 / 658天
等级: 130
石头: 4048
呼符: 306
体力: 29.35333333333334 / 138
友情点: 0 / 445155`
_2024-06-13 04:38:06_
--------
*83ecba44fc600de9d766730ec961be45*
`登陆天数: 6天 / 658天
等级: 130
石头: 4077
呼符: 212
体力: 29.326666666666668 / 138
友情点: 0 / 446110`
_2024-06-13 04:38:14_
--------
*9ff904b87e4941c2dc6354cee5594ba0*
`登陆天数: 6天 / 657天
等级: 130
石头: 4054
呼符: 243
体力: 29.299999999999997 / 138
友情点: 0 / 446110`
_2024-06-13 04:38:21_
--------
*575718672d8ebb23a6a368d5950ea3f9*
`登陆天数: 6天 / 657天
等级: 130
石头: 4071
呼符: 311
体力: 29.273333333333326 / 138
友情点: 0 / 446430`
_2024-06-13 04:38:29_
--------
*a2d701ff4c15c728056da94e68b57ae2*
`登陆天数: 21天 / 659天
等级: 130
石头: 4058
呼符: 326
体力: 31.85333333333334 / 138
友情点: 0 / 450890`
_2024-06-13 04:38:37_
--------
