【登录信息】
*3fdba2c5f00025dda579a913c60ea513*
`登陆天数: 7天 / 658天
等级: 130
石头: 4067
呼符: 331
体力: 30.39333333333333 / 138
友情点: 0 / 438725`
_2024-06-14 04:31:33_
--------
*da60cce66253dbd8e346f74e0f8d6529*
`登陆天数: 7天 / 659天
等级: 130
石头: 4075
呼符: 314
体力: 30.36333333333333 / 138
友情点: 0 / 440100`
_2024-06-14 04:31:41_
--------
*18814a262eb2305d76cdd73e940b0200*
`登陆天数: 7天 / 658天
等级: 130
石头: 4063
呼符: 219
体力: 30.33 / 138
友情点: 0 / 440305`
_2024-06-14 04:31:49_
--------
*03d5478dd7def7e2cbc7d4e5520dc0b7*
`登陆天数: 7天 / 659天
等级: 130
石头: 4084
呼符: 309
体力: 30.303333333333327 / 138
友情点: 0 / 442005`
_2024-06-14 04:31:57_
--------
*be234d0b7e1e5a857742866fc7b07a83*
`登陆天数: 7天 / 659天
等级: 130
石头: 4075
呼符: 35
体力: 30.269999999999996 / 138
友情点: 0 / 441650`
_2024-06-14 04:32:05_
--------
*4566ac8b3f1bd3b8b9365cdeb8d202fa*
`登陆天数: 7天 / 659天
等级: 130
石头: 4015
呼符: 265
体力: 30.239999999999995 / 138
友情点: 0 / 440890`
_2024-06-14 04:32:13_
--------
*3bf566d061a3eba5cf40d541daf6eba0*
`登陆天数: 7天 / 659天
等级: 130
石头: 4078
呼符: 312
体力: 30.206666666666663 / 138
友情点: 0 / 440095`
_2024-06-14 04:32:21_
--------
*7f5dd9bb7f0e2b710dc362ba9c47bdaf*
`登陆天数: 7天 / 658天
等级: 130
石头: 4068
呼符: 326
体力: 30.176666666666662 / 138
友情点: 0 / 439555`
_2024-06-14 04:32:29_
--------
*2c808dffc62a12a23571f635ec6b0c75*
`登陆天数: 7天 / 658天
等级: 130
石头: 4054
呼符: 184
体力: 30.14666666666666 / 138
友情点: 0 / 439625`
_2024-06-14 04:32:37_
--------
*6e8fc3fc5680765849f7c7c4a9c2fd19*
`登陆天数: 7天 / 659天
等级: 130
石头: 4077
呼符: 332
体力: 30.120000000000005 / 138
友情点: 0 / 440925`
_2024-06-14 04:32:44_
--------
*1e79ec2a138d2732b231e928549209a8*
`登陆天数: 7天 / 658天
等级: 130
石头: 4055
呼符: 134
体力: 30.086666666666673 / 138
友情点: 0 / 440360`
_2024-06-14 04:32:52_
--------
*f597df4d52f38647122d8346570148e6*
`登陆天数: 7天 / 659天
等级: 130
石头: 4059
呼符: 217
体力: 30.056666666666672 / 138
友情点: 0 / 439955`
_2024-06-14 04:33:00_
--------
*5a4fbb2687b49571d8909cc29d80c8d3*
`登陆天数: 7天 / 658天
等级: 130
石头: 4073
呼符: 126
体力: 30.02666666666667 / 138
友情点: 0 / 440390`
_2024-06-14 04:33:07_
--------
*d8c8e287f3f93a7464029398313a3432*
`登陆天数: 7天 / 658天
等级: 130
石头: 4059
呼符: 324
体力: 29.99666666666667 / 138
友情点: 0 / 440660`
_2024-06-14 04:33:15_
--------
*60ea15c6e0ebdf27d96f7f10cdbee1ee*
`登陆天数: 7天 / 658天
等级: 130
石头: 4069
呼符: 178
体力: 29.97 / 138
友情点: 0 / 440560`
_2024-06-14 04:33:23_
--------
*7bc2aa65a4b5f92b29225d89d6a332d2*
`登陆天数: 7天 / 659天
等级: 130
石头: 4071
呼符: 212
体力: 29.939999999999998 / 138
友情点: 0 / 439945`
_2024-06-14 04:33:31_
--------
*34920cf09fea1f69f794416a0f39d3e7*
`登陆天数: 7天 / 658天
等级: 130
石头: 4059
呼符: 234
体力: 29.909999999999997 / 138
友情点: 0 / 440930`
_2024-06-14 04:33:39_
--------
*27f46d4ae5df5d41759c532579ea6261*
`登陆天数: 7天 / 658天
等级: 130
石头: 4076
呼符: 98
体力: 29.879999999999995 / 138
友情点: 0 / 440820`
_2024-06-14 04:33:47_
--------
*66714f5930d6634bd9f26106b93d4364*
`登陆天数: 7天 / 658天
等级: 130
石头: 4069
呼符: 324
体力: 29.846666666666664 / 138
友情点: 0 / 441030`
_2024-06-14 04:33:55_
--------
*dbb170460e91580b341a3f1c6493a326*
`登陆天数: 7天 / 659天
等级: 130
石头: 4074
呼符: 283
体力: 29.819999999999993 / 138
友情点: 0 / 442060`
_2024-06-14 04:34:03_
--------
*c751f06233300594fac5f4b31ee91c6b*
`登陆天数: 7天 / 658天
等级: 130
石头: 4078
呼符: 149
体力: 29.790000000000006 / 138
友情点: 0 / 442125`
_2024-06-14 04:34:11_
--------
*2d5640b611ac848e184ae56b9f4cecda*
`登陆天数: 7天 / 659天
等级: 130
石头: 4061
呼符: 303
体力: 29.760000000000005 / 138
友情点: 0 / 440565`
_2024-06-14 04:34:19_
--------
*25341b97612b196f12e2ca665c9853c4*
`登陆天数: 7天 / 658天
等级: 130
石头: 4069
呼符: 325
体力: 29.730000000000004 / 138
友情点: 0 / 440440`
_2024-06-14 04:34:26_
--------
*a622df33b2381b40390c58680ba3af84*
`登陆天数: 7天 / 659天
等级: 130
石头: 4074
呼符: 284
体力: 29.703333333333333 / 138
友情点: 0 / 440785`
_2024-06-14 04:34:34_
--------
*30e9724d24c2525d9141ec788ebb78f3*
`登陆天数: 7天 / 659天
等级: 130
石头: 4074
呼符: 276
体力: 29.673333333333332 / 138
友情点: 0 / 440205`
_2024-06-14 04:34:42_
--------
*acdd634d76cb18780772997c9b7faed3*
`登陆天数: 7天 / 659天
等级: 130
石头: 4059
呼符: 215
体力: 29.64333333333333 / 138
友情点: 0 / 439685`
_2024-06-14 04:34:51_
--------
*05029aa47c8d24f5cb5177a640ae7f95*
`登陆天数: 7天 / 659天
等级: 130
石头: 4057
呼符: 177
体力: 29.61666666666666 / 138
友情点: 0 / 440555`
_2024-06-14 04:34:59_
--------
*585e3459b862732d0481950e99a3d5d9*
`登陆天数: 7天 / 659天
等级: 130
石头: 4072
呼符: 40
体力: 29.586666666666673 / 138
友情点: 0 / 441130`
_2024-06-14 04:35:06_
--------
*c0fa7c5a894f587da17f072179baf3f0*
`登陆天数: 7天 / 658天
等级: 130
石头: 4059
呼符: 34
体力: 29.556666666666672 / 138
友情点: 0 / 440250`
_2024-06-14 04:35:14_
--------
*9c96aed585d80fe5ec949b3f3323f72a*
`登陆天数: 7天 / 658天
等级: 130
石头: 4069
呼符: 126
体力: 29.52666666666667 / 138
友情点: 0 / 439725`
_2024-06-14 04:35:22_
--------
*bd775ddaa4fc303f73b4b11acee8e3cb*
`登陆天数: 7天 / 658天
等级: 130
石头: 4078
呼符: 274
体力: 29.49666666666667 / 138
友情点: 0 / 442080`
_2024-06-14 04:35:30_
--------
*769b35637fdb5bdbfc98640dea0af385*
`登陆天数: 7天 / 659天
等级: 130
石头: 4073
呼符: 242
体力: 29.46666666666667 / 138
友情点: 0 / 442520`
_2024-06-14 04:35:38_
--------
*ffeba13220583f1c68d1776049c8a453*
`登陆天数: 7天 / 658天
等级: 130
石头: 4058
呼符: 328
体力: 29.436666666666667 / 138
友情点: 0 / 440340`
_2024-06-14 04:35:46_
--------
*372e6da6bb3dc5bce05342a8045a20ae*
`登陆天数: 7天 / 658天
等级: 130
石头: 4058
呼符: 34
体力: 29.409999999999997 / 138
友情点: 0 / 440035`
_2024-06-14 04:35:54_
--------
*82da978a061d7301f3a3aaffa2815ee5*
`登陆天数: 7天 / 658天
等级: 130
石头: 4064
呼符: 148
体力: 29.379999999999995 / 138
友情点: 0 / 439545`
_2024-06-14 04:36:02_
--------
*d16b3fd59ca36208c5b80332f39d126b*
`登陆天数: 7天 / 658天
等级: 130
石头: 4062
呼符: 102
体力: 29.35333333333334 / 138
友情点: 0 / 440755`
_2024-06-14 04:36:10_
--------
*4d316bf598657c85c540609418271f05*
`登陆天数: 7天 / 658天
等级: 130
石头: 4066
呼符: 325
体力: 29.323333333333338 / 138
友情点: 0 / 440555`
_2024-06-14 04:36:18_
--------
*c8cb05374732f15bdbdd63e862e47de0*
`登陆天数: 7天 / 659天
等级: 130
石头: 4049
呼符: 137
体力: 29.293333333333337 / 138
友情点: 0 / 440880`
_2024-06-14 04:36:26_
--------
*09289e08583c6b966fb2a8c320174075*
`登陆天数: 7天 / 659天
等级: 130
石头: 4062
呼符: 322
体力: 29.263333333333335 / 138
友情点: 0 / 439780`
_2024-06-14 04:36:34_
--------
*ea2bf78dcb2d0d62f1c5a7d9a98b5606*
`登陆天数: 7天 / 658天
等级: 130
石头: 4057
呼符: 308
体力: 29.233333333333334 / 138
友情点: 0 / 441555`
_2024-06-14 04:36:42_
--------
*ee9b77ab7dd1dfc97d0ce7ba62833a98*
`登陆天数: 7天 / 658天
等级: 130
石头: 4077
呼符: 111
体力: 29.206666666666663 / 138
友情点: 0 / 441490`
_2024-06-14 04:36:50_
--------
*61088cc40fd6b0bc6833933d28ed3de3*
`登陆天数: 7天 / 659天
等级: 130
石头: 4071
呼符: 35
体力: 29.176666666666662 / 138
友情点: 0 / 440845`
_2024-06-14 04:36:59_
--------
*81bfc10defefd33ce627e03848afd4a1*
`登陆天数: 7天 / 658天
等级: 130
石头: 4058
呼符: 249
体力: 29.150000000000006 / 138
友情点: 0 / 440400`
_2024-06-14 04:37:07_
--------
*c7926b8c584eeca611fff54168dbacf0*
`登陆天数: 7天 / 658天
等级: 130
石头: 4060
呼符: 273
体力: 29.123333333333335 / 138
友情点: 0 / 441490`
_2024-06-14 04:37:15_
--------
*9c41e532b5b35509c4e205e5f6d71516*
`登陆天数: 7天 / 658天
等级: 130
石头: 4073
呼符: 319
体力: 29.093333333333334 / 138
友情点: 0 / 441385`
_2024-06-14 04:37:23_
--------
*5260047b3ad76138031db245436cefac*
`登陆天数: 7天 / 659天
等级: 130
石头: 4048
呼符: 307
体力: 29.066666666666663 / 138
友情点: 0 / 439155`
_2024-06-14 04:37:31_
--------
*83ecba44fc600de9d766730ec961be45*
`登陆天数: 7天 / 659天
等级: 130
石头: 4077
呼符: 213
体力: 29.03666666666666 / 138
友情点: 0 / 440110`
_2024-06-14 04:37:39_
--------
*9ff904b87e4941c2dc6354cee5594ba0*
`登陆天数: 7天 / 658天
等级: 130
石头: 4054
呼符: 244
体力: 29.00666666666666 / 138
友情点: 0 / 440110`
_2024-06-14 04:37:47_
--------
*575718672d8ebb23a6a368d5950ea3f9*
`登陆天数: 7天 / 658天
等级: 130
石头: 4071
呼符: 312
体力: 28.97333333333333 / 138
友情点: 0 / 440430`
_2024-06-14 04:37:55_
--------
*a2d701ff4c15c728056da94e68b57ae2*
`登陆天数: 22天 / 660天
等级: 130
石头: 4058
呼符: 326
体力: 31.673333333333332 / 138
友情点: 0 / 446890`
_2024-06-14 04:38:03_
--------
