【登录信息】
*3fdba2c5f00025dda579a913c60ea513*
`登陆天数: 9天 / 660天
等级: 130
石头: 4068
呼符: 331
体力: 30.21666666666667 / 138
友情点: 0 / 428725`
_2024-06-16 04:30:22_
--------
*da60cce66253dbd8e346f74e0f8d6529*
`登陆天数: 9天 / 661天
等级: 130
石头: 4076
呼符: 314
体力: 30.186666666666667 / 138
友情点: 0 / 430100`
_2024-06-16 04:30:29_
--------
*18814a262eb2305d76cdd73e940b0200*
`登陆天数: 9天 / 660天
等级: 130
石头: 4064
呼符: 219
体力: 30.153333333333336 / 138
友情点: 0 / 430305`
_2024-06-16 04:30:37_
--------
*03d5478dd7def7e2cbc7d4e5520dc0b7*
`登陆天数: 9天 / 661天
等级: 130
石头: 4085
呼符: 309
体力: 30.126666666666665 / 138
友情点: 0 / 432005`
_2024-06-16 04:30:45_
--------
*be234d0b7e1e5a857742866fc7b07a83*
`登陆天数: 9天 / 661天
等级: 130
石头: 4076
呼符: 35
体力: 30.099999999999994 / 138
友情点: 0 / 431650`
_2024-06-16 04:30:52_
--------
*4566ac8b3f1bd3b8b9365cdeb8d202fa*
`登陆天数: 9天 / 661天
等级: 130
石头: 4016
呼符: 265
体力: 30.066666666666663 / 138
友情点: 0 / 430890`
_2024-06-16 04:31:00_
--------
*3bf566d061a3eba5cf40d541daf6eba0*
`登陆天数: 9天 / 661天
等级: 130
石头: 4079
呼符: 312
体力: 30.040000000000006 / 138
友情点: 0 / 430095`
_2024-06-16 04:31:08_
--------
*7f5dd9bb7f0e2b710dc362ba9c47bdaf*
`登陆天数: 9天 / 660天
等级: 130
石头: 4069
呼符: 326
体力: 30.010000000000005 / 138
友情点: 0 / 429555`
_2024-06-16 04:31:15_
--------
*2c808dffc62a12a23571f635ec6b0c75*
`登陆天数: 9天 / 660天
等级: 130
石头: 4055
呼符: 184
体力: 29.983333333333334 / 138
友情点: 0 / 429625`
_2024-06-16 04:31:23_
--------
*6e8fc3fc5680765849f7c7c4a9c2fd19*
`登陆天数: 9天 / 661天
等级: 130
石头: 4078
呼符: 332
体力: 29.956666666666663 / 138
友情点: 0 / 430925`
_2024-06-16 04:31:31_
--------
*1e79ec2a138d2732b231e928549209a8*
`登陆天数: 9天 / 660天
等级: 130
石头: 4056
呼符: 134
体力: 29.923333333333332 / 138
友情点: 0 / 430360`
_2024-06-16 04:31:39_
--------
*f597df4d52f38647122d8346570148e6*
`登陆天数: 9天 / 661天
等级: 130
石头: 4060
呼符: 217
体力: 29.89666666666666 / 138
友情点: 0 / 429955`
_2024-06-16 04:31:46_
--------
*5a4fbb2687b49571d8909cc29d80c8d3*
`登陆天数: 9天 / 660天
等级: 130
石头: 4074
呼符: 126
体力: 29.86333333333333 / 138
友情点: 0 / 430390`
_2024-06-16 04:31:54_
--------
*d8c8e287f3f93a7464029398313a3432*
`登陆天数: 9天 / 660天
等级: 130
石头: 4060
呼符: 324
体力: 29.83333333333333 / 138
友情点: 0 / 430660`
_2024-06-16 04:32:02_
--------
*60ea15c6e0ebdf27d96f7f10cdbee1ee*
`登陆天数: 9天 / 660天
等级: 130
石头: 4070
呼符: 178
体力: 29.806666666666672 / 138
友情点: 0 / 430560`
_2024-06-16 04:32:10_
--------
*7bc2aa65a4b5f92b29225d89d6a332d2*
`登陆天数: 9天 / 661天
等级: 130
石头: 4072
呼符: 212
体力: 29.77666666666667 / 138
友情点: 0 / 429945`
_2024-06-16 04:32:17_
--------
*34920cf09fea1f69f794416a0f39d3e7*
`登陆天数: 9天 / 660天
等级: 130
石头: 4060
呼符: 234
体力: 29.74666666666667 / 138
友情点: 0 / 430930`
_2024-06-16 04:32:25_
--------
*27f46d4ae5df5d41759c532579ea6261*
`登陆天数: 9天 / 660天
等级: 130
石头: 4077
呼符: 98
体力: 29.71666666666667 / 138
友情点: 0 / 430820`
_2024-06-16 04:32:32_
--------
*66714f5930d6634bd9f26106b93d4364*
`登陆天数: 9天 / 660天
等级: 130
石头: 4070
呼符: 324
体力: 29.683333333333337 / 138
友情点: 0 / 431030`
_2024-06-16 04:32:40_
--------
*dbb170460e91580b341a3f1c6493a326*
`登陆天数: 9天 / 661天
等级: 130
石头: 4075
呼符: 283
体力: 29.656666666666666 / 138
友情点: 0 / 432060`
_2024-06-16 04:32:47_
--------
*c751f06233300594fac5f4b31ee91c6b*
`登陆天数: 9天 / 660天
等级: 130
石头: 4079
呼符: 149
体力: 29.623333333333335 / 138
友情点: 0 / 432125`
_2024-06-16 04:32:55_
--------
*2d5640b611ac848e184ae56b9f4cecda*
`登陆天数: 9天 / 661天
等级: 130
石头: 4062
呼符: 303
体力: 29.596666666666664 / 138
友情点: 0 / 430565`
_2024-06-16 04:33:02_
--------
*25341b97612b196f12e2ca665c9853c4*
`登陆天数: 9天 / 660天
等级: 130
石头: 4070
呼符: 325
体力: 29.566666666666663 / 138
友情点: 0 / 430440`
_2024-06-16 04:33:10_
--------
*a622df33b2381b40390c58680ba3af84*
`登陆天数: 9天 / 661天
等级: 130
石头: 4075
呼符: 284
体力: 29.53333333333333 / 138
友情点: 0 / 430785`
_2024-06-16 04:33:18_
--------
*30e9724d24c2525d9141ec788ebb78f3*
`登陆天数: 9天 / 661天
等级: 130
石头: 4075
呼符: 276
体力: 29.50666666666666 / 138
友情点: 0 / 430205`
_2024-06-16 04:33:26_
--------
*acdd634d76cb18780772997c9b7faed3*
`登陆天数: 9天 / 661天
等级: 130
石头: 4060
呼符: 215
体力: 29.476666666666674 / 138
友情点: 0 / 429685`
_2024-06-16 04:33:33_
--------
*05029aa47c8d24f5cb5177a640ae7f95*
`登陆天数: 9天 / 661天
等级: 130
石头: 4058
呼符: 177
体力: 29.446666666666673 / 138
友情点: 0 / 430555`
_2024-06-16 04:33:41_
--------
*585e3459b862732d0481950e99a3d5d9*
`登陆天数: 9天 / 661天
等级: 130
石头: 4073
呼符: 40
体力: 29.41666666666667 / 138
友情点: 0 / 431130`
_2024-06-16 04:33:48_
--------
*c0fa7c5a894f587da17f072179baf3f0*
`登陆天数: 9天 / 660天
等级: 130
石头: 4060
呼符: 34
体力: 29.38333333333334 / 138
友情点: 0 / 430250`
_2024-06-16 04:33:56_
--------
*9c96aed585d80fe5ec949b3f3323f72a*
`登陆天数: 9天 / 660天
等级: 130
石头: 4070
呼符: 126
体力: 29.35666666666667 / 138
友情点: 0 / 429725`
_2024-06-16 04:34:04_
--------
*bd775ddaa4fc303f73b4b11acee8e3cb*
`登陆天数: 9天 / 660天
等级: 130
石头: 4079
呼符: 274
体力: 29.319999999999993 / 138
友情点: 0 / 432080`
_2024-06-16 04:34:11_
--------
*769b35637fdb5bdbfc98640dea0af385*
`登陆天数: 9天 / 661天
等级: 130
石头: 4074
呼符: 242
体力: 29.293333333333337 / 138
友情点: 0 / 432520`
_2024-06-16 04:34:19_
--------
*ffeba13220583f1c68d1776049c8a453*
`登陆天数: 9天 / 660天
等级: 130
石头: 4059
呼符: 328
体力: 29.263333333333335 / 138
友情点: 0 / 430340`
_2024-06-16 04:34:26_
--------
*372e6da6bb3dc5bce05342a8045a20ae*
`登陆天数: 9天 / 660天
等级: 130
石头: 4059
呼符: 34
体力: 29.233333333333334 / 138
友情点: 0 / 430035`
_2024-06-16 04:34:34_
--------
*82da978a061d7301f3a3aaffa2815ee5*
`登陆天数: 9天 / 660天
等级: 130
石头: 4065
呼符: 148
体力: 29.203333333333333 / 138
友情点: 0 / 429545`
_2024-06-16 04:34:41_
--------
*d16b3fd59ca36208c5b80332f39d126b*
`登陆天数: 9天 / 660天
等级: 130
石头: 4063
呼符: 102
体力: 29.17 / 138
友情点: 0 / 430755`
_2024-06-16 04:34:49_
--------
*4d316bf598657c85c540609418271f05*
`登陆天数: 9天 / 660天
等级: 130
石头: 4067
呼符: 325
体力: 29.14333333333333 / 138
友情点: 0 / 430555`
_2024-06-16 04:34:57_
--------
*c8cb05374732f15bdbdd63e862e47de0*
`登陆天数: 9天 / 661天
等级: 130
石头: 4050
呼符: 137
体力: 29.11 / 138
友情点: 0 / 430880`
_2024-06-16 04:35:04_
--------
*09289e08583c6b966fb2a8c320174075*
`登陆天数: 9天 / 661天
等级: 130
石头: 4063
呼符: 322
体力: 29.08333333333333 / 138
友情点: 0 / 429780`
_2024-06-16 04:35:12_
--------
*ea2bf78dcb2d0d62f1c5a7d9a98b5606*
`登陆天数: 9天 / 660天
等级: 130
石头: 4058
呼符: 308
体力: 29.049999999999997 / 138
友情点: 0 / 431555`
_2024-06-16 04:35:19_
--------
*ee9b77ab7dd1dfc97d0ce7ba62833a98*
`登陆天数: 9天 / 660天
等级: 130
石头: 4078
呼符: 111
体力: 29.023333333333326 / 138
友情点: 0 / 431490`
_2024-06-16 04:35:27_
--------
*61088cc40fd6b0bc6833933d28ed3de3*
`登陆天数: 9天 / 661天
等级: 130
石头: 4072
呼符: 35
体力: 28.99333333333334 / 138
友情点: 0 / 430845`
_2024-06-16 04:35:34_
--------
*81bfc10defefd33ce627e03848afd4a1*
`登陆天数: 9天 / 660天
等级: 130
石头: 4059
呼符: 249
体力: 28.96333333333334 / 138
友情点: 0 / 430400`
_2024-06-16 04:35:42_
--------
*c7926b8c584eeca611fff54168dbacf0*
`登陆天数: 9天 / 660天
等级: 130
石头: 4061
呼符: 273
体力: 28.936666666666667 / 138
友情点: 0 / 431490`
_2024-06-16 04:35:50_
--------
*9c41e532b5b35509c4e205e5f6d71516*
`登陆天数: 9天 / 660天
等级: 130
石头: 4074
呼符: 319
体力: 28.906666666666666 / 138
友情点: 0 / 431385`
_2024-06-16 04:35:57_
--------
*5260047b3ad76138031db245436cefac*
`登陆天数: 9天 / 661天
等级: 130
石头: 4049
呼符: 307
体力: 28.876666666666665 / 138
友情点: 0 / 429155`
_2024-06-16 04:36:05_
--------
*83ecba44fc600de9d766730ec961be45*
`登陆天数: 9天 / 661天
等级: 130
石头: 4078
呼符: 213
体力: 28.846666666666664 / 138
友情点: 0 / 430110`
_2024-06-16 04:36:13_
--------
*9ff904b87e4941c2dc6354cee5594ba0*
`登陆天数: 9天 / 660天
等级: 130
石头: 4055
呼符: 244
体力: 28.819999999999993 / 138
友情点: 0 / 430110`
_2024-06-16 04:36:20_
--------
*575718672d8ebb23a6a368d5950ea3f9*
`登陆天数: 9天 / 660天
等级: 130
石头: 4072
呼符: 312
体力: 28.78666666666666 / 138
友情点: 0 / 430430`
_2024-06-16 04:36:28_
--------
*a2d701ff4c15c728056da94e68b57ae2*
`登陆天数: 24天 / 662天
等级: 130
石头: 4059
呼符: 326
体力: 31.443333333333328 / 138
友情点: 0 / 434890`
_2024-06-16 04:36:36_
--------
