【登录信息】
*3fdba2c5f00025dda579a913c60ea513*
`登陆天数: 10天 / 661天
等级: 130
石头: 4068
呼符: 331
体力: 30.61666666666666 / 138
友情点: 0 / 422725`
_2024-06-17 04:34:33_
--------
*da60cce66253dbd8e346f74e0f8d6529*
`登陆天数: 10天 / 662天
等级: 130
石头: 4076
呼符: 314
体力: 30.58333333333333 / 138
友情点: 0 / 424100`
_2024-06-17 04:34:41_
--------
*18814a262eb2305d76cdd73e940b0200*
`登陆天数: 10天 / 661天
等级: 130
石头: 4064
呼符: 219
体力: 30.553333333333327 / 138
友情点: 0 / 424305`
_2024-06-17 04:34:50_
--------
*03d5478dd7def7e2cbc7d4e5520dc0b7*
`登陆天数: 10天 / 662天
等级: 130
石头: 4085
呼符: 309
体力: 30.523333333333326 / 138
友情点: 0 / 426005`
_2024-06-17 04:34:58_
--------
*be234d0b7e1e5a857742866fc7b07a83*
`登陆天数: 10天 / 662天
等级: 130
石头: 4076
呼符: 35
体力: 30.486666666666665 / 138
友情点: 0 / 425650`
_2024-06-17 04:35:05_
--------
*4566ac8b3f1bd3b8b9365cdeb8d202fa*
`登陆天数: 10天 / 662天
等级: 130
石头: 4016
呼符: 265
体力: 30.459999999999994 / 138
友情点: 0 / 424890`
_2024-06-17 04:35:14_
--------
*3bf566d061a3eba5cf40d541daf6eba0*
`登陆天数: 10天 / 662天
等级: 130
石头: 4079
呼符: 312
体力: 30.423333333333332 / 138
友情点: 0 / 424095`
_2024-06-17 04:35:22_
--------
*7f5dd9bb7f0e2b710dc362ba9c47bdaf*
`登陆天数: 10天 / 661天
等级: 130
石头: 4069
呼符: 326
体力: 30.39333333333333 / 138
友情点: 0 / 423555`
_2024-06-17 04:35:30_
--------
*2c808dffc62a12a23571f635ec6b0c75*
`登陆天数: 10天 / 661天
等级: 130
石头: 4055
呼符: 184
体力: 30.35666666666667 / 138
友情点: 0 / 423625`
_2024-06-17 04:35:38_
--------
*6e8fc3fc5680765849f7c7c4a9c2fd19*
`登陆天数: 10天 / 662天
等级: 130
石头: 4078
呼符: 332
体力: 30.33 / 138
友情点: 0 / 424925`
_2024-06-17 04:35:46_
--------
*1e79ec2a138d2732b231e928549209a8*
`登陆天数: 10天 / 661天
等级: 130
石头: 4056
呼符: 134
体力: 30.299999999999997 / 138
友情点: 0 / 424360`
_2024-06-17 04:35:54_
--------
*f597df4d52f38647122d8346570148e6*
`登陆天数: 10天 / 662天
等级: 130
石头: 4060
呼符: 217
体力: 30.269999999999996 / 138
友情点: 0 / 423955`
_2024-06-17 04:36:02_
--------
*5a4fbb2687b49571d8909cc29d80c8d3*
`登陆天数: 10天 / 661天
等级: 130
石头: 4074
呼符: 126
体力: 30.236666666666665 / 138
友情点: 0 / 424390`
_2024-06-17 04:36:10_
--------
*d8c8e287f3f93a7464029398313a3432*
`登陆天数: 10天 / 661天
等级: 130
石头: 4060
呼符: 324
体力: 30.209999999999994 / 138
友情点: 0 / 424660`
_2024-06-17 04:36:18_
--------
*60ea15c6e0ebdf27d96f7f10cdbee1ee*
`登陆天数: 10天 / 661天
等级: 130
石头: 4070
呼符: 178
体力: 30.183333333333337 / 138
友情点: 0 / 424560`
_2024-06-17 04:36:26_
--------
*7bc2aa65a4b5f92b29225d89d6a332d2*
`登陆天数: 10天 / 662天
等级: 130
石头: 4072
呼符: 212
体力: 30.153333333333336 / 138
友情点: 0 / 423945`
_2024-06-17 04:36:35_
--------
*34920cf09fea1f69f794416a0f39d3e7*
`登陆天数: 10天 / 661天
等级: 130
石头: 4060
呼符: 234
体力: 30.123333333333335 / 138
友情点: 0 / 424930`
_2024-06-17 04:36:43_
--------
*27f46d4ae5df5d41759c532579ea6261*
`登陆天数: 10天 / 661天
等级: 130
石头: 4077
呼符: 98
体力: 30.096666666666664 / 138
友情点: 0 / 424820`
_2024-06-17 04:36:51_
--------
*66714f5930d6634bd9f26106b93d4364*
`登陆天数: 10天 / 661天
等级: 130
石头: 4070
呼符: 324
体力: 30.066666666666663 / 138
友情点: 0 / 425030`
_2024-06-17 04:36:58_
--------
*dbb170460e91580b341a3f1c6493a326*
`登陆天数: 10天 / 662天
等级: 130
石头: 4075
呼符: 283
体力: 30.03666666666666 / 138
友情点: 0 / 426060`
_2024-06-17 04:37:06_
--------
*c751f06233300594fac5f4b31ee91c6b*
`登陆天数: 10天 / 661天
等级: 130
石头: 4079
呼符: 149
体力: 30.00666666666666 / 138
友情点: 0 / 426125`
_2024-06-17 04:37:14_
--------
*2d5640b611ac848e184ae56b9f4cecda*
`登陆天数: 10天 / 662天
等级: 130
石头: 4062
呼符: 303
体力: 29.976666666666674 / 138
友情点: 0 / 424565`
_2024-06-17 04:37:22_
--------
*25341b97612b196f12e2ca665c9853c4*
`登陆天数: 10天 / 661天
等级: 130
石头: 4070
呼符: 325
体力: 29.950000000000003 / 138
友情点: 0 / 424440`
_2024-06-17 04:37:30_
--------
*a622df33b2381b40390c58680ba3af84*
`登陆天数: 10天 / 662天
等级: 130
石头: 4075
呼符: 284
体力: 29.92 / 138
友情点: 0 / 424785`
_2024-06-17 04:37:39_
--------
*30e9724d24c2525d9141ec788ebb78f3*
`登陆天数: 10天 / 662天
等级: 130
石头: 4075
呼符: 276
体力: 29.89 / 138
友情点: 0 / 424205`
_2024-06-17 04:37:47_
--------
*acdd634d76cb18780772997c9b7faed3*
`登陆天数: 10天 / 662天
等级: 130
石头: 4060
呼符: 215
体力: 29.86333333333333 / 138
友情点: 0 / 423685`
_2024-06-17 04:37:54_
--------
*05029aa47c8d24f5cb5177a640ae7f95*
`登陆天数: 10天 / 662天
等级: 130
石头: 4058
呼符: 177
体力: 29.83333333333333 / 138
友情点: 0 / 424555`
_2024-06-17 04:38:02_
--------
*585e3459b862732d0481950e99a3d5d9*
`登陆天数: 10天 / 662天
等级: 130
石头: 4073
呼符: 40
体力: 29.806666666666672 / 138
友情点: 0 / 425130`
_2024-06-17 04:38:10_
--------
*c0fa7c5a894f587da17f072179baf3f0*
`登陆天数: 10天 / 661天
等级: 130
石头: 4060
呼符: 34
体力: 29.77666666666667 / 138
友情点: 0 / 424250`
_2024-06-17 04:38:18_
--------
*9c96aed585d80fe5ec949b3f3323f72a*
`登陆天数: 10天 / 661天
等级: 130
石头: 4070
呼符: 126
体力: 29.74666666666667 / 138
友情点: 0 / 423725`
_2024-06-17 04:38:26_
--------
*bd775ddaa4fc303f73b4b11acee8e3cb*
`登陆天数: 10天 / 661天
等级: 130
石头: 4079
呼符: 274
体力: 29.72 / 138
友情点: 0 / 426080`
_2024-06-17 04:38:34_
--------
*769b35637fdb5bdbfc98640dea0af385*
`登陆天数: 10天 / 662天
等级: 130
石头: 4074
呼符: 242
体力: 29.689999999999998 / 138
友情点: 0 / 426520`
_2024-06-17 04:38:43_
--------
*ffeba13220583f1c68d1776049c8a453*
`登陆天数: 10天 / 661天
等级: 130
石头: 4059
呼符: 328
体力: 29.659999999999997 / 138
友情点: 0 / 424340`
_2024-06-17 04:38:51_
--------
*372e6da6bb3dc5bce05342a8045a20ae*
`登陆天数: 10天 / 661天
等级: 130
石头: 4059
呼符: 34
体力: 29.63666666666667 / 138
友情点: 0 / 424035`
_2024-06-17 04:38:59_
--------
*82da978a061d7301f3a3aaffa2815ee5*
`登陆天数: 10天 / 661天
等级: 130
石头: 4065
呼符: 148
体力: 29.60333333333334 / 138
友情点: 0 / 423545`
_2024-06-17 04:39:07_
--------
*d16b3fd59ca36208c5b80332f39d126b*
`登陆天数: 10天 / 661天
等级: 130
石头: 4063
呼符: 102
体力: 29.576666666666668 / 138
友情点: 0 / 424755`
_2024-06-17 04:39:14_
--------
*4d316bf598657c85c540609418271f05*
`登陆天数: 10天 / 661天
等级: 130
石头: 4067
呼符: 325
体力: 29.546666666666667 / 138
友情点: 0 / 424555`
_2024-06-17 04:39:22_
--------
*c8cb05374732f15bdbdd63e862e47de0*
`登陆天数: 10天 / 662天
等级: 130
石头: 4050
呼符: 137
体力: 29.516666666666666 / 138
友情点: 0 / 424880`
_2024-06-17 04:39:30_
--------
*09289e08583c6b966fb2a8c320174075*
`登陆天数: 10天 / 662天
等级: 130
石头: 4063
呼符: 322
体力: 29.489999999999995 / 138
友情点: 0 / 423780`
_2024-06-17 04:39:38_
--------
*ea2bf78dcb2d0d62f1c5a7d9a98b5606*
`登陆天数: 10天 / 661天
等级: 130
石头: 4058
呼符: 308
体力: 29.459999999999994 / 138
友情点: 0 / 425555`
_2024-06-17 04:39:47_
--------
*ee9b77ab7dd1dfc97d0ce7ba62833a98*
`登陆天数: 10天 / 661天
等级: 130
石头: 4078
呼符: 111
体力: 29.430000000000007 / 138
友情点: 0 / 425490`
_2024-06-17 04:39:55_
--------
*61088cc40fd6b0bc6833933d28ed3de3*
`登陆天数: 10天 / 662天
等级: 130
石头: 4072
呼符: 35
体力: 29.403333333333336 / 138
友情点: 0 / 424845`
_2024-06-17 04:40:03_
--------
*81bfc10defefd33ce627e03848afd4a1*
`登陆天数: 10天 / 661天
等级: 130
石头: 4059
呼符: 249
体力: 29.373333333333335 / 138
友情点: 0 / 424400`
_2024-06-17 04:40:10_
--------
*c7926b8c584eeca611fff54168dbacf0*
`登陆天数: 10天 / 661天
等级: 130
石头: 4061
呼符: 273
体力: 29.340000000000003 / 138
友情点: 0 / 425490`
_2024-06-17 04:40:19_
--------
*9c41e532b5b35509c4e205e5f6d71516*
`登陆天数: 10天 / 661天
等级: 130
石头: 4074
呼符: 319
体力: 29.313333333333333 / 138
友情点: 0 / 425385`
_2024-06-17 04:40:27_
--------
*5260047b3ad76138031db245436cefac*
`登陆天数: 10天 / 662天
等级: 130
石头: 4049
呼符: 307
体力: 29.28 / 138
友情点: 0 / 423155`
_2024-06-17 04:40:35_
--------
*83ecba44fc600de9d766730ec961be45*
`登陆天数: 10天 / 662天
等级: 130
石头: 4078
呼符: 213
体力: 29.25333333333333 / 138
友情点: 0 / 424110`
_2024-06-17 04:40:43_
--------
*9ff904b87e4941c2dc6354cee5594ba0*
`登陆天数: 10天 / 661天
等级: 130
石头: 4055
呼符: 244
体力: 29.226666666666674 / 138
友情点: 0 / 424110`
_2024-06-17 04:40:51_
--------
*575718672d8ebb23a6a368d5950ea3f9*
`登陆天数: 10天 / 661天
等级: 130
石头: 4072
呼符: 312
体力: 29.196666666666673 / 138
友情点: 0 / 424430`
_2024-06-17 04:40:59_
--------
*a2d701ff4c15c728056da94e68b57ae2*
`登陆天数: 25天 / 663天
等级: 130
石头: 4060
呼符: 326
体力: 31.92 / 138
友情点: 0 / 428890`
_2024-06-17 04:41:08_
--------
