【登录信息】
*3fdba2c5f00025dda579a913c60ea513*
`登陆天数: 11天 / 662天
等级: 130
石头: 4069
呼符: 331
体力: 29.86333333333333 / 138
友情点: 0 / 416725`
_2024-06-18 04:31:03_
--------
*da60cce66253dbd8e346f74e0f8d6529*
`登陆天数: 11天 / 663天
等级: 130
石头: 4077
呼符: 314
体力: 29.83 / 138
友情点: 0 / 418100`
_2024-06-18 04:31:11_
--------
*18814a262eb2305d76cdd73e940b0200*
`登陆天数: 11天 / 662天
等级: 130
石头: 4065
呼符: 219
体力: 29.799999999999997 / 138
友情点: 0 / 418305`
_2024-06-18 04:31:18_
--------
*03d5478dd7def7e2cbc7d4e5520dc0b7*
`登陆天数: 11天 / 663天
等级: 130
石头: 4086
呼符: 309
体力: 29.766666666666666 / 138
友情点: 0 / 420005`
_2024-06-18 04:31:26_
--------
*be234d0b7e1e5a857742866fc7b07a83*
`登陆天数: 11天 / 663天
等级: 130
石头: 4077
呼符: 35
体力: 29.730000000000004 / 138
友情点: 0 / 419650`
_2024-06-18 04:31:34_
--------
*4566ac8b3f1bd3b8b9365cdeb8d202fa*
`登陆天数: 11天 / 663天
等级: 130
石头: 4017
呼符: 265
体力: 29.700000000000003 / 138
友情点: 0 / 418890`
_2024-06-18 04:31:42_
--------
*3bf566d061a3eba5cf40d541daf6eba0*
`登陆天数: 11天 / 663天
等级: 130
石头: 4080
呼符: 312
体力: 29.67 / 138
友情点: 0 / 418095`
_2024-06-18 04:31:50_
--------
*7f5dd9bb7f0e2b710dc362ba9c47bdaf*
`登陆天数: 11天 / 662天
等级: 130
石头: 4070
呼符: 326
体力: 29.63666666666667 / 138
友情点: 0 / 417555`
_2024-06-18 04:31:57_
--------
*2c808dffc62a12a23571f635ec6b0c75*
`登陆天数: 11天 / 662天
等级: 130
石头: 4056
呼符: 184
体力: 29.60666666666667 / 138
友情点: 0 / 417625`
_2024-06-18 04:32:05_
--------
*6e8fc3fc5680765849f7c7c4a9c2fd19*
`登陆天数: 11天 / 663天
等级: 130
石头: 4079
呼符: 332
体力: 29.576666666666668 / 138
友情点: 0 / 418925`
_2024-06-18 04:32:13_
--------
*1e79ec2a138d2732b231e928549209a8*
`登陆天数: 11天 / 662天
等级: 130
石头: 4057
呼符: 134
体力: 29.543333333333337 / 138
友情点: 0 / 418360`
_2024-06-18 04:32:21_
--------
*f597df4d52f38647122d8346570148e6*
`登陆天数: 11天 / 663天
等级: 130
石头: 4061
呼符: 217
体力: 29.513333333333335 / 138
友情点: 0 / 417955`
_2024-06-18 04:32:28_
--------
*5a4fbb2687b49571d8909cc29d80c8d3*
`登陆天数: 11天 / 662天
等级: 130
石头: 4075
呼符: 126
体力: 29.483333333333334 / 138
友情点: 0 / 418390`
_2024-06-18 04:32:36_
--------
*d8c8e287f3f93a7464029398313a3432*
`登陆天数: 11天 / 662天
等级: 130
石头: 4061
呼符: 324
体力: 29.453333333333333 / 138
友情点: 0 / 418660`
_2024-06-18 04:32:44_
--------
*60ea15c6e0ebdf27d96f7f10cdbee1ee*
`登陆天数: 11天 / 662天
等级: 130
石头: 4071
呼符: 178
体力: 29.42 / 138
友情点: 0 / 418560`
_2024-06-18 04:32:52_
--------
*7bc2aa65a4b5f92b29225d89d6a332d2*
`登陆天数: 11天 / 663天
等级: 130
石头: 4073
呼符: 212
体力: 29.39 / 138
友情点: 0 / 417945`
_2024-06-18 04:33:00_
--------
*34920cf09fea1f69f794416a0f39d3e7*
`登陆天数: 11天 / 662天
等级: 130
石头: 4061
呼符: 234
体力: 29.36 / 138
友情点: 0 / 418930`
_2024-06-18 04:33:07_
--------
*27f46d4ae5df5d41759c532579ea6261*
`登陆天数: 11天 / 662天
等级: 130
石头: 4078
呼符: 98
体力: 29.33 / 138
友情点: 0 / 418820`
_2024-06-18 04:33:15_
--------
*66714f5930d6634bd9f26106b93d4364*
`登陆天数: 11天 / 662天
等级: 130
石头: 4071
呼符: 324
体力: 29.293333333333337 / 138
友情点: 0 / 419030`
_2024-06-18 04:33:23_
--------
*dbb170460e91580b341a3f1c6493a326*
`登陆天数: 11天 / 663天
等级: 130
石头: 4076
呼符: 283
体力: 29.263333333333335 / 138
友情点: 0 / 420060`
_2024-06-18 04:33:31_
--------
*c751f06233300594fac5f4b31ee91c6b*
`登陆天数: 11天 / 662天
等级: 130
石头: 4080
呼符: 149
体力: 29.233333333333334 / 138
友情点: 0 / 420125`
_2024-06-18 04:33:38_
--------
*2d5640b611ac848e184ae56b9f4cecda*
`登陆天数: 11天 / 663天
等级: 130
石头: 4063
呼符: 303
体力: 29.196666666666673 / 138
友情点: 0 / 418565`
_2024-06-18 04:33:46_
--------
*25341b97612b196f12e2ca665c9853c4*
`登陆天数: 11天 / 662天
等级: 130
石头: 4071
呼符: 325
体力: 29.163333333333327 / 138
友情点: 0 / 418440`
_2024-06-18 04:33:53_
--------
*a622df33b2381b40390c58680ba3af84*
`登陆天数: 11天 / 663天
等级: 130
石头: 4076
呼符: 284
体力: 29.129999999999995 / 138
友情点: 0 / 418785`
_2024-06-18 04:34:01_
--------
*30e9724d24c2525d9141ec788ebb78f3*
`登陆天数: 11天 / 663天
等级: 130
石头: 4076
呼符: 276
体力: 29.099999999999994 / 138
友情点: 0 / 418205`
_2024-06-18 04:34:09_
--------
*acdd634d76cb18780772997c9b7faed3*
`登陆天数: 11天 / 663天
等级: 130
石头: 4061
呼符: 215
体力: 29.066666666666663 / 138
友情点: 0 / 417685`
_2024-06-18 04:34:17_
--------
*05029aa47c8d24f5cb5177a640ae7f95*
`登陆天数: 11天 / 663天
等级: 130
石头: 4059
呼符: 177
体力: 29.03333333333333 / 138
友情点: 0 / 418555`
_2024-06-18 04:34:24_
--------
*585e3459b862732d0481950e99a3d5d9*
`登陆天数: 11天 / 663天
等级: 130
石头: 4074
呼符: 40
体力: 29.0 / 138
友情点: 0 / 419130`
_2024-06-18 04:34:32_
--------
*c0fa7c5a894f587da17f072179baf3f0*
`登陆天数: 11天 / 662天
等级: 130
石头: 4061
呼符: 34
体力: 28.96666666666667 / 138
友情点: 0 / 418250`
_2024-06-18 04:34:40_
--------
*9c96aed585d80fe5ec949b3f3323f72a*
`登陆天数: 11天 / 662天
等级: 130
石头: 4071
呼符: 126
体力: 28.936666666666667 / 138
友情点: 0 / 417725`
_2024-06-18 04:34:48_
--------
*bd775ddaa4fc303f73b4b11acee8e3cb*
`登陆天数: 11天 / 662天
等级: 130
石头: 4080
呼符: 274
体力: 28.903333333333336 / 138
友情点: 0 / 420080`
_2024-06-18 04:34:55_
--------
*769b35637fdb5bdbfc98640dea0af385*
`登陆天数: 11天 / 663天
等级: 130
石头: 4075
呼符: 242
体力: 28.873333333333335 / 138
友情点: 0 / 420520`
_2024-06-18 04:35:03_
--------
*ffeba13220583f1c68d1776049c8a453*
`登陆天数: 11天 / 662天
等级: 130
石头: 4060
呼符: 328
体力: 28.840000000000003 / 138
友情点: 0 / 418340`
_2024-06-18 04:35:11_
--------
*372e6da6bb3dc5bce05342a8045a20ae*
`登陆天数: 11天 / 662天
等级: 130
石头: 4060
呼符: 34
体力: 28.810000000000002 / 138
友情点: 0 / 418035`
_2024-06-18 04:35:19_
--------
*82da978a061d7301f3a3aaffa2815ee5*
`登陆天数: 11天 / 662天
等级: 130
石头: 4066
呼符: 148
体力: 28.77666666666667 / 138
友情点: 0 / 417545`
_2024-06-18 04:35:26_
--------
*d16b3fd59ca36208c5b80332f39d126b*
`登陆天数: 11天 / 662天
等级: 130
石头: 4064
呼符: 102
体力: 28.74333333333334 / 138
友情点: 0 / 418755`
_2024-06-18 04:35:34_
--------
*4d316bf598657c85c540609418271f05*
`登陆天数: 11天 / 662天
等级: 130
石头: 4068
呼符: 325
体力: 28.71333333333334 / 138
友情点: 0 / 418555`
_2024-06-18 04:35:41_
--------
*c8cb05374732f15bdbdd63e862e47de0*
`登陆天数: 11天 / 663天
等级: 130
石头: 4051
呼符: 137
体力: 28.680000000000007 / 138
友情点: 0 / 418880`
_2024-06-18 04:35:49_
--------
*09289e08583c6b966fb2a8c320174075*
`登陆天数: 11天 / 663天
等级: 130
石头: 4064
呼符: 322
体力: 28.650000000000006 / 138
友情点: 0 / 417780`
_2024-06-18 04:35:57_
--------
*ea2bf78dcb2d0d62f1c5a7d9a98b5606*
`登陆天数: 11天 / 662天
等级: 130
石头: 4059
呼符: 308
体力: 28.620000000000005 / 138
友情点: 0 / 419555`
_2024-06-18 04:36:04_
--------
*ee9b77ab7dd1dfc97d0ce7ba62833a98*
`登陆天数: 11天 / 662天
等级: 130
石头: 4079
呼符: 111
体力: 28.590000000000003 / 138
友情点: 0 / 419490`
_2024-06-18 04:36:12_
--------
*61088cc40fd6b0bc6833933d28ed3de3*
`登陆天数: 11天 / 663天
等级: 130
石头: 4073
呼符: 35
体力: 28.556666666666672 / 138
友情点: 0 / 418845`
_2024-06-18 04:36:20_
--------
*81bfc10defefd33ce627e03848afd4a1*
`登陆天数: 11天 / 662天
等级: 130
石头: 4060
呼符: 249
体力: 28.52666666666667 / 138
友情点: 0 / 418400`
_2024-06-18 04:36:28_
--------
*c7926b8c584eeca611fff54168dbacf0*
`登陆天数: 11天 / 662天
等级: 130
石头: 4062
呼符: 273
体力: 28.49666666666667 / 138
友情点: 0 / 419490`
_2024-06-18 04:36:35_
--------
*9c41e532b5b35509c4e205e5f6d71516*
`登陆天数: 11天 / 662天
等级: 130
石头: 4075
呼符: 319
体力: 28.46333333333334 / 138
友情点: 0 / 419385`
_2024-06-18 04:36:43_
--------
*5260047b3ad76138031db245436cefac*
`登陆天数: 11天 / 663天
等级: 130
石头: 4050
呼符: 307
体力: 28.430000000000007 / 138
友情点: 0 / 417155`
_2024-06-18 04:36:51_
--------
*83ecba44fc600de9d766730ec961be45*
`登陆天数: 11天 / 663天
等级: 130
石头: 4079
呼符: 213
体力: 28.400000000000006 / 138
友情点: 0 / 418110`
_2024-06-18 04:36:58_
--------
*9ff904b87e4941c2dc6354cee5594ba0*
`登陆天数: 11天 / 662天
等级: 130
石头: 4056
呼符: 244
体力: 28.36666666666666 / 138
友情点: 0 / 418110`
_2024-06-18 04:37:06_
--------
*575718672d8ebb23a6a368d5950ea3f9*
`登陆天数: 11天 / 662天
等级: 130
石头: 4073
呼符: 312
体力: 28.336666666666673 / 138
友情点: 0 / 418430`
_2024-06-18 04:37:14_
--------
*a2d701ff4c15c728056da94e68b57ae2*
`登陆天数: 26天 / 664天
等级: 130
石头: 4060
呼符: 326
体力: 31.13666666666667 / 138
友情点: 0 / 422890`
_2024-06-18 04:37:21_
--------
