【登录信息】
*3fdba2c5f00025dda579a913c60ea513*
`登陆天数: 14天 / 665天
等级: 130
石头: 4077
呼符: 332
体力: 29.933333333333337 / 138
友情点: 0 / 398725`
_2024-06-21 04:31:28_
--------
*da60cce66253dbd8e346f74e0f8d6529*
`登陆天数: 14天 / 666天
等级: 130
石头: 4085
呼符: 315
体力: 29.900000000000006 / 138
友情点: 0 / 400100`
_2024-06-21 04:31:35_
--------
*18814a262eb2305d76cdd73e940b0200*
`登陆天数: 14天 / 665天
等级: 130
石头: 4073
呼符: 220
体力: 29.876666666666665 / 138
友情点: 0 / 400305`
_2024-06-21 04:31:43_
--------
*03d5478dd7def7e2cbc7d4e5520dc0b7*
`登陆天数: 14天 / 666天
等级: 130
石头: 4094
呼符: 310
体力: 29.846666666666664 / 138
友情点: 0 / 402005`
_2024-06-21 04:31:50_
--------
*be234d0b7e1e5a857742866fc7b07a83*
`登陆天数: 14天 / 666天
等级: 130
石头: 4085
呼符: 36
体力: 29.816666666666663 / 138
友情点: 0 / 401650`
_2024-06-21 04:31:58_
--------
*4566ac8b3f1bd3b8b9365cdeb8d202fa*
`登陆天数: 14天 / 666天
等级: 130
石头: 4025
呼符: 266
体力: 29.78666666666666 / 138
友情点: 0 / 400890`
_2024-06-21 04:32:06_
--------
*3bf566d061a3eba5cf40d541daf6eba0*
`登陆天数: 14天 / 666天
等级: 130
石头: 4088
呼符: 313
体力: 29.760000000000005 / 138
友情点: 0 / 400095`
_2024-06-21 04:32:14_
--------
*7f5dd9bb7f0e2b710dc362ba9c47bdaf*
`登陆天数: 14天 / 665天
等级: 130
石头: 4078
呼符: 327
体力: 29.733333333333334 / 138
友情点: 0 / 399555`
_2024-06-21 04:32:21_
--------
*2c808dffc62a12a23571f635ec6b0c75*
`登陆天数: 14天 / 665天
等级: 130
石头: 4064
呼符: 185
体力: 29.703333333333333 / 138
友情点: 0 / 399625`
_2024-06-21 04:32:29_
--------
*6e8fc3fc5680765849f7c7c4a9c2fd19*
`登陆天数: 14天 / 666天
等级: 130
石头: 4087
呼符: 333
体力: 29.673333333333332 / 138
友情点: 0 / 400925`
_2024-06-21 04:32:36_
--------
*1e79ec2a138d2732b231e928549209a8*
`登陆天数: 14天 / 665天
等级: 130
石头: 4065
呼符: 135
体力: 29.64333333333333 / 138
友情点: 0 / 400360`
_2024-06-21 04:32:44_
--------
*f597df4d52f38647122d8346570148e6*
`登陆天数: 14天 / 666天
等级: 130
石头: 4069
呼符: 218
体力: 29.61666666666666 / 138
友情点: 0 / 399955`
_2024-06-21 04:32:52_
--------
*5a4fbb2687b49571d8909cc29d80c8d3*
`登陆天数: 14天 / 665天
等级: 130
石头: 4083
呼符: 127
体力: 29.586666666666673 / 138
友情点: 0 / 400390`
_2024-06-21 04:32:59_
--------
*d8c8e287f3f93a7464029398313a3432*
`登陆天数: 14天 / 665天
等级: 130
石头: 4069
呼符: 325
体力: 29.556666666666672 / 138
友情点: 0 / 400660`
_2024-06-21 04:33:07_
--------
*60ea15c6e0ebdf27d96f7f10cdbee1ee*
`登陆天数: 14天 / 665天
等级: 130
石头: 4079
呼符: 179
体力: 29.53 / 138
友情点: 0 / 400560`
_2024-06-21 04:33:14_
--------
*7bc2aa65a4b5f92b29225d89d6a332d2*
`登陆天数: 14天 / 666天
等级: 130
石头: 4081
呼符: 213
体力: 29.50333333333333 / 138
友情点: 0 / 399945`
_2024-06-21 04:33:22_
--------
*34920cf09fea1f69f794416a0f39d3e7*
`登陆天数: 14天 / 665天
等级: 130
石头: 4069
呼符: 235
体力: 29.47333333333333 / 138
友情点: 0 / 400930`
_2024-06-21 04:33:30_
--------
*27f46d4ae5df5d41759c532579ea6261*
`登陆天数: 14天 / 665天
等级: 130
石头: 4086
呼符: 99
体力: 29.446666666666673 / 138
友情点: 0 / 400820`
_2024-06-21 04:33:37_
--------
*66714f5930d6634bd9f26106b93d4364*
`登陆天数: 14天 / 665天
等级: 130
石头: 4079
呼符: 325
体力: 29.42 / 138
友情点: 0 / 401030`
_2024-06-21 04:33:45_
--------
*dbb170460e91580b341a3f1c6493a326*
`登陆天数: 14天 / 666天
等级: 130
石头: 4084
呼符: 284
体力: 29.39333333333333 / 138
友情点: 0 / 402060`
_2024-06-21 04:33:53_
--------
*c751f06233300594fac5f4b31ee91c6b*
`登陆天数: 14天 / 665天
等级: 130
石头: 4088
呼符: 150
体力: 29.36333333333333 / 138
友情点: 0 / 402125`
_2024-06-21 04:34:01_
--------
*2d5640b611ac848e184ae56b9f4cecda*
`登陆天数: 14天 / 666天
等级: 130
石头: 4071
呼符: 304
体力: 29.33333333333333 / 138
友情点: 0 / 400565`
_2024-06-21 04:34:09_
--------
*25341b97612b196f12e2ca665c9853c4*
`登陆天数: 14天 / 665天
等级: 130
石头: 4079
呼符: 326
体力: 29.306666666666672 / 138
友情点: 0 / 400440`
_2024-06-21 04:34:16_
--------
*a622df33b2381b40390c58680ba3af84*
`登陆天数: 14天 / 666天
等级: 130
石头: 4084
呼符: 285
体力: 29.27666666666667 / 138
友情点: 0 / 400785`
_2024-06-21 04:34:24_
--------
*30e9724d24c2525d9141ec788ebb78f3*
`登陆天数: 14天 / 666天
等级: 130
石头: 4084
呼符: 277
体力: 29.25 / 138
友情点: 0 / 400205`
_2024-06-21 04:34:32_
--------
*acdd634d76cb18780772997c9b7faed3*
`登陆天数: 14天 / 666天
等级: 130
石头: 4069
呼符: 216
体力: 29.22333333333333 / 138
友情点: 0 / 399685`
_2024-06-21 04:34:39_
--------
*05029aa47c8d24f5cb5177a640ae7f95*
`登陆天数: 14天 / 666天
等级: 130
石头: 4067
呼符: 178
体力: 29.193333333333328 / 138
友情点: 0 / 400555`
_2024-06-21 04:34:47_
--------
*585e3459b862732d0481950e99a3d5d9*
`登陆天数: 14天 / 666天
等级: 130
石头: 4082
呼符: 41
体力: 29.16666666666667 / 138
友情点: 0 / 401130`
_2024-06-21 04:34:54_
--------
*c0fa7c5a894f587da17f072179baf3f0*
`登陆天数: 14天 / 665天
等级: 130
石头: 4069
呼符: 35
体力: 29.14 / 138
友情点: 0 / 400250`
_2024-06-21 04:35:02_
--------
*9c96aed585d80fe5ec949b3f3323f72a*
`登陆天数: 14天 / 665天
等级: 130
石头: 4079
呼符: 127
体力: 29.11 / 138
友情点: 0 / 399725`
_2024-06-21 04:35:10_
--------
*bd775ddaa4fc303f73b4b11acee8e3cb*
`登陆天数: 14天 / 665天
等级: 130
石头: 4088
呼符: 275
体力: 29.08333333333333 / 138
友情点: 0 / 402080`
_2024-06-21 04:35:18_
--------
*769b35637fdb5bdbfc98640dea0af385*
`登陆天数: 14天 / 666天
等级: 130
石头: 4083
呼符: 243
体力: 29.056666666666672 / 138
友情点: 0 / 402520`
_2024-06-21 04:35:25_
--------
*ffeba13220583f1c68d1776049c8a453*
`登陆天数: 14天 / 665天
等级: 130
石头: 4068
呼符: 329
体力: 29.02666666666667 / 138
友情点: 0 / 400340`
_2024-06-21 04:35:33_
--------
*372e6da6bb3dc5bce05342a8045a20ae*
`登陆天数: 14天 / 665天
等级: 130
石头: 4068
呼符: 35
体力: 29.0 / 138
友情点: 0 / 400035`
_2024-06-21 04:35:41_
--------
*82da978a061d7301f3a3aaffa2815ee5*
`登陆天数: 14天 / 665天
等级: 130
石头: 4074
呼符: 149
体力: 28.97 / 138
友情点: 0 / 399545`
_2024-06-21 04:35:49_
--------
*d16b3fd59ca36208c5b80332f39d126b*
`登陆天数: 14天 / 665天
等级: 130
石头: 4072
呼符: 103
体力: 28.943333333333328 / 138
友情点: 0 / 400755`
_2024-06-21 04:35:56_
--------
*4d316bf598657c85c540609418271f05*
`登陆天数: 14天 / 665天
等级: 130
石头: 4076
呼符: 326
体力: 28.91666666666667 / 138
友情点: 0 / 400555`
_2024-06-21 04:36:04_
--------
*c8cb05374732f15bdbdd63e862e47de0*
`登陆天数: 14天 / 666天
等级: 130
石头: 4059
呼符: 138
体力: 28.89 / 138
友情点: 0 / 400880`
_2024-06-21 04:36:12_
--------
*09289e08583c6b966fb2a8c320174075*
`登陆天数: 14天 / 666天
等级: 130
石头: 4072
呼符: 323
体力: 28.86 / 138
友情点: 0 / 399780`
_2024-06-21 04:36:20_
--------
*ea2bf78dcb2d0d62f1c5a7d9a98b5606*
`登陆天数: 14天 / 665天
等级: 130
石头: 4067
呼符: 309
体力: 28.83333333333333 / 138
友情点: 0 / 401555`
_2024-06-21 04:36:27_
--------
*ee9b77ab7dd1dfc97d0ce7ba62833a98*
`登陆天数: 14天 / 665天
等级: 130
石头: 4087
呼符: 112
体力: 28.799999999999997 / 138
友情点: 0 / 401490`
_2024-06-21 04:36:35_
--------
*61088cc40fd6b0bc6833933d28ed3de3*
`登陆天数: 14天 / 666天
等级: 130
石头: 4081
呼符: 36
体力: 28.773333333333326 / 138
友情点: 0 / 400845`
_2024-06-21 04:36:43_
--------
*81bfc10defefd33ce627e03848afd4a1*
`登陆天数: 14天 / 665天
等级: 130
石头: 4068
呼符: 250
体力: 28.74666666666667 / 138
友情点: 0 / 400400`
_2024-06-21 04:36:50_
--------
*c7926b8c584eeca611fff54168dbacf0*
`登陆天数: 14天 / 665天
等级: 130
石头: 4070
呼符: 274
体力: 28.71333333333334 / 138
友情点: 0 / 401490`
_2024-06-21 04:36:58_
--------
*9c41e532b5b35509c4e205e5f6d71516*
`登陆天数: 14天 / 665天
等级: 130
石头: 4083
呼符: 320
体力: 28.686666666666667 / 138
友情点: 0 / 401385`
_2024-06-21 04:37:05_
--------
*5260047b3ad76138031db245436cefac*
`登陆天数: 14天 / 666天
等级: 130
石头: 4058
呼符: 308
体力: 28.656666666666666 / 138
友情点: 0 / 399155`
_2024-06-21 04:37:13_
--------
*83ecba44fc600de9d766730ec961be45*
`登陆天数: 14天 / 666天
等级: 130
石头: 4087
呼符: 214
体力: 28.629999999999995 / 138
友情点: 0 / 400110`
_2024-06-21 04:37:20_
--------
*9ff904b87e4941c2dc6354cee5594ba0*
`登陆天数: 14天 / 665天
等级: 130
石头: 4064
呼符: 245
体力: 28.599999999999994 / 138
友情点: 0 / 400110`
_2024-06-21 04:37:28_
--------
*575718672d8ebb23a6a368d5950ea3f9*
`登陆天数: 14天 / 665天
等级: 130
石头: 4081
呼符: 313
体力: 28.569999999999993 / 138
友情点: 0 / 400430`
_2024-06-21 04:37:36_
--------
*a2d701ff4c15c728056da94e68b57ae2*
`登陆天数: 29天 / 667天
等级: 130
石头: 4068
呼符: 327
体力: 31.183333333333337 / 138
友情点: 0 / 406890`
_2024-06-21 04:37:43_
--------
