【登录信息】
*3fdba2c5f00025dda579a913c60ea513*
`登陆天数: 15天 / 666天
等级: 130
石头: 4077
呼符: 333
体力: 29.596666666666664 / 138
友情点: 0 / 394725`
_2024-06-22 04:30:01_
--------
*da60cce66253dbd8e346f74e0f8d6529*
`登陆天数: 15天 / 667天
等级: 130
石头: 4085
呼符: 316
体力: 29.566666666666663 / 138
友情点: 0 / 396100`
_2024-06-22 04:30:09_
--------
*18814a262eb2305d76cdd73e940b0200*
`登陆天数: 15天 / 666天
等级: 130
石头: 4073
呼符: 221
体力: 29.540000000000006 / 138
友情点: 0 / 396305`
_2024-06-22 04:30:17_
--------
*03d5478dd7def7e2cbc7d4e5520dc0b7*
`登陆天数: 15天 / 667天
等级: 130
石头: 4094
呼符: 311
体力: 29.50666666666666 / 138
友情点: 0 / 398005`
_2024-06-22 04:30:26_
--------
*be234d0b7e1e5a857742866fc7b07a83*
`登陆天数: 15天 / 667天
等级: 130
石头: 4085
呼符: 37
体力: 29.480000000000004 / 138
友情点: 0 / 397650`
_2024-06-22 04:30:34_
--------
*4566ac8b3f1bd3b8b9365cdeb8d202fa*
`登陆天数: 15天 / 667天
等级: 130
石头: 4025
呼符: 267
体力: 29.450000000000003 / 138
友情点: 0 / 396890`
_2024-06-22 04:30:42_
--------
*3bf566d061a3eba5cf40d541daf6eba0*
`登陆天数: 15天 / 667天
等级: 130
石头: 4088
呼符: 314
体力: 29.423333333333332 / 138
友情点: 0 / 396095`
_2024-06-22 04:30:49_
--------
*7f5dd9bb7f0e2b710dc362ba9c47bdaf*
`登陆天数: 15天 / 666天
等级: 130
石头: 4078
呼符: 328
体力: 29.400000000000006 / 138
友情点: 0 / 395555`
_2024-06-22 04:30:58_
--------
*2c808dffc62a12a23571f635ec6b0c75*
`登陆天数: 15天 / 666天
等级: 130
石头: 4064
呼符: 186
体力: 29.373333333333335 / 138
友情点: 0 / 395625`
_2024-06-22 04:31:06_
--------
*6e8fc3fc5680765849f7c7c4a9c2fd19*
`登陆天数: 15天 / 667天
等级: 130
石头: 4087
呼符: 334
体力: 29.343333333333334 / 138
友情点: 0 / 396925`
_2024-06-22 04:31:14_
--------
*1e79ec2a138d2732b231e928549209a8*
`登陆天数: 15天 / 666天
等级: 130
石头: 4065
呼符: 136
体力: 29.316666666666663 / 138
友情点: 0 / 396360`
_2024-06-22 04:31:22_
--------
*f597df4d52f38647122d8346570148e6*
`登陆天数: 15天 / 667天
等级: 130
石头: 4069
呼符: 219
体力: 29.290000000000006 / 138
友情点: 0 / 395955`
_2024-06-22 04:31:30_
--------
*5a4fbb2687b49571d8909cc29d80c8d3*
`登陆天数: 15天 / 666天
等级: 130
石头: 4083
呼符: 128
体力: 29.260000000000005 / 138
友情点: 0 / 396390`
_2024-06-22 04:31:38_
--------
*d8c8e287f3f93a7464029398313a3432*
`登陆天数: 15天 / 666天
等级: 130
石头: 4069
呼符: 326
体力: 29.233333333333334 / 138
友情点: 0 / 396660`
_2024-06-22 04:31:46_
--------
*60ea15c6e0ebdf27d96f7f10cdbee1ee*
`登陆天数: 15天 / 666天
等级: 130
石头: 4079
呼符: 180
体力: 29.206666666666663 / 138
友情点: 0 / 396560`
_2024-06-22 04:31:54_
--------
*7bc2aa65a4b5f92b29225d89d6a332d2*
`登陆天数: 15天 / 667天
等级: 130
石头: 4081
呼符: 214
体力: 29.173333333333332 / 138
友情点: 0 / 395945`
_2024-06-22 04:32:02_
--------
*34920cf09fea1f69f794416a0f39d3e7*
`登陆天数: 15天 / 666天
等级: 130
石头: 4069
呼符: 236
体力: 29.14666666666666 / 138
友情点: 0 / 396930`
_2024-06-22 04:32:11_
--------
*27f46d4ae5df5d41759c532579ea6261*
`登陆天数: 15天 / 666天
等级: 130
石头: 4086
呼符: 100
体力: 29.123333333333335 / 138
友情点: 0 / 396820`
_2024-06-22 04:32:19_
--------
*66714f5930d6634bd9f26106b93d4364*
`登陆天数: 15天 / 666天
等级: 130
石头: 4079
呼符: 326
体力: 29.096666666666664 / 138
友情点: 0 / 397030`
_2024-06-22 04:32:27_
--------
*dbb170460e91580b341a3f1c6493a326*
`登陆天数: 15天 / 667天
等级: 130
石头: 4084
呼符: 285
体力: 29.069999999999993 / 138
友情点: 0 / 398060`
_2024-06-22 04:32:35_
--------
*c751f06233300594fac5f4b31ee91c6b*
`登陆天数: 15天 / 666天
等级: 130
石头: 4088
呼符: 151
体力: 29.03666666666666 / 138
友情点: 0 / 398125`
_2024-06-22 04:32:43_
--------
*2d5640b611ac848e184ae56b9f4cecda*
`登陆天数: 15天 / 667天
等级: 130
石头: 4071
呼符: 305
体力: 29.010000000000005 / 138
友情点: 0 / 396565`
_2024-06-22 04:32:51_
--------
*25341b97612b196f12e2ca665c9853c4*
`登陆天数: 15天 / 666天
等级: 130
石头: 4079
呼符: 327
体力: 28.983333333333334 / 138
友情点: 0 / 396440`
_2024-06-22 04:32:58_
--------
*a622df33b2381b40390c58680ba3af84*
`登陆天数: 15天 / 667天
等级: 130
石头: 4084
呼符: 286
体力: 28.956666666666663 / 138
友情点: 0 / 396785`
_2024-06-22 04:33:07_
--------
*30e9724d24c2525d9141ec788ebb78f3*
`登陆天数: 15天 / 667天
等级: 130
石头: 4084
呼符: 278
体力: 28.930000000000007 / 138
友情点: 0 / 396205`
_2024-06-22 04:33:15_
--------
*acdd634d76cb18780772997c9b7faed3*
`登陆天数: 15天 / 667天
等级: 130
石头: 4069
呼符: 217
体力: 28.903333333333336 / 138
友情点: 0 / 395685`
_2024-06-22 04:33:23_
--------
*05029aa47c8d24f5cb5177a640ae7f95*
`登陆天数: 15天 / 667天
等级: 130
石头: 4067
呼符: 179
体力: 28.876666666666665 / 138
友情点: 0 / 396555`
_2024-06-22 04:33:31_
--------
*585e3459b862732d0481950e99a3d5d9*
`登陆天数: 15天 / 667天
等级: 130
石头: 4082
呼符: 42
体力: 28.85333333333334 / 138
友情点: 0 / 397130`
_2024-06-22 04:33:40_
--------
*c0fa7c5a894f587da17f072179baf3f0*
`登陆天数: 15天 / 666天
等级: 130
石头: 4069
呼符: 36
体力: 28.823333333333338 / 138
友情点: 0 / 396250`
_2024-06-22 04:33:48_
--------
*9c96aed585d80fe5ec949b3f3323f72a*
`登陆天数: 15天 / 666天
等级: 130
石头: 4079
呼符: 128
体力: 28.793333333333337 / 138
友情点: 0 / 395725`
_2024-06-22 04:33:56_
--------
*bd775ddaa4fc303f73b4b11acee8e3cb*
`登陆天数: 15天 / 666天
等级: 130
石头: 4088
呼符: 276
体力: 28.766666666666666 / 138
友情点: 0 / 398080`
_2024-06-22 04:34:04_
--------
*769b35637fdb5bdbfc98640dea0af385*
`登陆天数: 15天 / 667天
等级: 130
石头: 4083
呼符: 244
体力: 28.739999999999995 / 138
友情点: 0 / 398520`
_2024-06-22 04:34:13_
--------
*ffeba13220583f1c68d1776049c8a453*
`登陆天数: 15天 / 666天
等级: 130
石头: 4068
呼符: 330
体力: 28.71333333333334 / 138
友情点: 0 / 396340`
_2024-06-22 04:34:21_
--------
*372e6da6bb3dc5bce05342a8045a20ae*
`登陆天数: 15天 / 666天
等级: 130
石头: 4068
呼符: 36
体力: 28.686666666666667 / 138
友情点: 0 / 396035`
_2024-06-22 04:34:28_
--------
*82da978a061d7301f3a3aaffa2815ee5*
`登陆天数: 15天 / 666天
等级: 130
石头: 4074
呼符: 150
体力: 28.656666666666666 / 138
友情点: 0 / 395545`
_2024-06-22 04:34:36_
--------
*d16b3fd59ca36208c5b80332f39d126b*
`登陆天数: 15天 / 666天
等级: 130
石头: 4072
呼符: 104
体力: 28.629999999999995 / 138
友情点: 0 / 396755`
_2024-06-22 04:34:44_
--------
*4d316bf598657c85c540609418271f05*
`登陆天数: 15天 / 666天
等级: 130
石头: 4076
呼符: 327
体力: 28.60333333333334 / 138
友情点: 0 / 396555`
_2024-06-22 04:34:52_
--------
*c8cb05374732f15bdbdd63e862e47de0*
`登陆天数: 15天 / 667天
等级: 130
石头: 4059
呼符: 139
体力: 28.573333333333338 / 138
友情点: 0 / 396880`
_2024-06-22 04:35:00_
--------
*09289e08583c6b966fb2a8c320174075*
`登陆天数: 15天 / 667天
等级: 130
石头: 4072
呼符: 324
体力: 28.546666666666667 / 138
友情点: 0 / 395780`
_2024-06-22 04:35:08_
--------
*ea2bf78dcb2d0d62f1c5a7d9a98b5606*
`登陆天数: 15天 / 666天
等级: 130
石头: 4067
呼符: 310
体力: 28.519999999999996 / 138
友情点: 0 / 397555`
_2024-06-22 04:35:16_
--------
*ee9b77ab7dd1dfc97d0ce7ba62833a98*
`登陆天数: 15天 / 666天
等级: 130
石头: 4087
呼符: 113
体力: 28.49333333333334 / 138
友情点: 0 / 397490`
_2024-06-22 04:35:25_
--------
*61088cc40fd6b0bc6833933d28ed3de3*
`登陆天数: 15天 / 667天
等级: 130
石头: 4081
呼符: 37
体力: 28.46666666666667 / 138
友情点: 0 / 396845`
_2024-06-22 04:35:33_
--------
*81bfc10defefd33ce627e03848afd4a1*
`登陆天数: 15天 / 666天
等级: 130
石头: 4068
呼符: 251
体力: 28.439999999999998 / 138
友情点: 0 / 396400`
_2024-06-22 04:35:41_
--------
*c7926b8c584eeca611fff54168dbacf0*
`登陆天数: 15天 / 666天
等级: 130
石头: 4070
呼符: 275
体力: 28.413333333333327 / 138
友情点: 0 / 397490`
_2024-06-22 04:35:50_
--------
*9c41e532b5b35509c4e205e5f6d71516*
`登陆天数: 15天 / 666天
等级: 130
石头: 4083
呼符: 321
体力: 28.39 / 138
友情点: 0 / 397385`
_2024-06-22 04:35:58_
--------
*5260047b3ad76138031db245436cefac*
`登陆天数: 15天 / 667天
等级: 130
石头: 4058
呼符: 309
体力: 28.36333333333333 / 138
友情点: 0 / 395155`
_2024-06-22 04:36:06_
--------
*83ecba44fc600de9d766730ec961be45*
`登陆天数: 15天 / 667天
等级: 130
石头: 4087
呼符: 215
体力: 28.33 / 138
友情点: 0 / 396110`
_2024-06-22 04:36:15_
--------
*9ff904b87e4941c2dc6354cee5594ba0*
`登陆天数: 15天 / 666天
等级: 130
石头: 4064
呼符: 246
体力: 28.303333333333327 / 138
友情点: 0 / 396110`
_2024-06-22 04:36:23_
--------
*575718672d8ebb23a6a368d5950ea3f9*
`登陆天数: 15天 / 666天
等级: 130
石头: 4081
呼符: 314
体力: 28.273333333333326 / 138
友情点: 0 / 396430`
_2024-06-22 04:36:31_
--------
*a2d701ff4c15c728056da94e68b57ae2*
`登陆天数: 30天 / 668天
等级: 130
石头: 4069
呼符: 328
体力: 30.926666666666662 / 138
友情点: 0 / 400890`
_2024-06-22 04:36:39_
--------
