【登录信息】
*3fdba2c5f00025dda579a913c60ea513*
`登陆天数: 16天 / 667天
等级: 130
石头: 4079
呼符: 333
体力: 30.46333333333334 / 138
友情点: 0 / 388725`
_2024-06-23 04:30:33_
--------
*da60cce66253dbd8e346f74e0f8d6529*
`登陆天数: 16天 / 668天
等级: 130
石头: 4087
呼符: 316
体力: 30.433333333333337 / 138
友情点: 0 / 390100`
_2024-06-23 04:30:42_
--------
*18814a262eb2305d76cdd73e940b0200*
`登陆天数: 16天 / 667天
等级: 130
石头: 4075
呼符: 221
体力: 30.403333333333336 / 138
友情点: 0 / 390305`
_2024-06-23 04:30:50_
--------
*03d5478dd7def7e2cbc7d4e5520dc0b7*
`登陆天数: 16天 / 668天
等级: 130
石头: 4096
呼符: 311
体力: 30.376666666666665 / 138
友情点: 0 / 392005`
_2024-06-23 04:30:58_
--------
*be234d0b7e1e5a857742866fc7b07a83*
`登陆天数: 16天 / 668天
等级: 130
石头: 4087
呼符: 37
体力: 30.349999999999994 / 138
友情点: 0 / 391650`
_2024-06-23 04:31:06_
--------
*4566ac8b3f1bd3b8b9365cdeb8d202fa*
`登陆天数: 16天 / 668天
等级: 130
石头: 4027
呼符: 267
体力: 30.323333333333338 / 138
友情点: 0 / 390890`
_2024-06-23 04:31:14_
--------
*3bf566d061a3eba5cf40d541daf6eba0*
`登陆天数: 16天 / 668天
等级: 130
石头: 4090
呼符: 314
体力: 30.293333333333337 / 138
友情点: 0 / 390095`
_2024-06-23 04:31:22_
--------
*7f5dd9bb7f0e2b710dc362ba9c47bdaf*
`登陆天数: 16天 / 667天
等级: 130
石头: 4080
呼符: 328
体力: 30.266666666666666 / 138
友情点: 0 / 389555`
_2024-06-23 04:31:31_
--------
*2c808dffc62a12a23571f635ec6b0c75*
`登陆天数: 16天 / 667天
等级: 130
石头: 4066
呼符: 186
体力: 30.239999999999995 / 138
友情点: 0 / 389625`
_2024-06-23 04:31:39_
--------
*6e8fc3fc5680765849f7c7c4a9c2fd19*
`登陆天数: 16天 / 668天
等级: 130
石头: 4089
呼符: 334
体力: 30.209999999999994 / 138
友情点: 0 / 390925`
_2024-06-23 04:31:47_
--------
*1e79ec2a138d2732b231e928549209a8*
`登陆天数: 16天 / 667天
等级: 130
石头: 4067
呼符: 136
体力: 30.180000000000007 / 138
友情点: 0 / 390360`
_2024-06-23 04:31:55_
--------
*f597df4d52f38647122d8346570148e6*
`登陆天数: 16天 / 668天
等级: 130
石头: 4071
呼符: 219
体力: 30.150000000000006 / 138
友情点: 0 / 389955`
_2024-06-23 04:32:03_
--------
*5a4fbb2687b49571d8909cc29d80c8d3*
`登陆天数: 16天 / 667天
等级: 130
石头: 4085
呼符: 128
体力: 30.11666666666666 / 138
友情点: 0 / 390390`
_2024-06-23 04:32:11_
--------
*d8c8e287f3f93a7464029398313a3432*
`登陆天数: 16天 / 667天
等级: 130
石头: 4071
呼符: 326
体力: 30.086666666666673 / 138
友情点: 0 / 390660`
_2024-06-23 04:32:20_
--------
*60ea15c6e0ebdf27d96f7f10cdbee1ee*
`登陆天数: 16天 / 667天
等级: 130
石头: 4081
呼符: 180
体力: 30.056666666666672 / 138
友情点: 0 / 390560`
_2024-06-23 04:32:28_
--------
*7bc2aa65a4b5f92b29225d89d6a332d2*
`登陆天数: 16天 / 668天
等级: 130
石头: 4083
呼符: 214
体力: 30.03 / 138
友情点: 0 / 389945`
_2024-06-23 04:32:36_
--------
*34920cf09fea1f69f794416a0f39d3e7*
`登陆天数: 16天 / 667天
等级: 130
石头: 4071
呼符: 236
体力: 30.00333333333333 / 138
友情点: 0 / 390930`
_2024-06-23 04:32:44_
--------
*27f46d4ae5df5d41759c532579ea6261*
`登陆天数: 16天 / 667天
等级: 130
石头: 4088
呼符: 100
体力: 29.97333333333333 / 138
友情点: 0 / 390820`
_2024-06-23 04:32:52_
--------
*66714f5930d6634bd9f26106b93d4364*
`登陆天数: 16天 / 667天
等级: 130
石头: 4081
呼符: 326
体力: 29.946666666666673 / 138
友情点: 0 / 391030`
_2024-06-23 04:33:00_
--------
*dbb170460e91580b341a3f1c6493a326*
`登陆天数: 16天 / 668天
等级: 130
石头: 4086
呼符: 285
体力: 29.91666666666667 / 138
友情点: 0 / 392060`
_2024-06-23 04:33:09_
--------
*c751f06233300594fac5f4b31ee91c6b*
`登陆天数: 16天 / 667天
等级: 130
石头: 4090
呼符: 151
体力: 29.89 / 138
友情点: 0 / 392125`
_2024-06-23 04:33:17_
--------
*2d5640b611ac848e184ae56b9f4cecda*
`登陆天数: 16天 / 668天
等级: 130
石头: 4073
呼符: 305
体力: 29.86333333333333 / 138
友情点: 0 / 390565`
_2024-06-23 04:33:25_
--------
*25341b97612b196f12e2ca665c9853c4*
`登陆天数: 16天 / 667天
等级: 130
石头: 4081
呼符: 327
体力: 29.836666666666673 / 138
友情点: 0 / 390440`
_2024-06-23 04:33:33_
--------
*a622df33b2381b40390c58680ba3af84*
`登陆天数: 16天 / 668天
等级: 130
石头: 4086
呼符: 286
体力: 29.806666666666672 / 138
友情点: 0 / 390785`
_2024-06-23 04:33:42_
--------
*30e9724d24c2525d9141ec788ebb78f3*
`登陆天数: 16天 / 668天
等级: 130
石头: 4086
呼符: 278
体力: 29.78333333333333 / 138
友情点: 0 / 390205`
_2024-06-23 04:33:50_
--------
*acdd634d76cb18780772997c9b7faed3*
`登陆天数: 16天 / 668天
等级: 130
石头: 4071
呼符: 217
体力: 29.75333333333333 / 138
友情点: 0 / 389685`
_2024-06-23 04:33:58_
--------
*05029aa47c8d24f5cb5177a640ae7f95*
`登陆天数: 16天 / 668天
等级: 130
石头: 4069
呼符: 179
体力: 29.726666666666674 / 138
友情点: 0 / 390555`
_2024-06-23 04:34:06_
--------
*585e3459b862732d0481950e99a3d5d9*
`登陆天数: 16天 / 668天
等级: 130
石头: 4084
呼符: 42
体力: 29.696666666666673 / 138
友情点: 0 / 391130`
_2024-06-23 04:34:14_
--------
*c0fa7c5a894f587da17f072179baf3f0*
`登陆天数: 16天 / 667天
等级: 130
石头: 4071
呼符: 36
体力: 29.67 / 138
友情点: 0 / 390250`
_2024-06-23 04:34:22_
--------
*9c96aed585d80fe5ec949b3f3323f72a*
`登陆天数: 16天 / 667天
等级: 130
石头: 4081
呼符: 128
体力: 29.64333333333333 / 138
友情点: 0 / 389725`
_2024-06-23 04:34:30_
--------
*bd775ddaa4fc303f73b4b11acee8e3cb*
`登陆天数: 16天 / 667天
等级: 130
石头: 4090
呼符: 276
体力: 29.61333333333333 / 138
友情点: 0 / 392080`
_2024-06-23 04:34:38_
--------
*769b35637fdb5bdbfc98640dea0af385*
`登陆天数: 16天 / 668天
等级: 130
石头: 4085
呼符: 244
体力: 29.586666666666673 / 138
友情点: 0 / 392520`
_2024-06-23 04:34:47_
--------
*ffeba13220583f1c68d1776049c8a453*
`登陆天数: 16天 / 667天
等级: 130
石头: 4070
呼符: 330
体力: 29.556666666666672 / 138
友情点: 0 / 390340`
_2024-06-23 04:34:55_
--------
*372e6da6bb3dc5bce05342a8045a20ae*
`登陆天数: 16天 / 667天
等级: 130
石头: 4070
呼符: 36
体力: 29.52666666666667 / 138
友情点: 0 / 390035`
_2024-06-23 04:35:03_
--------
*82da978a061d7301f3a3aaffa2815ee5*
`登陆天数: 16天 / 667天
等级: 130
石头: 4076
呼符: 150
体力: 29.49666666666667 / 138
友情点: 0 / 389545`
_2024-06-23 04:35:11_
--------
*d16b3fd59ca36208c5b80332f39d126b*
`登陆天数: 16天 / 667天
等级: 130
石头: 4074
呼符: 104
体力: 29.47333333333333 / 138
友情点: 0 / 390755`
_2024-06-23 04:35:19_
--------
*4d316bf598657c85c540609418271f05*
`登陆天数: 16天 / 667天
等级: 130
石头: 4078
呼符: 327
体力: 29.443333333333328 / 138
友情点: 0 / 390555`
_2024-06-23 04:35:27_
--------
*c8cb05374732f15bdbdd63e862e47de0*
`登陆天数: 16天 / 668天
等级: 130
石头: 4061
呼符: 139
体力: 29.413333333333327 / 138
友情点: 0 / 390880`
_2024-06-23 04:35:35_
--------
*09289e08583c6b966fb2a8c320174075*
`登陆天数: 16天 / 668天
等级: 130
石头: 4074
呼符: 324
体力: 29.38333333333334 / 138
友情点: 0 / 389780`
_2024-06-23 04:35:43_
--------
*ea2bf78dcb2d0d62f1c5a7d9a98b5606*
`登陆天数: 16天 / 667天
等级: 130
石头: 4069
呼符: 310
体力: 29.35333333333334 / 138
友情点: 0 / 391555`
_2024-06-23 04:35:51_
--------
*ee9b77ab7dd1dfc97d0ce7ba62833a98*
`登陆天数: 16天 / 667天
等级: 130
石头: 4089
呼符: 113
体力: 29.323333333333338 / 138
友情点: 0 / 391490`
_2024-06-23 04:36:00_
--------
*61088cc40fd6b0bc6833933d28ed3de3*
`登陆天数: 16天 / 668天
等级: 130
石头: 4083
呼符: 37
体力: 29.293333333333337 / 138
友情点: 0 / 394845`
_2024-06-23 04:36:08_
--------
*81bfc10defefd33ce627e03848afd4a1*
`登陆天数: 16天 / 667天
等级: 130
石头: 4070
呼符: 251
体力: 29.266666666666666 / 138
友情点: 0 / 390400`
_2024-06-23 04:36:16_
--------
*c7926b8c584eeca611fff54168dbacf0*
`登陆天数: 16天 / 667天
等级: 130
石头: 4072
呼符: 275
体力: 29.236666666666665 / 138
友情点: 0 / 391490`
_2024-06-23 04:36:24_
--------
*9c41e532b5b35509c4e205e5f6d71516*
`登陆天数: 16天 / 667天
等级: 130
石头: 4085
呼符: 321
体力: 29.206666666666663 / 138
友情点: 0 / 391385`
_2024-06-23 04:36:32_
--------
*5260047b3ad76138031db245436cefac*
`登陆天数: 16天 / 668天
等级: 130
石头: 4060
呼符: 309
体力: 29.176666666666662 / 138
友情点: 0 / 389155`
_2024-06-23 04:36:40_
--------
*83ecba44fc600de9d766730ec961be45*
`登陆天数: 16天 / 668天
等级: 130
石头: 4089
呼符: 215
体力: 29.14666666666666 / 138
友情点: 0 / 390110`
_2024-06-23 04:36:48_
--------
*9ff904b87e4941c2dc6354cee5594ba0*
`登陆天数: 16天 / 667天
等级: 130
石头: 4066
呼符: 246
体力: 29.11666666666666 / 138
友情点: 0 / 390110`
_2024-06-23 04:36:57_
--------
*575718672d8ebb23a6a368d5950ea3f9*
`登陆天数: 16天 / 667天
等级: 130
石头: 4083
呼符: 314
体力: 29.093333333333334 / 138
友情点: 0 / 390430`
_2024-06-23 04:37:05_
--------
*a2d701ff4c15c728056da94e68b57ae2*
`登陆天数: 31天 / 669天
等级: 130
石头: 4070
呼符: 328
体力: 31.74333333333334 / 138
友情点: 0 / 394890`
_2024-06-23 04:37:13_
--------
