【登录信息】
*3fdba2c5f00025dda579a913c60ea513*
`登陆天数: 17天 / 668天
等级: 130
石头: 4079
呼符: 333
体力: 30.336666666666673 / 138
友情点: 0 / 382725`
_2024-06-24 04:31:24_
--------
*da60cce66253dbd8e346f74e0f8d6529*
`登陆天数: 17天 / 669天
等级: 130
石头: 4087
呼符: 316
体力: 30.306666666666672 / 138
友情点: 0 / 384100`
_2024-06-24 04:31:32_
--------
*18814a262eb2305d76cdd73e940b0200*
`登陆天数: 17天 / 668天
等级: 130
石头: 4075
呼符: 221
体力: 30.28 / 138
友情点: 0 / 384305`
_2024-06-24 04:31:40_
--------
*03d5478dd7def7e2cbc7d4e5520dc0b7*
`登陆天数: 17天 / 669天
等级: 130
石头: 4096
呼符: 311
体力: 30.25333333333333 / 138
友情点: 0 / 386005`
_2024-06-24 04:31:48_
--------
*be234d0b7e1e5a857742866fc7b07a83*
`登陆天数: 17天 / 669天
等级: 130
石头: 4087
呼符: 37
体力: 30.22333333333333 / 138
友情点: 0 / 391650`
_2024-06-24 04:31:56_
--------
*4566ac8b3f1bd3b8b9365cdeb8d202fa*
`登陆天数: 17天 / 669天
等级: 130
石头: 4027
呼符: 267
体力: 30.200000000000003 / 138
友情点: 0 / 384890`
_2024-06-24 04:32:05_
--------
*3bf566d061a3eba5cf40d541daf6eba0*
`登陆天数: 17天 / 669天
等级: 130
石头: 4090
呼符: 314
体力: 30.17 / 138
友情点: 0 / 384095`
_2024-06-24 04:32:13_
--------
*7f5dd9bb7f0e2b710dc362ba9c47bdaf*
`登陆天数: 17天 / 668天
等级: 130
石头: 4080
呼符: 328
体力: 30.14666666666666 / 138
友情点: 0 / 383555`
_2024-06-24 04:32:21_
--------
*2c808dffc62a12a23571f635ec6b0c75*
`登陆天数: 17天 / 668天
等级: 130
石头: 4066
呼符: 186
体力: 30.120000000000005 / 138
友情点: 0 / 383625`
_2024-06-24 04:32:29_
--------
*6e8fc3fc5680765849f7c7c4a9c2fd19*
`登陆天数: 17天 / 669天
等级: 130
石头: 4089
呼符: 334
体力: 30.090000000000003 / 138
友情点: 0 / 384925`
_2024-06-24 04:32:37_
--------
*1e79ec2a138d2732b231e928549209a8*
`登陆天数: 17天 / 668天
等级: 130
石头: 4067
呼符: 136
体力: 30.066666666666663 / 138
友情点: 0 / 384360`
_2024-06-24 04:32:45_
--------
*f597df4d52f38647122d8346570148e6*
`登陆天数: 17天 / 669天
等级: 130
石头: 4071
呼符: 219
体力: 30.03 / 138
友情点: 0 / 383955`
_2024-06-24 04:32:53_
--------
*5a4fbb2687b49571d8909cc29d80c8d3*
`登陆天数: 17天 / 668天
等级: 130
石头: 4085
呼符: 128
体力: 30.0 / 138
友情点: 0 / 386390`
_2024-06-24 04:33:02_
--------
*d8c8e287f3f93a7464029398313a3432*
`登陆天数: 17天 / 668天
等级: 130
石头: 4071
呼符: 326
体力: 29.97 / 138
友情点: 0 / 384660`
_2024-06-24 04:33:10_
--------
*60ea15c6e0ebdf27d96f7f10cdbee1ee*
`登陆天数: 17天 / 668天
等级: 130
石头: 4081
呼符: 180
体力: 29.939999999999998 / 138
友情点: 0 / 384560`
_2024-06-24 04:33:18_
--------
*7bc2aa65a4b5f92b29225d89d6a332d2*
`登陆天数: 17天 / 669天
等级: 130
石头: 4083
呼符: 214
体力: 29.909999999999997 / 138
友情点: 0 / 383945`
_2024-06-24 04:33:26_
--------
*34920cf09fea1f69f794416a0f39d3e7*
`登陆天数: 17天 / 668天
等级: 130
石头: 4071
呼符: 236
体力: 29.88333333333334 / 138
友情点: 0 / 384930`
_2024-06-24 04:33:34_
--------
*27f46d4ae5df5d41759c532579ea6261*
`登陆天数: 17天 / 668天
等级: 130
石头: 4088
呼符: 100
体力: 29.849999999999994 / 138
友情点: 0 / 384820`
_2024-06-24 04:33:42_
--------
*66714f5930d6634bd9f26106b93d4364*
`登陆天数: 17天 / 668天
等级: 130
石头: 4081
呼符: 326
体力: 29.819999999999993 / 138
友情点: 0 / 385030`
_2024-06-24 04:33:50_
--------
*dbb170460e91580b341a3f1c6493a326*
`登陆天数: 17天 / 669天
等级: 130
石头: 4086
呼符: 285
体力: 29.790000000000006 / 138
友情点: 0 / 386060`
_2024-06-24 04:33:58_
--------
*c751f06233300594fac5f4b31ee91c6b*
`登陆天数: 17天 / 668天
等级: 130
石头: 4090
呼符: 151
体力: 29.763333333333335 / 138
友情点: 0 / 386125`
_2024-06-24 04:34:06_
--------
*2d5640b611ac848e184ae56b9f4cecda*
`登陆天数: 17天 / 669天
等级: 130
石头: 4073
呼符: 305
体力: 29.736666666666665 / 138
友情点: 0 / 384565`
_2024-06-24 04:34:14_
--------
*25341b97612b196f12e2ca665c9853c4*
`登陆天数: 17天 / 668天
等级: 130
石头: 4081
呼符: 327
体力: 29.709999999999994 / 138
友情点: 0 / 384440`
_2024-06-24 04:34:22_
--------
*a622df33b2381b40390c58680ba3af84*
`登陆天数: 17天 / 669天
等级: 130
石头: 4086
呼符: 286
体力: 29.680000000000007 / 138
友情点: 0 / 384785`
_2024-06-24 04:34:30_
--------
*30e9724d24c2525d9141ec788ebb78f3*
`登陆天数: 17天 / 669天
等级: 130
石头: 4086
呼符: 278
体力: 29.653333333333336 / 138
友情点: 0 / 384205`
_2024-06-24 04:34:39_
--------
*acdd634d76cb18780772997c9b7faed3*
`登陆天数: 17天 / 669天
等级: 130
石头: 4071
呼符: 217
体力: 29.626666666666665 / 138
友情点: 0 / 383685`
_2024-06-24 04:34:46_
--------
*05029aa47c8d24f5cb5177a640ae7f95*
`登陆天数: 17天 / 669天
等级: 130
石头: 4069
呼符: 179
体力: 29.599999999999994 / 138
友情点: 0 / 384555`
_2024-06-24 04:34:54_
--------
*585e3459b862732d0481950e99a3d5d9*
`登陆天数: 17天 / 669天
等级: 130
石头: 4084
呼符: 42
体力: 29.569999999999993 / 138
友情点: 0 / 389130`
_2024-06-24 04:35:02_
--------
*c0fa7c5a894f587da17f072179baf3f0*
`登陆天数: 17天 / 668天
等级: 130
石头: 4071
呼符: 36
体力: 29.546666666666667 / 138
友情点: 0 / 388250`
_2024-06-24 04:35:10_
--------
*9c96aed585d80fe5ec949b3f3323f72a*
`登陆天数: 17天 / 668天
等级: 130
石头: 4081
呼符: 128
体力: 29.523333333333326 / 138
友情点: 0 / 383725`
_2024-06-24 04:35:19_
--------
*bd775ddaa4fc303f73b4b11acee8e3cb*
`登陆天数: 17天 / 668天
等级: 130
石头: 4090
呼符: 276
体力: 29.49333333333334 / 138
友情点: 0 / 386080`
_2024-06-24 04:35:26_
--------
*769b35637fdb5bdbfc98640dea0af385*
`登陆天数: 17天 / 669天
等级: 130
石头: 4085
呼符: 244
体力: 29.47 / 138
友情点: 0 / 386520`
_2024-06-24 04:35:35_
--------
*ffeba13220583f1c68d1776049c8a453*
`登陆天数: 17天 / 668天
等级: 130
石头: 4070
呼符: 330
体力: 29.443333333333328 / 138
友情点: 0 / 384340`
_2024-06-24 04:35:43_
--------
*372e6da6bb3dc5bce05342a8045a20ae*
`登陆天数: 17天 / 668天
等级: 130
石头: 4070
呼符: 36
体力: 29.41666666666667 / 138
友情点: 0 / 384035`
_2024-06-24 04:35:51_
--------
*82da978a061d7301f3a3aaffa2815ee5*
`登陆天数: 17天 / 668天
等级: 130
石头: 4076
呼符: 150
体力: 29.39 / 138
友情点: 0 / 383545`
_2024-06-24 04:35:59_
--------
*d16b3fd59ca36208c5b80332f39d126b*
`登陆天数: 17天 / 668天
等级: 130
石头: 4074
呼符: 104
体力: 29.36 / 138
友情点: 0 / 384755`
_2024-06-24 04:36:07_
--------
*4d316bf598657c85c540609418271f05*
`登陆天数: 17天 / 668天
等级: 130
石头: 4078
呼符: 327
体力: 29.33333333333333 / 138
友情点: 0 / 384555`
_2024-06-24 04:36:15_
--------
*c8cb05374732f15bdbdd63e862e47de0*
`登陆天数: 17天 / 669天
等级: 130
石头: 4061
呼符: 139
体力: 29.303333333333327 / 138
友情点: 0 / 384880`
_2024-06-24 04:36:23_
--------
*09289e08583c6b966fb2a8c320174075*
`登陆天数: 17天 / 669天
等级: 130
石头: 4074
呼符: 324
体力: 29.269999999999996 / 138
友情点: 0 / 383780`
_2024-06-24 04:36:31_
--------
*ea2bf78dcb2d0d62f1c5a7d9a98b5606*
`登陆天数: 17天 / 668天
等级: 130
石头: 4069
呼符: 310
体力: 29.239999999999995 / 138
友情点: 0 / 385555`
_2024-06-24 04:36:40_
--------
*ee9b77ab7dd1dfc97d0ce7ba62833a98*
`登陆天数: 17天 / 668天
等级: 130
石头: 4089
呼符: 113
体力: 29.21333333333334 / 138
友情点: 0 / 385490`
_2024-06-24 04:36:48_
--------
*61088cc40fd6b0bc6833933d28ed3de3*
`登陆天数: 17天 / 669天
等级: 130
石头: 4083
呼符: 37
体力: 29.186666666666667 / 138
友情点: 0 / 394845`
_2024-06-24 04:36:56_
--------
*81bfc10defefd33ce627e03848afd4a1*
`登陆天数: 17天 / 668天
等级: 130
石头: 4070
呼符: 251
体力: 29.156666666666666 / 138
友情点: 0 / 384400`
_2024-06-24 04:37:04_
--------
*c7926b8c584eeca611fff54168dbacf0*
`登陆天数: 17天 / 668天
等级: 130
石头: 4072
呼符: 275
体力: 29.126666666666665 / 138
友情点: 0 / 385490`
_2024-06-24 04:37:12_
--------
*9c41e532b5b35509c4e205e5f6d71516*
`登陆天数: 17天 / 668天
等级: 130
石头: 4085
呼符: 321
体力: 29.099999999999994 / 138
友情点: 0 / 385385`
_2024-06-24 04:37:20_
--------
*5260047b3ad76138031db245436cefac*
`登陆天数: 17天 / 669天
等级: 130
石头: 4060
呼符: 309
体力: 29.073333333333338 / 138
友情点: 0 / 383155`
_2024-06-24 04:37:28_
--------
*83ecba44fc600de9d766730ec961be45*
`登陆天数: 17天 / 669天
等级: 130
石头: 4089
呼符: 215
体力: 29.043333333333337 / 138
友情点: 0 / 384110`
_2024-06-24 04:37:36_
--------
*9ff904b87e4941c2dc6354cee5594ba0*
`登陆天数: 17天 / 668天
等级: 130
石头: 4066
呼符: 246
体力: 29.016666666666666 / 138
友情点: 0 / 384110`
_2024-06-24 04:37:45_
--------
*575718672d8ebb23a6a368d5950ea3f9*
`登陆天数: 17天 / 668天
等级: 130
石头: 4083
呼符: 314
体力: 28.989999999999995 / 138
友情点: 0 / 384430`
_2024-06-24 04:37:53_
--------
*a2d701ff4c15c728056da94e68b57ae2*
`登陆天数: 32天 / 670天
等级: 130
石头: 4071
呼符: 328
体力: 31.64333333333333 / 138
友情点: 0 / 388890`
_2024-06-24 04:38:01_
--------
