【登录信息】
*3fdba2c5f00025dda579a913c60ea513*
`登陆天数: 18天 / 669天
等级: 130
石头: 4080
呼符: 334
体力: 30.226666666666674 / 138
友情点: 0 / 376725`
_2024-06-25 04:31:20_
--------
*da60cce66253dbd8e346f74e0f8d6529*
`登陆天数: 18天 / 670天
等级: 130
石头: 4088
呼符: 317
体力: 30.193333333333328 / 138
友情点: 0 / 378100`
_2024-06-25 04:31:28_
--------
*18814a262eb2305d76cdd73e940b0200*
`登陆天数: 18天 / 669天
等级: 130
石头: 4076
呼符: 222
体力: 30.163333333333327 / 138
友情点: 0 / 378305`
_2024-06-25 04:31:36_
--------
*03d5478dd7def7e2cbc7d4e5520dc0b7*
`登陆天数: 18天 / 670天
等级: 130
石头: 4097
呼符: 312
体力: 30.13666666666667 / 138
友情点: 0 / 380005`
_2024-06-25 04:31:44_
--------
*be234d0b7e1e5a857742866fc7b07a83*
`登陆天数: 18天 / 670天
等级: 130
石头: 4088
呼符: 38
体力: 30.10666666666667 / 138
友情点: 0 / 391650`
_2024-06-25 04:31:51_
--------
*4566ac8b3f1bd3b8b9365cdeb8d202fa*
`登陆天数: 18天 / 670天
等级: 130
石头: 4028
呼符: 268
体力: 30.08 / 138
友情点: 0 / 378890`
_2024-06-25 04:31:59_
--------
*3bf566d061a3eba5cf40d541daf6eba0*
`登陆天数: 18天 / 670天
等级: 130
石头: 4091
呼符: 315
体力: 30.049999999999997 / 138
友情点: 0 / 378095`
_2024-06-25 04:32:07_
--------
*7f5dd9bb7f0e2b710dc362ba9c47bdaf*
`登陆天数: 18天 / 669天
等级: 130
石头: 4081
呼符: 329
体力: 30.019999999999996 / 138
友情点: 0 / 377555`
_2024-06-25 04:32:15_
--------
*2c808dffc62a12a23571f635ec6b0c75*
`登陆天数: 18天 / 669天
等级: 130
石头: 4067
呼符: 187
体力: 29.989999999999995 / 138
友情点: 0 / 377625`
_2024-06-25 04:32:23_
--------
*6e8fc3fc5680765849f7c7c4a9c2fd19*
`登陆天数: 18天 / 670天
等级: 130
石头: 4090
呼符: 335
体力: 29.959999999999994 / 138
友情点: 0 / 378925`
_2024-06-25 04:32:31_
--------
*1e79ec2a138d2732b231e928549209a8*
`登陆天数: 18天 / 669天
等级: 130
石头: 4068
呼符: 137
体力: 29.933333333333337 / 138
友情点: 0 / 378360`
_2024-06-25 04:32:38_
--------
*f597df4d52f38647122d8346570148e6*
`登陆天数: 18天 / 670天
等级: 130
石头: 4072
呼符: 220
体力: 29.906666666666666 / 138
友情点: 0 / 377955`
_2024-06-25 04:32:46_
--------
*5a4fbb2687b49571d8909cc29d80c8d3*
`登陆天数: 18天 / 669天
等级: 130
石头: 4086
呼符: 129
体力: 29.873333333333335 / 138
友情点: 0 / 386390`
_2024-06-25 04:32:54_
--------
*d8c8e287f3f93a7464029398313a3432*
`登陆天数: 18天 / 669天
等级: 130
石头: 4072
呼符: 327
体力: 29.846666666666664 / 138
友情点: 0 / 378660`
_2024-06-25 04:33:02_
--------
*60ea15c6e0ebdf27d96f7f10cdbee1ee*
`登陆天数: 18天 / 669天
等级: 130
石头: 4082
呼符: 181
体力: 29.819999999999993 / 138
友情点: 0 / 378560`
_2024-06-25 04:33:09_
--------
*7bc2aa65a4b5f92b29225d89d6a332d2*
`登陆天数: 18天 / 670天
等级: 130
石头: 4084
呼符: 215
体力: 29.790000000000006 / 138
友情点: 0 / 377945`
_2024-06-25 04:33:17_
--------
*34920cf09fea1f69f794416a0f39d3e7*
`登陆天数: 18天 / 669天
等级: 130
石头: 4072
呼符: 237
体力: 29.763333333333335 / 138
友情点: 0 / 378930`
_2024-06-25 04:33:25_
--------
*27f46d4ae5df5d41759c532579ea6261*
`登陆天数: 18天 / 669天
等级: 130
石头: 4089
呼符: 101
体力: 29.733333333333334 / 138
友情点: 0 / 378820`
_2024-06-25 04:33:33_
--------
*66714f5930d6634bd9f26106b93d4364*
`登陆天数: 18天 / 669天
等级: 130
石头: 4082
呼符: 327
体力: 29.706666666666663 / 138
友情点: 0 / 379030`
_2024-06-25 04:33:41_
--------
*dbb170460e91580b341a3f1c6493a326*
`登陆天数: 18天 / 670天
等级: 130
石头: 4087
呼符: 286
体力: 29.673333333333332 / 138
友情点: 0 / 380060`
_2024-06-25 04:33:49_
--------
*c751f06233300594fac5f4b31ee91c6b*
`登陆天数: 18天 / 669天
等级: 130
石头: 4091
呼符: 152
体力: 29.64333333333333 / 138
友情点: 0 / 380125`
_2024-06-25 04:33:57_
--------
*2d5640b611ac848e184ae56b9f4cecda*
`登陆天数: 18天 / 670天
等级: 130
石头: 4074
呼符: 306
体力: 29.61333333333333 / 138
友情点: 0 / 378565`
_2024-06-25 04:34:04_
--------
*25341b97612b196f12e2ca665c9853c4*
`登陆天数: 18天 / 669天
等级: 130
石头: 4082
呼符: 328
体力: 29.586666666666673 / 138
友情点: 0 / 378440`
_2024-06-25 04:34:12_
--------
*a622df33b2381b40390c58680ba3af84*
`登陆天数: 18天 / 670天
等级: 130
石头: 4087
呼符: 287
体力: 29.553333333333327 / 138
友情点: 0 / 378785`
_2024-06-25 04:34:20_
--------
*30e9724d24c2525d9141ec788ebb78f3*
`登陆天数: 18天 / 670天
等级: 130
石头: 4087
呼符: 279
体力: 29.523333333333326 / 138
友情点: 0 / 378205`
_2024-06-25 04:34:28_
--------
*acdd634d76cb18780772997c9b7faed3*
`登陆天数: 18天 / 670天
等级: 130
石头: 4072
呼符: 218
体力: 29.49333333333334 / 138
友情点: 0 / 377685`
_2024-06-25 04:34:35_
--------
*05029aa47c8d24f5cb5177a640ae7f95*
`登陆天数: 18天 / 670天
等级: 130
石头: 4070
呼符: 180
体力: 29.46333333333334 / 138
友情点: 0 / 378555`
_2024-06-25 04:34:43_
--------
*585e3459b862732d0481950e99a3d5d9*
`登陆天数: 18天 / 670天
等级: 130
石头: 4085
呼符: 43
体力: 29.433333333333337 / 138
友情点: 0 / 389130`
_2024-06-25 04:34:51_
--------
*c0fa7c5a894f587da17f072179baf3f0*
`登陆天数: 18天 / 669天
等级: 130
石头: 4072
呼符: 37
体力: 29.403333333333336 / 138
友情点: 0 / 388250`
_2024-06-25 04:34:58_
--------
*9c96aed585d80fe5ec949b3f3323f72a*
`登陆天数: 18天 / 669天
等级: 130
石头: 4082
呼符: 129
体力: 29.376666666666665 / 138
友情点: 0 / 381725`
_2024-06-25 04:35:06_
--------
*bd775ddaa4fc303f73b4b11acee8e3cb*
`登陆天数: 18天 / 669天
等级: 130
石头: 4091
呼符: 277
体力: 29.349999999999994 / 138
友情点: 0 / 380080`
_2024-06-25 04:35:13_
--------
*769b35637fdb5bdbfc98640dea0af385*
`登陆天数: 18天 / 670天
等级: 130
石头: 4086
呼符: 245
体力: 29.319999999999993 / 138
友情点: 0 / 380520`
_2024-06-25 04:35:21_
--------
*ffeba13220583f1c68d1776049c8a453*
`登陆天数: 18天 / 669天
等级: 130
石头: 4071
呼符: 331
体力: 29.290000000000006 / 138
友情点: 0 / 378340`
_2024-06-25 04:35:29_
--------
*372e6da6bb3dc5bce05342a8045a20ae*
`登陆天数: 18天 / 669天
等级: 130
石头: 4071
呼符: 37
体力: 29.260000000000005 / 138
友情点: 0 / 384035`
_2024-06-25 04:35:37_
--------
*82da978a061d7301f3a3aaffa2815ee5*
`登陆天数: 18天 / 669天
等级: 130
石头: 4077
呼符: 151
体力: 29.230000000000004 / 138
友情点: 0 / 377545`
_2024-06-25 04:35:44_
--------
*d16b3fd59ca36208c5b80332f39d126b*
`登陆天数: 18天 / 669天
等级: 130
石头: 4075
呼符: 105
体力: 29.203333333333333 / 138
友情点: 0 / 378755`
_2024-06-25 04:35:52_
--------
*4d316bf598657c85c540609418271f05*
`登陆天数: 18天 / 669天
等级: 130
石头: 4079
呼符: 328
体力: 29.17 / 138
友情点: 0 / 378555`
_2024-06-25 04:35:59_
--------
*c8cb05374732f15bdbdd63e862e47de0*
`登陆天数: 18天 / 670天
等级: 130
石头: 4062
呼符: 140
体力: 29.13666666666667 / 138
友情点: 0 / 378880`
_2024-06-25 04:36:07_
--------
*09289e08583c6b966fb2a8c320174075*
`登陆天数: 18天 / 670天
等级: 130
石头: 4075
呼符: 325
体力: 29.10666666666667 / 138
友情点: 0 / 377780`
_2024-06-25 04:36:15_
--------
*ea2bf78dcb2d0d62f1c5a7d9a98b5606*
`登陆天数: 18天 / 669天
等级: 130
石头: 4070
呼符: 311
体力: 29.073333333333338 / 138
友情点: 0 / 379555`
_2024-06-25 04:36:22_
--------
*ee9b77ab7dd1dfc97d0ce7ba62833a98*
`登陆天数: 18天 / 669天
等级: 130
石头: 4090
呼符: 114
体力: 29.040000000000006 / 138
友情点: 0 / 379490`
_2024-06-25 04:36:30_
--------
*61088cc40fd6b0bc6833933d28ed3de3*
`登陆天数: 18天 / 670天
等级: 130
石头: 4084
呼符: 38
体力: 29.013333333333335 / 138
友情点: 0 / 394845`
_2024-06-25 04:36:38_
--------
*81bfc10defefd33ce627e03848afd4a1*
`登陆天数: 18天 / 669天
等级: 130
石头: 4071
呼符: 252
体力: 28.986666666666665 / 138
友情点: 0 / 378400`
_2024-06-25 04:36:45_
--------
*c7926b8c584eeca611fff54168dbacf0*
`登陆天数: 18天 / 669天
等级: 130
石头: 4073
呼符: 276
体力: 28.956666666666663 / 138
友情点: 0 / 379490`
_2024-06-25 04:36:53_
--------
*9c41e532b5b35509c4e205e5f6d71516*
`登陆天数: 18天 / 669天
等级: 130
石头: 4086
呼符: 322
体力: 28.926666666666662 / 138
友情点: 0 / 379385`
_2024-06-25 04:37:01_
--------
*5260047b3ad76138031db245436cefac*
`登陆天数: 18天 / 670天
等级: 130
石头: 4061
呼符: 310
体力: 28.89666666666666 / 138
友情点: 0 / 377155`
_2024-06-25 04:37:08_
--------
*83ecba44fc600de9d766730ec961be45*
`登陆天数: 18天 / 670天
等级: 130
石头: 4090
呼符: 216
体力: 28.86333333333333 / 138
友情点: 0 / 378110`
_2024-06-25 04:37:16_
--------
*9ff904b87e4941c2dc6354cee5594ba0*
`登陆天数: 18天 / 669天
等级: 130
石头: 4067
呼符: 247
体力: 28.836666666666673 / 138
友情点: 0 / 378110`
_2024-06-25 04:37:24_
--------
*575718672d8ebb23a6a368d5950ea3f9*
`登陆天数: 18天 / 669天
等级: 130
石头: 4084
呼符: 315
体力: 28.806666666666672 / 138
友情点: 0 / 378430`
_2024-06-25 04:37:31_
--------
*a2d701ff4c15c728056da94e68b57ae2*
`登陆天数: 33天 / 671天
等级: 130
石头: 4071
呼符: 329
体力: 31.486666666666665 / 138
友情点: 0 / 382890`
_2024-06-25 04:37:39_
--------
