【登录信息】
*3fdba2c5f00025dda579a913c60ea513*
`登陆天数: 20天 / 671天
等级: 130
石头: 4083
呼符: 334
体力: 31.436666666666667 / 138
友情点: 0 / 364725`
_2024-06-27 04:36:57_
--------
*da60cce66253dbd8e346f74e0f8d6529*
`登陆天数: 20天 / 672天
等级: 130
石头: 4091
呼符: 317
体力: 31.413333333333327 / 138
友情点: 0 / 366100`
_2024-06-27 04:37:05_
--------
*18814a262eb2305d76cdd73e940b0200*
`登陆天数: 20天 / 671天
等级: 130
石头: 4079
呼符: 222
体力: 31.38333333333334 / 138
友情点: 0 / 366305`
_2024-06-27 04:37:13_
--------
*03d5478dd7def7e2cbc7d4e5520dc0b7*
`登陆天数: 20天 / 672天
等级: 130
石头: 4100
呼符: 312
体力: 31.35333333333334 / 138
友情点: 0 / 368005`
_2024-06-27 04:37:21_
--------
*be234d0b7e1e5a857742866fc7b07a83*
`登陆天数: 20天 / 672天
等级: 130
石头: 4091
呼符: 38
体力: 31.326666666666668 / 138
友情点: 0 / 391650`
_2024-06-27 04:37:29_
--------
*4566ac8b3f1bd3b8b9365cdeb8d202fa*
`登陆天数: 20天 / 672天
等级: 130
石头: 4031
呼符: 268
体力: 31.303333333333327 / 138
友情点: 0 / 366890`
_2024-06-27 04:37:37_
--------
*3bf566d061a3eba5cf40d541daf6eba0*
`登陆天数: 20天 / 672天
等级: 130
石头: 4094
呼符: 315
体力: 31.27666666666667 / 138
友情点: 0 / 366095`
_2024-06-27 04:37:45_
--------
*7f5dd9bb7f0e2b710dc362ba9c47bdaf*
`登陆天数: 20天 / 671天
等级: 130
石头: 4084
呼符: 329
体力: 31.25333333333333 / 138
友情点: 0 / 365555`
_2024-06-27 04:37:53_
--------
*2c808dffc62a12a23571f635ec6b0c75*
`登陆天数: 20天 / 671天
等级: 130
石头: 4070
呼符: 187
体力: 31.226666666666674 / 138
友情点: 0 / 365625`
_2024-06-27 04:38:01_
--------
*6e8fc3fc5680765849f7c7c4a9c2fd19*
`登陆天数: 20天 / 672天
等级: 130
石头: 4093
呼符: 335
体力: 31.196666666666673 / 138
友情点: 0 / 366925`
_2024-06-27 04:38:09_
--------
*1e79ec2a138d2732b231e928549209a8*
`登陆天数: 20天 / 671天
等级: 130
石头: 4071
呼符: 137
体力: 31.17 / 138
友情点: 0 / 378360`
_2024-06-27 04:38:17_
--------
*f597df4d52f38647122d8346570148e6*
`登陆天数: 20天 / 672天
等级: 130
石头: 4075
呼符: 220
体力: 31.14333333333333 / 138
友情点: 0 / 365955`
_2024-06-27 04:38:25_
--------
*5a4fbb2687b49571d8909cc29d80c8d3*
`登陆天数: 20天 / 671天
等级: 130
石头: 4089
呼符: 129
体力: 31.11666666666666 / 138
友情点: 0 / 386390`
_2024-06-27 04:38:33_
--------
*d8c8e287f3f93a7464029398313a3432*
`登陆天数: 20天 / 671天
等级: 130
石头: 4075
呼符: 327
体力: 31.11333333333333 / 138
友情点: 0 / 366660`
_2024-06-27 04:38:48_
--------
*60ea15c6e0ebdf27d96f7f10cdbee1ee*
`登陆天数: 20天 / 671天
等级: 130
石头: 4085
呼符: 181
体力: 31.086666666666673 / 138
友情点: 0 / 374560`
_2024-06-27 04:38:56_
--------
*7bc2aa65a4b5f92b29225d89d6a332d2*
`登陆天数: 20天 / 672天
等级: 130
石头: 4087
呼符: 215
体力: 31.063333333333333 / 138
友情点: 0 / 365945`
_2024-06-27 04:39:04_
--------
*34920cf09fea1f69f794416a0f39d3e7*
`登陆天数: 20天 / 671天
等级: 130
石头: 4075
呼符: 237
体力: 31.040000000000006 / 138
友情点: 0 / 366930`
_2024-06-27 04:39:12_
--------
*27f46d4ae5df5d41759c532579ea6261*
`登陆天数: 20天 / 671天
等级: 130
石头: 4092
呼符: 101
体力: 31.013333333333335 / 138
友情点: 0 / 374820`
_2024-06-27 04:39:21_
--------
*66714f5930d6634bd9f26106b93d4364*
`登陆天数: 20天 / 671天
等级: 130
石头: 4085
呼符: 327
体力: 30.989999999999995 / 138
友情点: 0 / 367030`
_2024-06-27 04:39:29_
--------
*dbb170460e91580b341a3f1c6493a326*
`登陆天数: 20天 / 672天
等级: 130
石头: 4090
呼符: 286
体力: 30.96333333333334 / 138
友情点: 0 / 368060`
_2024-06-27 04:39:37_
--------
*c751f06233300594fac5f4b31ee91c6b*
`登陆天数: 20天 / 671天
等级: 130
石头: 4094
呼符: 152
体力: 30.936666666666667 / 138
友情点: 0 / 378125`
_2024-06-27 04:39:45_
--------
*2d5640b611ac848e184ae56b9f4cecda*
`登陆天数: 20天 / 672天
等级: 130
石头: 4077
呼符: 306
体力: 30.913333333333327 / 138
友情点: 0 / 366565`
_2024-06-27 04:39:52_
--------
*25341b97612b196f12e2ca665c9853c4*
`登陆天数: 20天 / 671天
等级: 130
石头: 4085
呼符: 328
体力: 30.88666666666667 / 138
友情点: 0 / 366440`
_2024-06-27 04:40:01_
--------
*a622df33b2381b40390c58680ba3af84*
`登陆天数: 20天 / 672天
等级: 130
石头: 4090
呼符: 287
体力: 30.86 / 138
友情点: 0 / 366785`
_2024-06-27 04:40:09_
--------
*30e9724d24c2525d9141ec788ebb78f3*
`登陆天数: 20天 / 672天
等级: 130
石头: 4090
呼符: 279
体力: 30.83333333333333 / 138
友情点: 0 / 366205`
_2024-06-27 04:40:17_
--------
*acdd634d76cb18780772997c9b7faed3*
`登陆天数: 20天 / 672天
等级: 130
石头: 4075
呼符: 218
体力: 30.806666666666672 / 138
友情点: 0 / 365685`
_2024-06-27 04:40:25_
--------
*05029aa47c8d24f5cb5177a640ae7f95*
`登陆天数: 20天 / 672天
等级: 130
石头: 4073
呼符: 180
体力: 30.77666666666667 / 138
友情点: 0 / 368555`
_2024-06-27 04:40:33_
--------
*585e3459b862732d0481950e99a3d5d9*
`登陆天数: 20天 / 672天
等级: 130
石头: 4088
呼符: 43
体力: 30.75333333333333 / 138
友情点: 0 / 389130`
_2024-06-27 04:40:41_
--------
*c0fa7c5a894f587da17f072179baf3f0*
`登陆天数: 20天 / 671天
等级: 130
石头: 4075
呼符: 37
体力: 30.726666666666674 / 138
友情点: 0 / 388250`
_2024-06-27 04:40:49_
--------
*9c96aed585d80fe5ec949b3f3323f72a*
`登陆天数: 20天 / 671天
等级: 130
石头: 4085
呼符: 129
体力: 30.703333333333333 / 138
友情点: 0 / 381725`
_2024-06-27 04:40:57_
--------
*bd775ddaa4fc303f73b4b11acee8e3cb*
`登陆天数: 20天 / 671天
等级: 130
石头: 4094
呼符: 277
体力: 30.680000000000007 / 138
友情点: 0 / 368080`
_2024-06-27 04:41:05_
--------
*769b35637fdb5bdbfc98640dea0af385*
`登陆天数: 20天 / 672天
等级: 130
石头: 4089
呼符: 245
体力: 30.650000000000006 / 138
友情点: 0 / 368520`
_2024-06-27 04:41:13_
--------
*ffeba13220583f1c68d1776049c8a453*
`登陆天数: 20天 / 671天
等级: 130
石头: 4074
呼符: 331
体力: 30.623333333333335 / 138
友情点: 0 / 366340`
_2024-06-27 04:41:21_
--------
*372e6da6bb3dc5bce05342a8045a20ae*
`登陆天数: 20天 / 671天
等级: 130
石头: 4074
呼符: 37
体力: 30.596666666666664 / 138
友情点: 0 / 384035`
_2024-06-27 04:41:29_
--------
*82da978a061d7301f3a3aaffa2815ee5*
`登陆天数: 20天 / 671天
等级: 130
石头: 4080
呼符: 151
体力: 30.573333333333338 / 138
友情点: 0 / 369545`
_2024-06-27 04:41:37_
--------
*d16b3fd59ca36208c5b80332f39d126b*
`登陆天数: 20天 / 671天
等级: 130
石头: 4078
呼符: 105
体力: 30.549999999999997 / 138
友情点: 0 / 374755`
_2024-06-27 04:41:44_
--------
*4d316bf598657c85c540609418271f05*
`登陆天数: 20天 / 671天
等级: 130
石头: 4082
呼符: 328
体力: 30.52666666666667 / 138
友情点: 0 / 366555`
_2024-06-27 04:41:53_
--------
*c8cb05374732f15bdbdd63e862e47de0*
`登陆天数: 20天 / 672天
等级: 130
石头: 4065
呼符: 140
体力: 30.5 / 138
友情点: 0 / 370880`
_2024-06-27 04:42:00_
--------
*09289e08583c6b966fb2a8c320174075*
`登陆天数: 20天 / 672天
等级: 130
石头: 4078
呼符: 325
体力: 30.476666666666674 / 138
友情点: 0 / 365780`
_2024-06-27 04:42:09_
--------
*ea2bf78dcb2d0d62f1c5a7d9a98b5606*
`登陆天数: 20天 / 671天
等级: 130
石头: 4073
呼符: 311
体力: 30.450000000000003 / 138
友情点: 0 / 367555`
_2024-06-27 04:42:16_
--------
*ee9b77ab7dd1dfc97d0ce7ba62833a98*
`登陆天数: 20天 / 671天
等级: 130
石头: 4093
呼符: 114
体力: 30.42 / 138
友情点: 0 / 371490`
_2024-06-27 04:42:24_
--------
*61088cc40fd6b0bc6833933d28ed3de3*
`登陆天数: 20天 / 672天
等级: 130
石头: 4087
呼符: 38
体力: 30.39666666666666 / 138
友情点: 0 / 394845`
_2024-06-27 04:42:32_
--------
*81bfc10defefd33ce627e03848afd4a1*
`登陆天数: 20天 / 671天
等级: 130
石头: 4074
呼符: 252
体力: 30.370000000000005 / 138
友情点: 0 / 366400`
_2024-06-27 04:42:40_
--------
*c7926b8c584eeca611fff54168dbacf0*
`登陆天数: 20天 / 671天
等级: 130
石头: 4076
呼符: 276
体力: 30.340000000000003 / 138
友情点: 0 / 367490`
_2024-06-27 04:42:47_
--------
*9c41e532b5b35509c4e205e5f6d71516*
`登陆天数: 20天 / 671天
等级: 130
石头: 4089
呼符: 322
体力: 30.313333333333333 / 138
友情点: 0 / 367385`
_2024-06-27 04:42:55_
--------
*5260047b3ad76138031db245436cefac*
`登陆天数: 20天 / 672天
等级: 130
石头: 4064
呼符: 310
体力: 30.28666666666666 / 138
友情点: 0 / 365155`
_2024-06-27 04:43:03_
--------
*83ecba44fc600de9d766730ec961be45*
`登陆天数: 20天 / 672天
等级: 130
石头: 4093
呼符: 216
体力: 30.260000000000005 / 138
友情点: 0 / 366110`
_2024-06-27 04:43:11_
--------
*9ff904b87e4941c2dc6354cee5594ba0*
`登陆天数: 20天 / 671天
等级: 130
石头: 4070
呼符: 247
体力: 30.233333333333334 / 138
友情点: 0 / 366110`
_2024-06-27 04:43:19_
--------
*575718672d8ebb23a6a368d5950ea3f9*
`登陆天数: 20天 / 671天
等级: 130
石头: 4087
呼符: 315
体力: 30.203333333333333 / 138
友情点: 0 / 366430`
_2024-06-27 04:43:27_
--------
*a2d701ff4c15c728056da94e68b57ae2*
`登陆天数: 35天 / 673天
等级: 130
石头: 4074
呼符: 330
体力: 32.769999999999996 / 138
友情点: 0 / 370890`
_2024-06-27 04:43:35_
--------
