【登录信息】
*3fdba2c5f00025dda579a913c60ea513*
`登陆天数: 22天 / 673天
等级: 130
石头: 4102
呼符: 335
体力: 30.573333333333338 / 138
友情点: 0 / 354725`
_2024-06-29 04:33:57_
--------
*da60cce66253dbd8e346f74e0f8d6529*
`登陆天数: 22天 / 674天
等级: 130
石头: 4110
呼符: 318
体力: 30.543333333333337 / 138
友情点: 0 / 356100`
_2024-06-29 04:34:05_
--------
*18814a262eb2305d76cdd73e940b0200*
`登陆天数: 22天 / 673天
等级: 130
石头: 4098
呼符: 223
体力: 30.516666666666666 / 138
友情点: 0 / 362305`
_2024-06-29 04:34:12_
--------
*03d5478dd7def7e2cbc7d4e5520dc0b7*
`登陆天数: 22天 / 674天
等级: 130
石头: 4119
呼符: 313
体力: 30.489999999999995 / 138
友情点: 0 / 358005`
_2024-06-29 04:34:20_
--------
*be234d0b7e1e5a857742866fc7b07a83*
`登陆天数: 22天 / 674天
等级: 130
石头: 4110
呼符: 39
体力: 30.46333333333334 / 138
友情点: 0 / 393650`
_2024-06-29 04:34:28_
--------
*4566ac8b3f1bd3b8b9365cdeb8d202fa*
`登陆天数: 22天 / 674天
等级: 130
石头: 4050
呼符: 269
体力: 30.433333333333337 / 138
友情点: 0 / 358890`
_2024-06-29 04:34:36_
--------
*3bf566d061a3eba5cf40d541daf6eba0*
`登陆天数: 22天 / 674天
等级: 130
石头: 4113
呼符: 316
体力: 30.406666666666666 / 138
友情点: 0 / 356095`
_2024-06-29 04:34:44_
--------
*7f5dd9bb7f0e2b710dc362ba9c47bdaf*
`登陆天数: 22天 / 673天
等级: 130
石头: 4103
呼符: 330
体力: 30.379999999999995 / 138
友情点: 0 / 355555`
_2024-06-29 04:34:51_
--------
*2c808dffc62a12a23571f635ec6b0c75*
`登陆天数: 22天 / 673天
等级: 130
石头: 4089
呼符: 188
体力: 30.35333333333334 / 138
友情点: 0 / 357625`
_2024-06-29 04:34:59_
--------
*6e8fc3fc5680765849f7c7c4a9c2fd19*
`登陆天数: 22天 / 674天
等级: 130
石头: 4112
呼符: 336
体力: 30.326666666666668 / 138
友情点: 0 / 356925`
_2024-06-29 04:35:07_
--------
*1e79ec2a138d2732b231e928549209a8*
`登陆天数: 22天 / 673天
等级: 130
石头: 4090
呼符: 138
体力: 30.296666666666667 / 138
友情点: 0 / 380360`
_2024-06-29 04:35:15_
--------
*f597df4d52f38647122d8346570148e6*
`登陆天数: 22天 / 674天
等级: 130
石头: 4094
呼符: 221
体力: 30.273333333333326 / 138
友情点: 0 / 359955`
_2024-06-29 04:35:23_
--------
*5a4fbb2687b49571d8909cc29d80c8d3*
`登陆天数: 22天 / 673天
等级: 130
石头: 4108
呼符: 130
体力: 30.24666666666667 / 138
友情点: 0 / 388390`
_2024-06-29 04:35:30_
--------
*d8c8e287f3f93a7464029398313a3432*
`登陆天数: 22天 / 673天
等级: 130
石头: 4094
呼符: 328
体力: 30.22333333333333 / 138
友情点: 0 / 356660`
_2024-06-29 04:35:38_
--------
*60ea15c6e0ebdf27d96f7f10cdbee1ee*
`登陆天数: 22天 / 673天
等级: 130
石头: 4104
呼符: 182
体力: 30.196666666666673 / 138
友情点: 0 / 376560`
_2024-06-29 04:35:46_
--------
*7bc2aa65a4b5f92b29225d89d6a332d2*
`登陆天数: 22天 / 674天
等级: 130
石头: 4106
呼符: 216
体力: 30.17 / 138
友情点: 0 / 359945`
_2024-06-29 04:35:54_
--------
*34920cf09fea1f69f794416a0f39d3e7*
`登陆天数: 22天 / 673天
等级: 130
石头: 4094
呼符: 238
体力: 30.150000000000006 / 138
友情点: 0 / 360930`
_2024-06-29 04:36:02_
--------
*27f46d4ae5df5d41759c532579ea6261*
`登陆天数: 22天 / 673天
等级: 130
石头: 4111
呼符: 102
体力: 30.123333333333335 / 138
友情点: 0 / 376820`
_2024-06-29 04:36:10_
--------
*66714f5930d6634bd9f26106b93d4364*
`登陆天数: 22天 / 673天
等级: 130
石头: 4104
呼符: 328
体力: 30.099999999999994 / 138
友情点: 0 / 357030`
_2024-06-29 04:36:17_
--------
*dbb170460e91580b341a3f1c6493a326*
`登陆天数: 22天 / 674天
等级: 130
石头: 4109
呼符: 287
体力: 30.069999999999993 / 138
友情点: 0 / 358060`
_2024-06-29 04:36:25_
--------
*c751f06233300594fac5f4b31ee91c6b*
`登陆天数: 22天 / 673天
等级: 130
石头: 4113
呼符: 153
体力: 30.040000000000006 / 138
友情点: 0 / 380125`
_2024-06-29 04:36:33_
--------
*2d5640b611ac848e184ae56b9f4cecda*
`登陆天数: 22天 / 674天
等级: 130
石头: 4096
呼符: 307
体力: 30.016666666666666 / 138
友情点: 0 / 356565`
_2024-06-29 04:36:40_
--------
*25341b97612b196f12e2ca665c9853c4*
`登陆天数: 22天 / 673天
等级: 130
石头: 4104
呼符: 329
体力: 29.986666666666665 / 138
友情点: 0 / 356440`
_2024-06-29 04:36:48_
--------
*a622df33b2381b40390c58680ba3af84*
`登陆天数: 22天 / 674天
等级: 130
石头: 4109
呼符: 288
体力: 29.959999999999994 / 138
友情点: 0 / 356785`
_2024-06-29 04:36:56_
--------
*30e9724d24c2525d9141ec788ebb78f3*
`登陆天数: 22天 / 674天
等级: 130
石头: 4109
呼符: 280
体力: 29.930000000000007 / 138
友情点: 0 / 356205`
_2024-06-29 04:37:03_
--------
*acdd634d76cb18780772997c9b7faed3*
`登陆天数: 22天 / 674天
等级: 130
石头: 4094
呼符: 219
体力: 29.903333333333336 / 138
友情点: 0 / 365685`
_2024-06-29 04:37:11_
--------
*05029aa47c8d24f5cb5177a640ae7f95*
`登陆天数: 22天 / 674天
等级: 130
石头: 4092
呼符: 181
体力: 29.876666666666665 / 138
友情点: 0 / 370555`
_2024-06-29 04:37:19_
--------
*585e3459b862732d0481950e99a3d5d9*
`登陆天数: 22天 / 674天
等级: 130
石头: 4107
呼符: 44
体力: 29.85333333333334 / 138
友情点: 0 / 391130`
_2024-06-29 04:37:27_
--------
*c0fa7c5a894f587da17f072179baf3f0*
`登陆天数: 22天 / 673天
等级: 130
石头: 4094
呼符: 38
体力: 29.826666666666668 / 138
友情点: 0 / 390250`
_2024-06-29 04:37:35_
--------
*9c96aed585d80fe5ec949b3f3323f72a*
`登陆天数: 22天 / 673天
等级: 130
石头: 4104
呼符: 130
体力: 29.799999999999997 / 138
友情点: 0 / 383725`
_2024-06-29 04:37:42_
--------
*bd775ddaa4fc303f73b4b11acee8e3cb*
`登陆天数: 22天 / 673天
等级: 130
石头: 4113
呼符: 278
体力: 29.78 / 138
友情点: 0 / 360080`
_2024-06-29 04:37:50_
--------
*769b35637fdb5bdbfc98640dea0af385*
`登陆天数: 22天 / 674天
等级: 130
石头: 4108
呼符: 246
体力: 29.75 / 138
友情点: 0 / 370520`
_2024-06-29 04:37:58_
--------
*ffeba13220583f1c68d1776049c8a453*
`登陆天数: 22天 / 673天
等级: 130
石头: 4093
呼符: 332
体力: 29.726666666666674 / 138
友情点: 0 / 356340`
_2024-06-29 04:38:06_
--------
*372e6da6bb3dc5bce05342a8045a20ae*
`登陆天数: 22天 / 673天
等级: 130
石头: 4093
呼符: 38
体力: 29.700000000000003 / 138
友情点: 0 / 386035`
_2024-06-29 04:38:13_
--------
*82da978a061d7301f3a3aaffa2815ee5*
`登陆天数: 22天 / 673天
等级: 130
石头: 4099
呼符: 152
体力: 29.676666666666662 / 138
友情点: 0 / 371545`
_2024-06-29 04:38:21_
--------
*d16b3fd59ca36208c5b80332f39d126b*
`登陆天数: 22天 / 673天
等级: 130
石头: 4097
呼符: 106
体力: 29.653333333333336 / 138
友情点: 0 / 376755`
_2024-06-29 04:38:29_
--------
*4d316bf598657c85c540609418271f05*
`登陆天数: 22天 / 673天
等级: 130
石头: 4101
呼符: 329
体力: 29.626666666666665 / 138
友情点: 0 / 356555`
_2024-06-29 04:38:37_
--------
*c8cb05374732f15bdbdd63e862e47de0*
`登陆天数: 22天 / 674天
等级: 130
石头: 4084
呼符: 141
体力: 29.599999999999994 / 138
友情点: 0 / 372880`
_2024-06-29 04:38:44_
--------
*09289e08583c6b966fb2a8c320174075*
`登陆天数: 22天 / 674天
等级: 130
石头: 4097
呼符: 326
体力: 29.569999999999993 / 138
友情点: 0 / 355780`
_2024-06-29 04:38:52_
--------
*ea2bf78dcb2d0d62f1c5a7d9a98b5606*
`登陆天数: 22天 / 673天
等级: 130
石头: 4092
呼符: 312
体力: 29.543333333333337 / 138
友情点: 0 / 359555`
_2024-06-29 04:39:00_
--------
*ee9b77ab7dd1dfc97d0ce7ba62833a98*
`登陆天数: 22天 / 673天
等级: 130
石头: 4112
呼符: 115
体力: 29.52666666666667 / 138
友情点: 0 / 373490`
_2024-06-29 04:39:07_
--------
*61088cc40fd6b0bc6833933d28ed3de3*
`登陆天数: 22天 / 674天
等级: 130
石头: 4106
呼符: 39
体力: 29.50333333333333 / 138
友情点: 0 / 396845`
_2024-06-29 04:39:15_
--------
*81bfc10defefd33ce627e03848afd4a1*
`登陆天数: 22天 / 673天
等级: 130
石头: 4093
呼符: 253
体力: 29.480000000000004 / 138
友情点: 0 / 360400`
_2024-06-29 04:39:23_
--------
*c7926b8c584eeca611fff54168dbacf0*
`登陆天数: 22天 / 673天
等级: 130
石头: 4095
呼符: 277
体力: 29.456666666666663 / 138
友情点: 0 / 361490`
_2024-06-29 04:39:30_
--------
*9c41e532b5b35509c4e205e5f6d71516*
`登陆天数: 22天 / 673天
等级: 130
石头: 4108
呼符: 323
体力: 29.426666666666662 / 138
友情点: 0 / 357385`
_2024-06-29 04:39:38_
--------
*5260047b3ad76138031db245436cefac*
`登陆天数: 22天 / 674天
等级: 130
石头: 4083
呼符: 311
体力: 29.400000000000006 / 138
友情点: 0 / 359155`
_2024-06-29 04:39:45_
--------
*83ecba44fc600de9d766730ec961be45*
`登陆天数: 22天 / 674天
等级: 130
石头: 4112
呼符: 217
体力: 29.376666666666665 / 138
友情点: 0 / 366110`
_2024-06-29 04:39:53_
--------
*9ff904b87e4941c2dc6354cee5594ba0*
`登陆天数: 22天 / 673天
等级: 130
石头: 4089
呼符: 248
体力: 29.346666666666664 / 138
友情点: 0 / 360110`
_2024-06-29 04:40:01_
--------
*575718672d8ebb23a6a368d5950ea3f9*
`登陆天数: 22天 / 673天
等级: 130
石头: 4106
呼符: 316
体力: 29.323333333333338 / 138
友情点: 0 / 356430`
_2024-06-29 04:40:09_
--------
*a2d701ff4c15c728056da94e68b57ae2*
`登陆天数: 37天 / 675天
等级: 130
石头: 4094
呼符: 330
体力: 31.83333333333333 / 138
友情点: 0 / 360890`
_2024-06-29 04:40:17_
--------
