【登录信息】
*3fdba2c5f00025dda579a913c60ea513*
`登陆天数: 23天 / 674天
等级: 130
石头: 4103
呼符: 335
体力: 28.090000000000003 / 138
友情点: 0 / 348725`
_2024-06-30 04:21:40_
--------
*da60cce66253dbd8e346f74e0f8d6529*
`登陆天数: 23天 / 675天
等级: 130
石头: 4111
呼符: 318
体力: 28.056666666666672 / 138
友情点: 0 / 356100`
_2024-06-30 04:21:48_
--------
*18814a262eb2305d76cdd73e940b0200*
`登陆天数: 23天 / 674天
等级: 130
石头: 4099
呼符: 223
体力: 28.03 / 138
友情点: 0 / 362305`
_2024-06-30 04:21:57_
--------
*03d5478dd7def7e2cbc7d4e5520dc0b7*
`登陆天数: 23天 / 675天
等级: 130
石头: 4120
呼符: 313
体力: 28.00333333333333 / 138
友情点: 0 / 356005`
_2024-06-30 04:22:05_
--------
*be234d0b7e1e5a857742866fc7b07a83*
`登陆天数: 23天 / 675天
等级: 130
石头: 4111
呼符: 39
体力: 27.976666666666674 / 138
友情点: 0 / 393650`
_2024-06-30 04:22:13_
--------
*4566ac8b3f1bd3b8b9365cdeb8d202fa*
`登陆天数: 23天 / 675天
等级: 130
石头: 4051
呼符: 269
体力: 27.943333333333328 / 138
友情点: 0 / 354890`
_2024-06-30 04:22:21_
--------
*3bf566d061a3eba5cf40d541daf6eba0*
`登陆天数: 23天 / 675天
等级: 130
石头: 4114
呼符: 316
体力: 27.909999999999997 / 138
友情点: 0 / 352095`
_2024-06-30 04:22:29_
--------
*7f5dd9bb7f0e2b710dc362ba9c47bdaf*
`登陆天数: 23天 / 674天
等级: 130
石头: 4104
呼符: 330
体力: 27.879999999999995 / 138
友情点: 0 / 349555`
_2024-06-30 04:22:38_
--------
*2c808dffc62a12a23571f635ec6b0c75*
`登陆天数: 23天 / 674天
等级: 130
石头: 4090
呼符: 188
体力: 27.849999999999994 / 138
友情点: 0 / 357625`
_2024-06-30 04:22:46_
--------
*6e8fc3fc5680765849f7c7c4a9c2fd19*
`登陆天数: 23天 / 675天
等级: 130
石头: 4113
呼符: 336
体力: 27.819999999999993 / 138
友情点: 0 / 350925`
_2024-06-30 04:22:55_
--------
*1e79ec2a138d2732b231e928549209a8*
`登陆天数: 23天 / 674天
等级: 130
石头: 4091
呼符: 138
体力: 27.790000000000006 / 138
友情点: 0 / 380360`
_2024-06-30 04:23:03_
--------
*f597df4d52f38647122d8346570148e6*
`登陆天数: 23天 / 675天
等级: 130
石头: 4095
呼符: 221
体力: 27.766666666666666 / 138
友情点: 0 / 359955`
_2024-06-30 04:23:11_
--------
*5a4fbb2687b49571d8909cc29d80c8d3*
`登陆天数: 23天 / 674天
等级: 130
石头: 4109
呼符: 130
体力: 27.736666666666665 / 138
友情点: 0 / 388390`
_2024-06-30 04:23:19_
--------
*d8c8e287f3f93a7464029398313a3432*
`登陆天数: 23天 / 674天
等级: 130
石头: 4095
呼符: 328
体力: 27.709999999999994 / 138
友情点: 0 / 354660`
_2024-06-30 04:23:27_
--------
*60ea15c6e0ebdf27d96f7f10cdbee1ee*
`登陆天数: 23天 / 674天
等级: 130
石头: 4105
呼符: 182
体力: 27.683333333333337 / 138
友情点: 0 / 376560`
_2024-06-30 04:23:36_
--------
*7bc2aa65a4b5f92b29225d89d6a332d2*
`登陆天数: 23天 / 675天
等级: 130
石头: 4107
呼符: 216
体力: 27.656666666666666 / 138
友情点: 0 / 359945`
_2024-06-30 04:23:44_
--------
*34920cf09fea1f69f794416a0f39d3e7*
`登陆天数: 23天 / 674天
等级: 130
石头: 4095
呼符: 238
体力: 27.626666666666665 / 138
友情点: 0 / 360930`
_2024-06-30 04:23:53_
--------
*27f46d4ae5df5d41759c532579ea6261*
`登陆天数: 23天 / 674天
等级: 130
石头: 4112
呼符: 102
体力: 27.599999999999994 / 138
友情点: 0 / 376820`
_2024-06-30 04:24:01_
--------
*66714f5930d6634bd9f26106b93d4364*
`登陆天数: 23天 / 674天
等级: 130
石头: 4105
呼符: 328
体力: 27.573333333333338 / 138
友情点: 0 / 351030`
_2024-06-30 04:24:09_
--------
*dbb170460e91580b341a3f1c6493a326*
`登陆天数: 23天 / 675天
等级: 130
石头: 4110
呼符: 287
体力: 27.540000000000006 / 138
友情点: 0 / 358060`
_2024-06-30 04:24:17_
--------
*c751f06233300594fac5f4b31ee91c6b*
`登陆天数: 23天 / 674天
等级: 130
石头: 4114
呼符: 153
体力: 27.513333333333335 / 138
友情点: 0 / 380125`
_2024-06-30 04:24:26_
--------
*2d5640b611ac848e184ae56b9f4cecda*
`登陆天数: 23天 / 675天
等级: 130
石头: 4097
呼符: 307
体力: 27.486666666666665 / 138
友情点: 0 / 354565`
_2024-06-30 04:24:34_
--------
*25341b97612b196f12e2ca665c9853c4*
`登陆天数: 23天 / 674天
等级: 130
石头: 4105
呼符: 329
体力: 27.459999999999994 / 138
友情点: 0 / 350440`
_2024-06-30 04:24:42_
--------
*a622df33b2381b40390c58680ba3af84*
`登陆天数: 23天 / 675天
等级: 130
石头: 4110
呼符: 288
体力: 27.430000000000007 / 138
友情点: 0 / 350785`
_2024-06-30 04:24:50_
--------
*30e9724d24c2525d9141ec788ebb78f3*
`登陆天数: 23天 / 675天
等级: 130
石头: 4110
呼符: 280
体力: 27.400000000000006 / 138
友情点: 0 / 354205`
_2024-06-30 04:24:59_
--------
*acdd634d76cb18780772997c9b7faed3*
`登陆天数: 23天 / 675天
等级: 130
石头: 4095
呼符: 219
体力: 27.376666666666665 / 138
友情点: 0 / 365685`
_2024-06-30 04:25:07_
--------
*05029aa47c8d24f5cb5177a640ae7f95*
`登陆天数: 23天 / 675天
等级: 130
石头: 4093
呼符: 181
体力: 27.346666666666664 / 138
友情点: 0 / 370555`
_2024-06-30 04:25:15_
--------
*585e3459b862732d0481950e99a3d5d9*
`登陆天数: 23天 / 675天
等级: 130
石头: 4108
呼符: 44
体力: 27.319999999999993 / 138
友情点: 0 / 391130`
_2024-06-30 04:25:23_
--------
*c0fa7c5a894f587da17f072179baf3f0*
`登陆天数: 23天 / 674天
等级: 130
石头: 4095
呼符: 38
体力: 27.293333333333337 / 138
友情点: 0 / 390250`
_2024-06-30 04:25:32_
--------
*9c96aed585d80fe5ec949b3f3323f72a*
`登陆天数: 23天 / 674天
等级: 130
石头: 4105
呼符: 130
体力: 27.266666666666666 / 138
友情点: 0 / 383725`
_2024-06-30 04:25:40_
--------
*bd775ddaa4fc303f73b4b11acee8e3cb*
`登陆天数: 23天 / 674天
等级: 130
石头: 4114
呼符: 278
体力: 27.239999999999995 / 138
友情点: 0 / 360080`
_2024-06-30 04:25:48_
--------
*769b35637fdb5bdbfc98640dea0af385*
`登陆天数: 23天 / 675天
等级: 130
石头: 4109
呼符: 246
体力: 27.21333333333334 / 138
友情点: 0 / 370520`
_2024-06-30 04:25:57_
--------
*ffeba13220583f1c68d1776049c8a453*
`登陆天数: 23天 / 674天
等级: 130
石头: 4094
呼符: 332
体力: 27.189999999999998 / 138
友情点: 0 / 350340`
_2024-06-30 04:26:05_
--------
*372e6da6bb3dc5bce05342a8045a20ae*
`登陆天数: 23天 / 674天
等级: 130
石头: 4094
呼符: 38
体力: 27.159999999999997 / 138
友情点: 0 / 386035`
_2024-06-30 04:26:13_
--------
*82da978a061d7301f3a3aaffa2815ee5*
`登陆天数: 23天 / 674天
等级: 130
石头: 4100
呼符: 152
体力: 27.13333333333334 / 138
友情点: 0 / 371545`
_2024-06-30 04:26:21_
--------
*d16b3fd59ca36208c5b80332f39d126b*
`登陆天数: 23天 / 674天
等级: 130
石头: 4098
呼符: 106
体力: 27.10666666666667 / 138
友情点: 0 / 376755`
_2024-06-30 04:26:30_
--------
*4d316bf598657c85c540609418271f05*
`登陆天数: 23天 / 674天
等级: 130
石头: 4102
呼符: 329
体力: 27.08333333333333 / 138
友情点: 0 / 356555`
_2024-06-30 04:26:38_
--------
*c8cb05374732f15bdbdd63e862e47de0*
`登陆天数: 23天 / 675天
等级: 130
石头: 4085
呼符: 141
体力: 27.056666666666672 / 138
友情点: 0 / 372880`
_2024-06-30 04:26:46_
--------
*09289e08583c6b966fb2a8c320174075*
`登陆天数: 23天 / 675天
等级: 130
石头: 4098
呼符: 326
体力: 27.03 / 138
友情点: 0 / 349780`
_2024-06-30 04:26:54_
--------
*ea2bf78dcb2d0d62f1c5a7d9a98b5606*
`登陆天数: 23天 / 674天
等级: 130
石头: 4093
呼符: 312
体力: 27.00333333333333 / 138
友情点: 0 / 355555`
_2024-06-30 04:27:03_
--------
*ee9b77ab7dd1dfc97d0ce7ba62833a98*
`登陆天数: 23天 / 674天
等级: 130
石头: 4113
呼符: 115
体力: 26.976666666666674 / 138
友情点: 0 / 373490`
_2024-06-30 04:27:11_
--------
*61088cc40fd6b0bc6833933d28ed3de3*
`登陆天数: 23天 / 675天
等级: 130
石头: 4107
呼符: 39
体力: 26.950000000000003 / 138
友情点: 0 / 396845`
_2024-06-30 04:27:20_
--------
*81bfc10defefd33ce627e03848afd4a1*
`登陆天数: 23天 / 674天
等级: 130
石头: 4094
呼符: 253
体力: 26.923333333333332 / 138
友情点: 0 / 360400`
_2024-06-30 04:27:28_
--------
*c7926b8c584eeca611fff54168dbacf0*
`登陆天数: 23天 / 674天
等级: 130
石头: 4096
呼符: 277
体力: 26.89333333333333 / 138
友情点: 0 / 361490`
_2024-06-30 04:27:36_
--------
*9c41e532b5b35509c4e205e5f6d71516*
`登陆天数: 23天 / 674天
等级: 130
石头: 4109
呼符: 323
体力: 26.873333333333335 / 138
友情点: 0 / 351385`
_2024-06-30 04:27:44_
--------
*5260047b3ad76138031db245436cefac*
`登陆天数: 23天 / 675天
等级: 130
石头: 4084
呼符: 311
体力: 26.840000000000003 / 138
友情点: 0 / 359155`
_2024-06-30 04:27:52_
--------
*83ecba44fc600de9d766730ec961be45*
`登陆天数: 23天 / 675天
等级: 130
石头: 4113
呼符: 217
体力: 26.813333333333333 / 138
友情点: 0 / 366110`
_2024-06-30 04:28:00_
--------
*9ff904b87e4941c2dc6354cee5594ba0*
`登陆天数: 23天 / 674天
等级: 130
石头: 4090
呼符: 248
体力: 26.78666666666666 / 138
友情点: 0 / 360110`
_2024-06-30 04:28:09_
--------
*575718672d8ebb23a6a368d5950ea3f9*
`登陆天数: 23天 / 674天
等级: 130
石头: 4107
呼符: 316
体力: 26.763333333333335 / 138
友情点: 0 / 350430`
_2024-06-30 04:28:17_
--------
*a2d701ff4c15c728056da94e68b57ae2*
`登陆天数: 38天 / 676天
等级: 130
石头: 4094
呼符: 330
体力: 29.423333333333332 / 138
友情点: 0 / 354890`
_2024-06-30 04:28:25_
--------
